hello world
######### Send one Command ###########
###### READ PUMP MODEL #####
INFO:carelink.io:crc stuff
INFO:carelink.io:[1, 0, 167, 1, 32, 101, 37, 128, 0, 0, 2, 1, 0, 141]
INFO:carelink.io:0000   0x01 0x00 0xa7 0x01 0x20 0x65 0x25 0x80   .... e%.
0008   0x00 0x00 0x02 0x01 0x00 0x8d   ......
0000   0x01 0x00 0xa7 0x01 0x20 0x65 0x25 0x80   .... e%.
0008   0x00 0x00 0x02 0x01 0x00 0x8d 0x35 0x00   ......5.
0010   0x00 0x00                  ..
INFO:carelink.io:usb.write.len: 18
0000   0x01 0x00 0xa7 0x01 0x20 0x65 0x25 0x80   .... e%.
0008   0x00 0x00 0x02 0x01 0x00 0x8d 0x35 0x00   ......5.
0010   0x00 0x00                  ..
INFO:carelink.io:usb.read.len: 64
INFO:carelink.io:usb.read.raw: 
0000   0x01 0x55 0x00 0x00 0x02 0x00 0x00 0x00   .U......
0008   0x05 0x04 0x00 0x25 0xa2 0x03 0x35 0x31   ...%..51
0010   0x32 0x00 0x00 0x00 0x00 0x00 0x00 0x00   2.......
0018   0x00 0x00 0x00 0x00 0x00 0x00 0x00 0x00   ........
0020   0x00 0x00 0x00 0x00 0x00 0x00 0x00 0x00   ........
0028   0x00 0x00 0x00 0x00 0x00 0x00 0x00 0x00   ........
0030   0x00 0x00 0x00 0x00 0x00 0x00 0x00 0x00   ........
0038   0x00 0x00 0x00 0x00 0x00 0x00 0x00 0xb8   ........
### GOT RESPONSE ####
0000   0x01 0x55 0x00 0x00 0x02 0x00 0x00 0x00   .U......
0008   0x05 0x04 0x00 0x25 0xa2 0x03 0x35 0x31   ...%..51
0010   0x32 0x00 0x00 0x00 0x00 0x00 0x00 0x00   2.......
0018   0x00 0x00 0x00 0x00 0x00 0x00 0x00 0x00   ........
0020   0x00 0x00 0x00 0x00 0x00 0x00 0x00 0x00   ........
0028   0x00 0x00 0x00 0x00 0x00 0x00 0x00 0x00   ........
0030   0x00 0x00 0x00 0x00 0x00 0x00 0x00 0x00   ........
0038   0x00 0x00 0x00 0x00 0x00 0x00 0x00 0xb8   ........
MODEL NUMBER: 512
Checking status first...
INFO:carelink.io:carelink.command: <USBStatus:code=[3], label=usb.status, info=None>
0000   0x03                       .
INFO:carelink.io:usb.write.len: 1
0000   0x03                       .
INFO:carelink.io:usb.read.len: 64
INFO:carelink.io:usb.read.raw: 
0000   0x01 0x55 0x00 0x00 0x02 0x00 0x00 0x00   .U......
0008   0x05 0x04 0x00 0x25 0xa2 0x03 0x35 0x31   ...%..51
0010   0x32 0x00 0x00 0x00 0x00 0x00 0x00 0x00   2.......
0018   0x00 0x00 0x00 0x00 0x00 0x00 0x00 0x00   ........
0020   0x00 0x00 0x00 0x00 0x00 0x00 0x00 0x00   ........
0028   0x00 0x00 0x00 0x00 0x00 0x00 0x00 0x00   ........
0030   0x00 0x00 0x00 0x00 0x00 0x00 0x00 0x00   ........
0038   0x00 0x00 0x00 0x00 0x00 0x00 0x00 0xb8   ........
0
{'error.fatal': 0,
 'rfBytesAvailable': 1024,
 'status': <CarelinkComStatus:raw=5:flags={'interface.error': 0, 'receiving.complete': True, 'receiving.progress': 0, 'transmit.progress': True, 'error.receiving.overflow': 0, 'error.transmit.overflow': 0}>}
Try resetting radio?...
INFO:carelink.io:usb.write.len: 5
0000   0x0c 0x00 0x00 0x40 0xe0   ...@.
INFO:carelink.io:usb.read.len: 64
INFO:carelink.io:usb.read.raw: 
0000   0x01 0x55 0x00 0x00 0x02 0x00 0x00 0x00   .U......
0008   0x05 0x04 0x00 0x25 0xa2 0x03 0x35 0x31   ...%..51
0010   0x32 0x00 0x00 0x00 0x00 0x00 0x00 0x00   2.......
0018   0x00 0x00 0x00 0x00 0x00 0x00 0x00 0x00   ........
0020   0x00 0x00 0x00 0x00 0x00 0x00 0x00 0x00   ........
0028   0x00 0x00 0x00 0x00 0x00 0x00 0x00 0x00   ........
0030   0x00 0x00 0x00 0x00 0x00 0x00 0x00 0x00   ........
0038   0x00 0x00 0x00 0x00 0x00 0x00 0x00 0xb8   ........
0000   0x01 0x55 0x00 0x00 0x02 0x00 0x00 0x00   .U......
0008   0x05 0x04 0x00 0x25 0xa2 0x03 0x35 0x31   ...%..51
0010   0x32 0x00 0x00 0x00 0x00 0x00 0x00 0x00   2.......
0018   0x00 0x00 0x00 0x00 0x00 0x00 0x00 0x00   ........
0020   0x00 0x00 0x00 0x00 0x00 0x00 0x00 0x00   ........
0028   0x00 0x00 0x00 0x00 0x00 0x00 0x00 0x00   ........
0030   0x00 0x00 0x00 0x00 0x00 0x00 0x00 0x00   ........
0038   0x00 0x00 0x00 0x00 0x00 0x00 0x00 0xb8   ........
INFO:carelink.io:usb.write.len: 5
0000   0x0c 0x00 0x00 0x40 0xe0   ...@.
INFO:carelink.io:usb.read.len: 64
INFO:carelink.io:usb.read.raw: 
0000   0x01 0x66 0x02 0x00 0x02 0x00 0x00 0x00   .f......
0008   0x05 0x04 0x00 0x25 0xa2 0x03 0x35 0x31   ...%..51
0010   0x32 0x00 0x00 0x00 0x00 0x00 0x00 0x00   2.......
0018   0x00 0x00 0x00 0x00 0x00 0x00 0x00 0x00   ........
0020   0x00 0x00 0x00 0x00 0x00 0x00 0x00 0x00   ........
0028   0x00 0x00 0x00 0x00 0x00 0x00 0x00 0x00   ........
0030   0x00 0x00 0x00 0x00 0x00 0x00 0x00 0x00   ........
0038   0x00 0x00 0x00 0x00 0x00 0x00 0x00 0xb8   ........
0000   0x01 0x66 0x02 0x00 0x02 0x00 0x00 0x00   .f......
0008   0x05 0x04 0x00 0x25 0xa2 0x03 0x35 0x31   ...%..51
0010   0x32 0x00 0x00 0x00 0x00 0x00 0x00 0x00   2.......
0018   0x00 0x00 0x00 0x00 0x00 0x00 0x00 0x00   ........
0020   0x00 0x00 0x00 0x00 0x00 0x00 0x00 0x00   ........
0028   0x00 0x00 0x00 0x00 0x00 0x00 0x00 0x00   ........
0030   0x00 0x00 0x00 0x00 0x00 0x00 0x00 0x00   ........
0038   0x00 0x00 0x00 0x00 0x00 0x00 0x00 0xb8   ........
INFO:carelink.io:usb.write.len: 5
0000   0x0c 0x00 0x00 0x40 0xe0   ...@.
INFO:carelink.io:usb.read.len: 64
INFO:carelink.io:usb.read.raw: 
0000   0x01 0x66 0x02 0x00 0x02 0x00 0x00 0x00   .f......
0008   0x05 0x04 0x00 0x25 0xa2 0x03 0x35 0x31   ...%..51
0010   0x32 0x00 0x00 0x00 0x00 0x00 0x00 0x00   2.......
0018   0x00 0x00 0x00 0x00 0x00 0x00 0x00 0x00   ........
0020   0x00 0x00 0x00 0x00 0x00 0x00 0x00 0x00   ........
0028   0x00 0x00 0x00 0x00 0x00 0x00 0x00 0x00   ........
0030   0x00 0x00 0x00 0x00 0x00 0x00 0x00 0x00   ........
0038   0x00 0x00 0x00 0x00 0x00 0x00 0x00 0xb8   ........
0000   0x01 0x66 0x02 0x00 0x02 0x00 0x00 0x00   .f......
0008   0x05 0x04 0x00 0x25 0xa2 0x03 0x35 0x31   ...%..51
0010   0x32 0x00 0x00 0x00 0x00 0x00 0x00 0x00   2.......
0018   0x00 0x00 0x00 0x00 0x00 0x00 0x00 0x00   ........
0020   0x00 0x00 0x00 0x00 0x00 0x00 0x00 0x00   ........
0028   0x00 0x00 0x00 0x00 0x00 0x00 0x00 0x00   ........
0030   0x00 0x00 0x00 0x00 0x00 0x00 0x00 0x00   ........
0038   0x00 0x00 0x00 0x00 0x00 0x00 0x00 0xb8   ........
INFO:carelink.io:carelink.command: <USBStatus:code=[3], label=usb.status, info=None>
0000   0x03                       .
INFO:carelink.io:usb.write.len: 1
0000   0x03                       .
INFO:carelink.io:usb.read.len: 64
INFO:carelink.io:usb.read.raw: 
0000   0x01 0x66 0x02 0x00 0x02 0x00 0x00 0x00   .f......
0008   0x05 0x04 0x00 0x25 0xa2 0x03 0x35 0x31   ...%..51
0010   0x32 0x00 0x00 0x00 0x00 0x00 0x00 0x00   2.......
0018   0x00 0x00 0x00 0x00 0x00 0x00 0x00 0x00   ........
0020   0x00 0x00 0x00 0x00 0x00 0x00 0x00 0x00   ........
0028   0x00 0x00 0x00 0x00 0x00 0x00 0x00 0x00   ........
0030   0x00 0x00 0x00 0x00 0x00 0x00 0x00 0x00   ........
0038   0x00 0x00 0x00 0x00 0x00 0x00 0x00 0xb8   ........
2
{'error.fatal': 0, 'rfBytesAvailable': 0, 'status': 0}
closing for real now
INFO:carelink.io:closing serial port
