hello world
######### Send one Command ###########
INFO:carelink.io:crc stuff
INFO:carelink.io:[1, 0, 167, 1, 32, 101, 37, 128, 0, 0, 2, 1, 0, 141]
INFO:carelink.io:0000   0x01 0x00 0xa7 0x01 0x20 0x65 0x25 0x80   .... e%.
0008   0x00 0x00 0x02 0x01 0x00 0x8d   ......
0000   0x01 0x00 0xa7 0x01 0x20 0x65 0x25 0x80   .... e%.
0008   0x00 0x00 0x02 0x01 0x00 0x8d 0x35   ......5
INFO:carelink.io:usb.write.len: 15
0000   0x01 0x00 0xa7 0x01 0x20 0x65 0x25 0x80   .... e%.
0008   0x00 0x00 0x02 0x01 0x00 0x8d 0x35   ......5
INFO:carelink.io:usb.read.len: 64
INFO:carelink.io:usb.read.raw: 
0000   0x01 0x55 0x00 0x00 0x02 0x00 0x00 0x00   .U......
0008   0x05 0x04 0x00 0x6d 0x4c 0x69 0x6e 0x6b   ...mLink
0010   0x20 0x49 0x49 0x01 0x10 0x02 0x00 0x01    II.....
0018   0x01 0x03 0x00 0x00 0x00 0x00 0x00 0x00   ........
0020   0x00 0x00 0x00 0x00 0x00 0x00 0x00 0x00   ........
0028   0x00 0x00 0x00 0x00 0x00 0x00 0x00 0x00   ........
0030   0x00 0x00 0x00 0x00 0x00 0x00 0x00 0x00   ........
0038   0x00 0x00 0x00 0x00 0x00 0x00 0x00 0x00   ........
### GOT RESPONSE ####
