hello world
loop:0
INFO:carelink.io:carelink.command: <USBStatus:code=[3], label=usb.status, info=None>
0000   0x03                       .
INFO:carelink.io:usb.write.len: 1
0000   0x03                       .
INFO:carelink.io:usb.read.len: 64
INFO:carelink.io:usb.read.raw: 
0000   0x01 0x55 0x00 0x00 0x02 0x00 0x00 0x00   .U......
0008   0x05 0x04 0x00 0x00 0x00 0x00 0x00 0x00   ........
0010   0x00 0x00 0x00 0x00 0x00 0x00 0x00 0x00   ........
0018   0x00 0x00 0x00 0x00 0x00 0x00 0x00 0x00   ........
0020   0x00 0x00 0x00 0x00 0x00 0x00 0x00 0x00   ........
0028   0x00 0x00 0x00 0x00 0x00 0x00 0x00 0x00   ........
0030   0x00 0x00 0x00 0x00 0x00 0x00 0x00 0x00   ........
0038   0x00 0x00 0x00 0x00 0x00 0x00 0x00 0x00   ........
INFO:carelink.io:initial bytes available: 1024
found length 1024
INFO:carelink.io:read total: 1024
INFO:carelink.io:remaining to read: 1024
INFO:carelink.io:usb.write.len: 5
0000   0x0c 0x00 0x00 0xfa 0x09   .....
INFO:carelink.io:usb.read.len: 64
INFO:carelink.io:usb.read.raw: 
0000   0x01 0x66 0x02 0x00 0x02 0x00 0x00 0x00   .f......
0008   0x05 0x04 0x00 0x00 0x00 0x00 0x00 0x00   ........
0010   0x00 0x00 0x00 0x00 0x00 0x00 0x00 0x00   ........
0018   0x00 0x00 0x00 0x00 0x00 0x00 0x00 0x00   ........
0020   0x00 0x00 0x00 0x00 0x00 0x00 0x00 0x00   ........
0028   0x00 0x00 0x00 0x00 0x00 0x00 0x00 0x00   ........
0030   0x00 0x00 0x00 0x00 0x00 0x00 0x00 0x00   ........
0038   0x00 0x00 0x00 0x00 0x00 0x00 0x00 0x00   ........
INFO:carelink.io:remaining to read: 960
INFO:carelink.io:usb.write.len: 5
0000   0x0c 0x00 0x00 0xfa 0x09   .....
INFO:carelink.io:usb.read.len: 64
INFO:carelink.io:usb.read.raw: 
0000   0x00 0x00 0x00 0x00 0x00 0x00 0x00 0x00   ........
0008   0x00 0x00 0x00 0x00 0x00 0x00 0x00 0x00   ........
0010   0x00 0x00 0x00 0x00 0x00 0x00 0x00 0x00   ........
0018   0x00 0x00 0x00 0x00 0x00 0x00 0x00 0x00   ........
0020   0x00 0x00 0x00 0x00 0x00 0x00 0x00 0x00   ........
0028   0x00 0x00 0x00 0x00 0x00 0x00 0x00 0x00   ........
0030   0x00 0x00 0x00 0x00 0x00 0x00 0x00 0x00   ........
0038   0x00 0x00 0x00 0x00 0x00 0x00 0x00 0x00   ........
INFO:carelink.io:remaining to read: 896
INFO:carelink.io:usb.write.len: 5
0000   0x0c 0x00 0x00 0xfa 0x09   .....
INFO:carelink.io:usb.read.len: 64
INFO:carelink.io:usb.read.raw: 
0000   0x00 0x00 0x00 0x00 0x00 0x00 0x00 0x00   ........
0008   0x00 0x00 0x00 0x00 0x00 0x00 0x00 0x00   ........
0010   0x00 0x00 0x00 0x00 0x00 0x00 0x00 0x00   ........
0018   0x00 0x00 0x00 0x00 0x00 0x00 0x00 0x00   ........
0020   0x00 0x00 0x00 0x00 0x00 0x00 0x00 0x00   ........
0028   0x00 0x00 0x00 0x00 0x00 0x00 0x00 0x00   ........
0030   0x00 0x00 0x00 0x00 0x00 0x00 0x00 0x00   ........
0038   0x00 0x00 0x00 0x00 0x00 0x00 0x00 0x00   ........
INFO:carelink.io:remaining to read: 832
INFO:carelink.io:usb.write.len: 5
0000   0x0c 0x00 0x00 0xfa 0x09   .....
INFO:carelink.io:usb.read.len: 64
INFO:carelink.io:usb.read.raw: 
0000   0x00 0x00 0x00 0x00 0x00 0x00 0x00 0x00   ........
0008   0x00 0x00 0x00 0x00 0x00 0x00 0x00 0x00   ........
0010   0x00 0x00 0x00 0x00 0x00 0x00 0x00 0x00   ........
0018   0x00 0x00 0x00 0x00 0x00 0x00 0x00 0x00   ........
0020   0x00 0x00 0x00 0x00 0x00 0x00 0x00 0x00   ........
0028   0x00 0x00 0x00 0x00 0x00 0x00 0x00 0x00   ........
0030   0x00 0x00 0x00 0x00 0x00 0x00 0x00 0x00   ........
0038   0x00 0x00 0x01 0x66 0x02 0x00 0x02 0x00   ...f....
INFO:carelink.io:remaining to read: 768
INFO:carelink.io:usb.write.len: 5
0000   0x0c 0x00 0x00 0xfa 0x09   .....
INFO:carelink.io:usb.read.len: 64
INFO:carelink.io:usb.read.raw: 
0000   0x00 0x00 0x05 0x04 0x00 0x00 0x00 0x00   ........
0008   0x00 0x00 0x00 0x00 0x00 0x00 0x00 0x00   ........
0010   0x00 0x00 0x00 0x00 0x00 0x00 0x00 0x00   ........
0018   0x00 0x00 0x00 0x00 0x00 0x00 0x00 0x00   ........
0020   0x00 0x00 0x00 0x00 0x00 0x00 0x00 0x00   ........
0028   0x00 0x00 0x00 0x00 0x00 0x00 0x00 0x00   ........
0030   0x00 0x00 0x00 0x00 0x00 0x00 0x00 0x00   ........
0038   0x00 0x00 0x00 0x00 0x00 0x00 0x00 0x00   ........
INFO:carelink.io:remaining to read: 704
INFO:carelink.io:usb.write.len: 5
0000   0x0c 0x00 0x00 0xfa 0x09   .....
INFO:carelink.io:usb.read.len: 64
INFO:carelink.io:usb.read.raw: 
0000   0x00 0x00 0x00 0x00 0x00 0x00 0x00 0x00   ........
0008   0x00 0x00 0x00 0x00 0x00 0x00 0x00 0x00   ........
0010   0x00 0x00 0x00 0x00 0x00 0x00 0x00 0x00   ........
0018   0x00 0x00 0x00 0x00 0x00 0x00 0x00 0x00   ........
0020   0x00 0x00 0x00 0x00 0x00 0x00 0x00 0x00   ........
0028   0x00 0x00 0x00 0x00 0x00 0x00 0x00 0x00   ........
0030   0x00 0x00 0x00 0x00 0x00 0x00 0x00 0x00   ........
0038   0x00 0x00 0x00 0x00 0x00 0x00 0x00 0x00   ........
INFO:carelink.io:remaining to read: 640
INFO:carelink.io:usb.write.len: 5
0000   0x0c 0x00 0x00 0xfa 0x09   .....
INFO:carelink.io:usb.read.len: 64
INFO:carelink.io:usb.read.raw: 
0000   0x00 0x00 0x00 0x00 0x00 0x00 0x00 0x00   ........
0008   0x00 0x00 0x00 0x00 0x00 0x00 0x00 0x00   ........
0010   0x00 0x00 0x00 0x00 0x00 0x00 0x00 0x00   ........
0018   0x00 0x00 0x00 0x00 0x00 0x00 0x00 0x00   ........
0020   0x00 0x00 0x00 0x00 0x00 0x00 0x00 0x00   ........
0028   0x00 0x00 0x00 0x00 0x00 0x00 0x00 0x00   ........
0030   0x00 0x00 0x00 0x00 0x00 0x00 0x00 0x00   ........
0038   0x00 0x00 0x00 0x00 0x00 0x00 0x00 0x00   ........
INFO:carelink.io:remaining to read: 576
INFO:carelink.io:usb.write.len: 5
0000   0x0c 0x00 0x00 0xfa 0x09   .....
INFO:carelink.io:usb.read.len: 64
INFO:carelink.io:usb.read.raw: 
0000   0x00 0x00 0x00 0x00 0x00 0x00 0x00 0x00   ........
0008   0x00 0x00 0x00 0x00 0x00 0x00 0x00 0x00   ........
0010   0x00 0x00 0x00 0x00 0x00 0x00 0x00 0x00   ........
0018   0x00 0x00 0x00 0x00 0x00 0x00 0x00 0x00   ........
0020   0x00 0x00 0x00 0x00 0x00 0x00 0x00 0x00   ........
0028   0x00 0x00 0x00 0x00 0x00 0x00 0x00 0x00   ........
0030   0x00 0x00 0x00 0x00 0x01 0x66 0x02 0x00   .....f..
0038   0x02 0x00 0x00 0x00 0x05 0x04 0x00 0x00   ........
INFO:carelink.io:remaining to read: 512
INFO:carelink.io:usb.write.len: 5
0000   0x0c 0x00 0x00 0xfa 0x09   .....
INFO:carelink.io:usb.read.len: 64
INFO:carelink.io:usb.read.raw: 
0000   0x00 0x00 0x00 0x00 0x00 0x00 0x00 0x00   ........
0008   0x00 0x00 0x00 0x00 0x00 0x00 0x00 0x00   ........
0010   0x00 0x00 0x00 0x00 0x00 0x00 0x00 0x00   ........
0018   0x00 0x00 0x00 0x00 0x00 0x00 0x00 0x00   ........
0020   0x00 0x00 0x00 0x00 0x00 0x00 0x00 0x00   ........
0028   0x00 0x00 0x00 0x00 0x00 0x00 0x00 0x00   ........
0030   0x00 0x00 0x00 0x00 0x00 0x00 0x00 0x00   ........
0038   0x00 0x00 0x00 0x00 0x00 0x00 0x00 0x00   ........
INFO:carelink.io:remaining to read: 448
INFO:carelink.io:usb.write.len: 5
0000   0x0c 0x00 0x00 0xfa 0x09   .....
INFO:carelink.io:usb.read.len: 64
INFO:carelink.io:usb.read.raw: 
0000   0x00 0x00 0x00 0x00 0x00 0x00 0x00 0x00   ........
0008   0x00 0x00 0x00 0x00 0x00 0x00 0x00 0x00   ........
0010   0x00 0x00 0x00 0x00 0x00 0x00 0x00 0x00   ........
0018   0x00 0x00 0x00 0x00 0x00 0x00 0x00 0x00   ........
0020   0x00 0x00 0x00 0x00 0x00 0x00 0x00 0x00   ........
0028   0x00 0x00 0x00 0x00 0x00 0x00 0x00 0x00   ........
0030   0x00 0x00 0x00 0x00 0x00 0x00 0x00 0x00   ........
0038   0x00 0x00 0x00 0x00 0x00 0x00 0x00 0x00   ........
INFO:carelink.io:remaining to read: 384
INFO:carelink.io:usb.write.len: 5
0000   0x0c 0x00 0x00 0xfa 0x09   .....
INFO:carelink.io:usb.read.len: 64
INFO:carelink.io:usb.read.raw: 
0000   0x00 0x00 0x00 0x00 0x00 0x00 0x00 0x00   ........
0008   0x00 0x00 0x00 0x00 0x00 0x00 0x00 0x00   ........
0010   0x00 0x00 0x00 0x00 0x00 0x00 0x00 0x00   ........
0018   0x00 0x00 0x00 0x00 0x00 0x00 0x00 0x00   ........
0020   0x00 0x00 0x00 0x00 0x00 0x00 0x00 0x00   ........
0028   0x00 0x00 0x00 0x00 0x00 0x00 0x00 0x00   ........
0030   0x00 0x00 0x00 0x00 0x00 0x00 0x00 0x00   ........
0038   0x00 0x00 0x00 0x00 0x00 0x00 0x00 0x00   ........
INFO:carelink.io:remaining to read: 320
INFO:carelink.io:usb.write.len: 5
0000   0x0c 0x00 0x00 0xfa 0x09   .....
INFO:carelink.io:usb.read.len: 64
INFO:carelink.io:usb.read.raw: 
0000   0x00 0x00 0x00 0x00 0x00 0x00 0x00 0x00   ........
0008   0x00 0x00 0x00 0x00 0x00 0x00 0x00 0x00   ........
0010   0x00 0x00 0x00 0x00 0x00 0x00 0x00 0x00   ........
0018   0x00 0x00 0x00 0x00 0x00 0x00 0x00 0x00   ........
0020   0x00 0x00 0x00 0x00 0x00 0x00 0x00 0x00   ........
0028   0x00 0x00 0x00 0x00 0x00 0x00 0x01 0x66   .......f
0030   0x02 0x00 0x02 0x00 0x00 0x00 0x05 0x04   ........
0038   0x00 0x00 0x00 0x00 0x00 0x00 0x00 0x00   ........
INFO:carelink.io:remaining to read: 256
INFO:carelink.io:usb.write.len: 5
0000   0x0c 0x00 0x00 0xfa 0x09   .....
INFO:carelink.io:usb.read.len: 64
INFO:carelink.io:usb.read.raw: 
0000   0x00 0x00 0x00 0x00 0x00 0x00 0x00 0x00   ........
0008   0x00 0x00 0x00 0x00 0x00 0x00 0x00 0x00   ........
0010   0x00 0x00 0x00 0x00 0x00 0x00 0x00 0x00   ........
0018   0x00 0x00 0x00 0x00 0x00 0x00 0x00 0x00   ........
0020   0x00 0x00 0x00 0x00 0x00 0x00 0x00 0x00   ........
0028   0x00 0x00 0x00 0x00 0x00 0x00 0x00 0x00   ........
0030   0x00 0x00 0x00 0x00 0x00 0x00 0x00 0x00   ........
0038   0x00 0x00 0x00 0x00 0x00 0x00 0x00 0x00   ........
INFO:carelink.io:remaining to read: 192
INFO:carelink.io:usb.write.len: 5
0000   0x0c 0x00 0x00 0xfa 0x09   .....
INFO:carelink.io:usb.read.len: 64
INFO:carelink.io:usb.read.raw: 
0000   0x00 0x00 0x00 0x00 0x00 0x00 0x00 0x00   ........
0008   0x00 0x00 0x00 0x00 0x00 0x00 0x00 0x00   ........
0010   0x00 0x00 0x00 0x00 0x00 0x00 0x00 0x00   ........
0018   0x00 0x00 0x00 0x00 0x00 0x00 0x00 0x00   ........
0020   0x00 0x00 0x00 0x00 0x00 0x00 0x00 0x00   ........
0028   0x00 0x00 0x00 0x00 0x00 0x00 0x00 0x00   ........
0030   0x00 0x00 0x00 0x00 0x00 0x00 0x00 0x00   ........
0038   0x00 0x00 0x00 0x00 0x00 0x00 0x00 0x00   ........
INFO:carelink.io:remaining to read: 128
INFO:carelink.io:usb.write.len: 5
0000   0x0c 0x00 0x00 0xfa 0x09   .....
INFO:carelink.io:usb.read.len: 64
INFO:carelink.io:usb.read.raw: 
0000   0x00 0x00 0x00 0x00 0x00 0x00 0x00 0x00   ........
0008   0x00 0x00 0x00 0x00 0x00 0x00 0x00 0x00   ........
0010   0x00 0x00 0x00 0x00 0x00 0x00 0x00 0x00   ........
0018   0x00 0x00 0x00 0x00 0x00 0x00 0x00 0x00   ........
0020   0x00 0x00 0x00 0x00 0x00 0x00 0x00 0x00   ........
0028   0x00 0x00 0x00 0x00 0x00 0x00 0x00 0x00   ........
0030   0x00 0x00 0x00 0x00 0x00 0x00 0x00 0x00   ........
0038   0x00 0x00 0x00 0x00 0x00 0x00 0x00 0x00   ........
INFO:carelink.io:remaining to read: 64
INFO:carelink.io:usb.write.len: 5
0000   0x0c 0x00 0x00 0xfa 0x09   .....
INFO:carelink.io:usb.read.len: 64
INFO:carelink.io:usb.read.raw: 
0000   0x00 0x00 0x00 0x00 0x00 0x00 0x00 0x00   ........
0008   0x00 0x00 0x00 0x00 0x00 0x00 0x00 0x00   ........
0010   0x00 0x00 0x00 0x00 0x00 0x00 0x00 0x00   ........
0018   0x00 0x00 0x00 0x00 0x00 0x00 0x00 0x00   ........
0020   0x00 0x00 0x00 0x00 0x00 0x00 0x00 0x00   ........
0028   0x01 0x66 0x02 0x00 0x02 0x00 0x00 0x00   .f......
0030   0x05 0x04 0x00 0x00 0x00 0x00 0x00 0x00   ........
0038   0x00 0x00 0x00 0x00 0x00 0x00 0x00 0x00   ........
0000   0x01 0x66 0x02 0x00 0x02 0x00 0x00 0x00   .f......
0008   0x05 0x04 0x00 0x00 0x00 0x00 0x00 0x00   ........
0010   0x00 0x00 0x00 0x00 0x00 0x00 0x00 0x00   ........
0018   0x00 0x00 0x00 0x00 0x00 0x00 0x00 0x00   ........
0020   0x00 0x00 0x00 0x00 0x00 0x00 0x00 0x00   ........
0028   0x00 0x00 0x00 0x00 0x00 0x00 0x00 0x00   ........
0030   0x00 0x00 0x00 0x00 0x00 0x00 0x00 0x00   ........
0038   0x00 0x00 0x00 0x00 0x00 0x00 0x00 0x00   ........
0040   0x00 0x00 0x00 0x00 0x00 0x00 0x00 0x00   ........
0048   0x00 0x00 0x00 0x00 0x00 0x00 0x00 0x00   ........
0050   0x00 0x00 0x00 0x00 0x00 0x00 0x00 0x00   ........
0058   0x00 0x00 0x00 0x00 0x00 0x00 0x00 0x00   ........
0060   0x00 0x00 0x00 0x00 0x00 0x00 0x00 0x00   ........
0068   0x00 0x00 0x00 0x00 0x00 0x00 0x00 0x00   ........
0070   0x00 0x00 0x00 0x00 0x00 0x00 0x00 0x00   ........
0078   0x00 0x00 0x00 0x00 0x00 0x00 0x00 0x00   ........
0080   0x00 0x00 0x00 0x00 0x00 0x00 0x00 0x00   ........
0088   0x00 0x00 0x00 0x00 0x00 0x00 0x00 0x00   ........
0090   0x00 0x00 0x00 0x00 0x00 0x00 0x00 0x00   ........
0098   0x00 0x00 0x00 0x00 0x00 0x00 0x00 0x00   ........
00A0   0x00 0x00 0x00 0x00 0x00 0x00 0x00 0x00   ........
00A8   0x00 0x00 0x00 0x00 0x00 0x00 0x00 0x00   ........
00B0   0x00 0x00 0x00 0x00 0x00 0x00 0x00 0x00   ........
00B8   0x00 0x00 0x00 0x00 0x00 0x00 0x00 0x00   ........
00C0   0x00 0x00 0x00 0x00 0x00 0x00 0x00 0x00   ........
00C8   0x00 0x00 0x00 0x00 0x00 0x00 0x00 0x00   ........
00D0   0x00 0x00 0x00 0x00 0x00 0x00 0x00 0x00   ........
00D8   0x00 0x00 0x00 0x00 0x00 0x00 0x00 0x00   ........
00E0   0x00 0x00 0x00 0x00 0x00 0x00 0x00 0x00   ........
00E8   0x00 0x00 0x00 0x00 0x00 0x00 0x00 0x00   ........
00F0   0x00 0x00 0x00 0x00 0x00 0x00 0x00 0x00   ........
00F8   0x00 0x00 0x01 0x66 0x02 0x00 0x02 0x00   ...f....
0100   0x00 0x00 0x05 0x04 0x00 0x00 0x00 0x00   ........
0108   0x00 0x00 0x00 0x00 0x00 0x00 0x00 0x00   ........
0110   0x00 0x00 0x00 0x00 0x00 0x00 0x00 0x00   ........
0118   0x00 0x00 0x00 0x00 0x00 0x00 0x00 0x00   ........
0120   0x00 0x00 0x00 0x00 0x00 0x00 0x00 0x00   ........
0128   0x00 0x00 0x00 0x00 0x00 0x00 0x00 0x00   ........
0130   0x00 0x00 0x00 0x00 0x00 0x00 0x00 0x00   ........
0138   0x00 0x00 0x00 0x00 0x00 0x00 0x00 0x00   ........
0140   0x00 0x00 0x00 0x00 0x00 0x00 0x00 0x00   ........
0148   0x00 0x00 0x00 0x00 0x00 0x00 0x00 0x00   ........
0150   0x00 0x00 0x00 0x00 0x00 0x00 0x00 0x00   ........
0158   0x00 0x00 0x00 0x00 0x00 0x00 0x00 0x00   ........
0160   0x00 0x00 0x00 0x00 0x00 0x00 0x00 0x00   ........
0168   0x00 0x00 0x00 0x00 0x00 0x00 0x00 0x00   ........
0170   0x00 0x00 0x00 0x00 0x00 0x00 0x00 0x00   ........
0178   0x00 0x00 0x00 0x00 0x00 0x00 0x00 0x00   ........
0180   0x00 0x00 0x00 0x00 0x00 0x00 0x00 0x00   ........
0188   0x00 0x00 0x00 0x00 0x00 0x00 0x00 0x00   ........
0190   0x00 0x00 0x00 0x00 0x00 0x00 0x00 0x00   ........
0198   0x00 0x00 0x00 0x00 0x00 0x00 0x00 0x00   ........
01A0   0x00 0x00 0x00 0x00 0x00 0x00 0x00 0x00   ........
01A8   0x00 0x00 0x00 0x00 0x00 0x00 0x00 0x00   ........
01B0   0x00 0x00 0x00 0x00 0x00 0x00 0x00 0x00   ........
01B8   0x00 0x00 0x00 0x00 0x00 0x00 0x00 0x00   ........
01C0   0x00 0x00 0x00 0x00 0x00 0x00 0x00 0x00   ........
01C8   0x00 0x00 0x00 0x00 0x00 0x00 0x00 0x00   ........
01D0   0x00 0x00 0x00 0x00 0x00 0x00 0x00 0x00   ........
01D8   0x00 0x00 0x00 0x00 0x00 0x00 0x00 0x00   ........
01E0   0x00 0x00 0x00 0x00 0x00 0x00 0x00 0x00   ........
01E8   0x00 0x00 0x00 0x00 0x00 0x00 0x00 0x00   ........
01F0   0x00 0x00 0x00 0x00 0x01 0x66 0x02 0x00   .....f..
01F8   0x02 0x00 0x00 0x00 0x05 0x04 0x00 0x00   ........
0200   0x00 0x00 0x00 0x00 0x00 0x00 0x00 0x00   ........
0208   0x00 0x00 0x00 0x00 0x00 0x00 0x00 0x00   ........
0210   0x00 0x00 0x00 0x00 0x00 0x00 0x00 0x00   ........
0218   0x00 0x00 0x00 0x00 0x00 0x00 0x00 0x00   ........
0220   0x00 0x00 0x00 0x00 0x00 0x00 0x00 0x00   ........
0228   0x00 0x00 0x00 0x00 0x00 0x00 0x00 0x00   ........
0230   0x00 0x00 0x00 0x00 0x00 0x00 0x00 0x00   ........
0238   0x00 0x00 0x00 0x00 0x00 0x00 0x00 0x00   ........
0240   0x00 0x00 0x00 0x00 0x00 0x00 0x00 0x00   ........
0248   0x00 0x00 0x00 0x00 0x00 0x00 0x00 0x00   ........
0250   0x00 0x00 0x00 0x00 0x00 0x00 0x00 0x00   ........
0258   0x00 0x00 0x00 0x00 0x00 0x00 0x00 0x00   ........
0260   0x00 0x00 0x00 0x00 0x00 0x00 0x00 0x00   ........
0268   0x00 0x00 0x00 0x00 0x00 0x00 0x00 0x00   ........
0270   0x00 0x00 0x00 0x00 0x00 0x00 0x00 0x00   ........
0278   0x00 0x00 0x00 0x00 0x00 0x00 0x00 0x00   ........
0280   0x00 0x00 0x00 0x00 0x00 0x00 0x00 0x00   ........
0288   0x00 0x00 0x00 0x00 0x00 0x00 0x00 0x00   ........
0290   0x00 0x00 0x00 0x00 0x00 0x00 0x00 0x00   ........
0298   0x00 0x00 0x00 0x00 0x00 0x00 0x00 0x00   ........
02A0   0x00 0x00 0x00 0x00 0x00 0x00 0x00 0x00   ........
02A8   0x00 0x00 0x00 0x00 0x00 0x00 0x00 0x00   ........
02B0   0x00 0x00 0x00 0x00 0x00 0x00 0x00 0x00   ........
02B8   0x00 0x00 0x00 0x00 0x00 0x00 0x00 0x00   ........
02C0   0x00 0x00 0x00 0x00 0x00 0x00 0x00 0x00   ........
02C8   0x00 0x00 0x00 0x00 0x00 0x00 0x00 0x00   ........
02D0   0x00 0x00 0x00 0x00 0x00 0x00 0x00 0x00   ........
02D8   0x00 0x00 0x00 0x00 0x00 0x00 0x00 0x00   ........
02E0   0x00 0x00 0x00 0x00 0x00 0x00 0x00 0x00   ........
02E8   0x00 0x00 0x00 0x00 0x00 0x00 0x01 0x66   .......f
02F0   0x02 0x00 0x02 0x00 0x00 0x00 0x05 0x04   ........
02F8   0x00 0x00 0x00 0x00 0x00 0x00 0x00 0x00   ........
0300   0x00 0x00 0x00 0x00 0x00 0x00 0x00 0x00   ........
0308   0x00 0x00 0x00 0x00 0x00 0x00 0x00 0x00   ........
0310   0x00 0x00 0x00 0x00 0x00 0x00 0x00 0x00   ........
0318   0x00 0x00 0x00 0x00 0x00 0x00 0x00 0x00   ........
0320   0x00 0x00 0x00 0x00 0x00 0x00 0x00 0x00   ........
0328   0x00 0x00 0x00 0x00 0x00 0x00 0x00 0x00   ........
0330   0x00 0x00 0x00 0x00 0x00 0x00 0x00 0x00   ........
0338   0x00 0x00 0x00 0x00 0x00 0x00 0x00 0x00   ........
0340   0x00 0x00 0x00 0x00 0x00 0x00 0x00 0x00   ........
0348   0x00 0x00 0x00 0x00 0x00 0x00 0x00 0x00   ........
0350   0x00 0x00 0x00 0x00 0x00 0x00 0x00 0x00   ........
0358   0x00 0x00 0x00 0x00 0x00 0x00 0x00 0x00   ........
0360   0x00 0x00 0x00 0x00 0x00 0x00 0x00 0x00   ........
0368   0x00 0x00 0x00 0x00 0x00 0x00 0x00 0x00   ........
0370   0x00 0x00 0x00 0x00 0x00 0x00 0x00 0x00   ........
0378   0x00 0x00 0x00 0x00 0x00 0x00 0x00 0x00   ........
0380   0x00 0x00 0x00 0x00 0x00 0x00 0x00 0x00   ........
0388   0x00 0x00 0x00 0x00 0x00 0x00 0x00 0x00   ........
0390   0x00 0x00 0x00 0x00 0x00 0x00 0x00 0x00   ........
0398   0x00 0x00 0x00 0x00 0x00 0x00 0x00 0x00   ........
03A0   0x00 0x00 0x00 0x00 0x00 0x00 0x00 0x00   ........
03A8   0x00 0x00 0x00 0x00 0x00 0x00 0x00 0x00   ........
03B0   0x00 0x00 0x00 0x00 0x00 0x00 0x00 0x00   ........
03B8   0x00 0x00 0x00 0x00 0x00 0x00 0x00 0x00   ........
03C0   0x00 0x00 0x00 0x00 0x00 0x00 0x00 0x00   ........
03C8   0x00 0x00 0x00 0x00 0x00 0x00 0x00 0x00   ........
03D0   0x00 0x00 0x00 0x00 0x00 0x00 0x00 0x00   ........
03D8   0x00 0x00 0x00 0x00 0x00 0x00 0x00 0x00   ........
03E0   0x00 0x00 0x00 0x00 0x00 0x00 0x00 0x00   ........
03E8   0x01 0x66 0x02 0x00 0x02 0x00 0x00 0x00   .f......
03F0   0x05 0x04 0x00 0x00 0x00 0x00 0x00 0x00   ........
03F8   0x00 0x00 0x00 0x00 0x00 0x00 0x00 0x00   ........
Read a total of 1024 bytes
INFO:carelink.io:carelink.command: <USBStatus:code=[3], label=usb.status, info=None>
0000   0x03                       .
INFO:carelink.io:usb.write.len: 1
0000   0x03                       .
INFO:carelink.io:usb.read.len: 64
INFO:carelink.io:usb.read.raw: 
0000   0x00 0x00 0x00 0x00 0x00 0x00 0x00 0x00   ........
0008   0x00 0x00 0x00 0x00 0x00 0x00 0x00 0x00   ........
0010   0x00 0x00 0x00 0x00 0x00 0x00 0x00 0x00   ........
0018   0x00 0x00 0x00 0x00 0x00 0x00 0x00 0x00   ........
0020   0x00 0x00 0x00 0x00 0x00 0x00 0x00 0x00   ........
0028   0x00 0x00 0x00 0x00 0x00 0x00 0x00 0x00   ........
0030   0x00 0x00 0x00 0x00 0x00 0x00 0x00 0x00   ........
0038   0x00 0x00 0x00 0x00 0x00 0x00 0x00 0x00   ........
{'error.fatal': 0, 'rfBytesAvailable': 0, 'status': 0}
finishing loop:0
loop:1
INFO:carelink.io:carelink.command: <USBStatus:code=[3], label=usb.status, info=None>
0000   0x03                       .
INFO:carelink.io:usb.write.len: 1
0000   0x03                       .
INFO:carelink.io:usb.read.len: 64
INFO:carelink.io:usb.read.raw: 
0000   0x00 0x00 0x00 0x00 0x00 0x00 0x00 0x00   ........
0008   0x00 0x00 0x00 0x00 0x00 0x00 0x00 0x00   ........
0010   0x00 0x00 0x00 0x00 0x00 0x00 0x00 0x00   ........
0018   0x00 0x00 0x00 0x00 0x00 0x00 0x00 0x00   ........
0020   0x00 0x00 0x00 0x00 0x00 0x00 0x00 0x00   ........
0028   0x00 0x00 0x00 0x00 0x00 0x00 0x00 0x00   ........
0030   0x00 0x00 0x00 0x00 0x00 0x00 0x00 0x00   ........
0038   0x00 0x00 0x00 0x00 0x00 0x00 0x00 0x00   ........
INFO:carelink.io:initial bytes available: 0
INFO:carelink.io:carelink.command: <USBStatus:code=[3], label=usb.status, info=None>
0000   0x03                       .
INFO:carelink.io:usb.write.len: 1
0000   0x03                       .
INFO:carelink.io:usb.read.len: 64
INFO:carelink.io:usb.read.raw: 
0000   0x00 0x00 0x00 0x00 0x00 0x00 0x00 0x00   ........
0008   0x00 0x00 0x00 0x00 0x00 0x00 0x00 0x00   ........
0010   0x00 0x00 0x00 0x00 0x00 0x00 0x00 0x00   ........
0018   0x00 0x00 0x00 0x00 0x00 0x00 0x00 0x00   ........
0020   0x00 0x00 0x00 0x00 0x00 0x00 0x00 0x00   ........
0028   0x00 0x00 0x00 0x00 0x00 0x00 0x00 0x00   ........
0030   0x00 0x00 0x00 0x00 0x00 0x00 0x00 0x00   ........
0038   0x00 0x00 0x00 0x00 0x00 0x00 0x00 0x00   ........
INFO:carelink.io:x:0 len: 0
INFO:carelink.io:carelink.command: <USBStatus:code=[3], label=usb.status, info=None>
0000   0x03                       .
INFO:carelink.io:usb.write.len: 1
0000   0x03                       .
INFO:carelink.io:usb.read.len: 64
INFO:carelink.io:usb.read.raw: 
0000   0x00 0x00 0x00 0x00 0x00 0x00 0x00 0x00   ........
0008   0x00 0x00 0x00 0x00 0x00 0x00 0x00 0x00   ........
0010   0x00 0x00 0x00 0x00 0x00 0x00 0x00 0x00   ........
0018   0x00 0x00 0x00 0x00 0x00 0x00 0x00 0x00   ........
0020   0x00 0x00 0x01 0x66 0x02 0x00 0x02 0x00   ...f....
0028   0x00 0x00 0x05 0x04 0x00 0x00 0x00 0x00   ........
0030   0x00 0x00 0x00 0x00 0x00 0x00 0x00 0x00   ........
0038   0x00 0x00 0x00 0x00 0x00 0x00 0x00 0x00   ........
INFO:carelink.io:x:1 len: 0
INFO:carelink.io:carelink.command: <USBStatus:code=[3], label=usb.status, info=None>
0000   0x03                       .
INFO:carelink.io:usb.write.len: 1
0000   0x03                       .
INFO:carelink.io:usb.read.len: 64
INFO:carelink.io:usb.read.raw: 
0000   0x00 0x00 0x00 0x00 0x00 0x00 0x00 0x00   ........
0008   0x00 0x00 0x00 0x00 0x00 0x00 0x00 0x00   ........
0010   0x00 0x00 0x00 0x00 0x00 0x00 0x00 0x00   ........
0018   0x00 0x00 0x00 0x00 0x00 0x00 0x00 0x00   ........
0020   0x00 0x00 0x00 0x00 0x00 0x00 0x00 0x00   ........
0028   0x00 0x00 0x00 0x00 0x00 0x00 0x00 0x00   ........
0030   0x00 0x00 0x00 0x00 0x00 0x00 0x00 0x00   ........
0038   0x00 0x00 0x00 0x00 0x00 0x00 0x00 0x00   ........
INFO:carelink.io:x:2 len: 0
INFO:carelink.io:carelink.command: <USBStatus:code=[3], label=usb.status, info=None>
0000   0x03                       .
INFO:carelink.io:usb.write.len: 1
0000   0x03                       .
INFO:carelink.io:usb.read.len: 64
INFO:carelink.io:usb.read.raw: 
0000   0x00 0x00 0x00 0x00 0x00 0x00 0x00 0x00   ........
0008   0x00 0x00 0x00 0x00 0x00 0x00 0x00 0x00   ........
0010   0x00 0x00 0x00 0x00 0x00 0x00 0x00 0x00   ........
0018   0x00 0x00 0x00 0x00 0x00 0x00 0x00 0x00   ........
0020   0x00 0x00 0x00 0x00 0x00 0x00 0x00 0x00   ........
0028   0x00 0x00 0x00 0x00 0x00 0x00 0x00 0x00   ........
0030   0x00 0x00 0x00 0x00 0x00 0x00 0x00 0x00   ........
0038   0x00 0x00 0x00 0x00 0x00 0x00 0x00 0x00   ........
INFO:carelink.io:x:3 len: 0
INFO:carelink.io:carelink.command: <USBStatus:code=[3], label=usb.status, info=None>
0000   0x03                       .
INFO:carelink.io:usb.write.len: 1
0000   0x03                       .
INFO:carelink.io:usb.read.len: 64
INFO:carelink.io:usb.read.raw: 
0000   0x00 0x00 0x00 0x00 0x00 0x00 0x00 0x00   ........
0008   0x00 0x00 0x00 0x00 0x00 0x00 0x00 0x00   ........
0010   0x00 0x00 0x00 0x00 0x00 0x00 0x00 0x00   ........
0018   0x00 0x00 0x00 0x00 0x00 0x00 0x00 0x00   ........
0020   0x00 0x00 0x00 0x00 0x00 0x00 0x00 0x00   ........
0028   0x00 0x00 0x00 0x00 0x00 0x00 0x00 0x00   ........
0030   0x00 0x00 0x00 0x00 0x00 0x00 0x00 0x00   ........
0038   0x00 0x00 0x00 0x00 0x00 0x00 0x00 0x00   ........
INFO:carelink.io:x:4 len: 0
INFO:carelink.io:carelink.command: <USBStatus:code=[3], label=usb.status, info=None>
0000   0x03                       .
INFO:carelink.io:usb.write.len: 1
0000   0x03                       .
INFO:carelink.io:usb.read.len: 64
INFO:carelink.io:usb.read.raw: 
0000   0x00 0x00 0x00 0x00 0x00 0x00 0x00 0x00   ........
0008   0x00 0x00 0x00 0x00 0x00 0x00 0x00 0x00   ........
0010   0x00 0x00 0x00 0x00 0x00 0x00 0x00 0x00   ........
0018   0x00 0x00 0x00 0x00 0x01 0x66 0x02 0x00   .....f..
0020   0x02 0x00 0x00 0x00 0x05 0x04 0x00 0x00   ........
0028   0x00 0x00 0x00 0x00 0x00 0x00 0x00 0x00   ........
0030   0x00 0x00 0x00 0x00 0x00 0x00 0x00 0x00   ........
0038   0x00 0x00 0x00 0x00 0x00 0x00 0x00 0x00   ........
INFO:carelink.io:x:5 len: 0
INFO:carelink.io:carelink.command: <USBStatus:code=[3], label=usb.status, info=None>
0000   0x03                       .
INFO:carelink.io:usb.write.len: 1
0000   0x03                       .
INFO:carelink.io:usb.read.len: 64
INFO:carelink.io:usb.read.raw: 
0000   0x00 0x00 0x00 0x00 0x00 0x00 0x00 0x00   ........
0008   0x00 0x00 0x00 0x00 0x00 0x00 0x00 0x00   ........
0010   0x00 0x00 0x00 0x00 0x00 0x00 0x00 0x00   ........
0018   0x00 0x00 0x00 0x00 0x00 0x00 0x00 0x00   ........
0020   0x00 0x00 0x00 0x00 0x00 0x00 0x00 0x00   ........
0028   0x00 0x00 0x00 0x00 0x00 0x00 0x00 0x00   ........
0030   0x00 0x00 0x00 0x00 0x00 0x00 0x00 0x00   ........
0038   0x00 0x00 0x00 0x00 0x00 0x00 0x00 0x00   ........
INFO:carelink.io:x:6 len: 0
INFO:carelink.io:carelink.command: <USBStatus:code=[3], label=usb.status, info=None>
0000   0x03                       .
INFO:carelink.io:usb.write.len: 1
0000   0x03                       .
INFO:carelink.io:usb.read.len: 64
INFO:carelink.io:usb.read.raw: 
0000   0x00 0x00 0x00 0x00 0x00 0x00 0x00 0x00   ........
0008   0x00 0x00 0x00 0x00 0x00 0x00 0x00 0x00   ........
0010   0x00 0x00 0x00 0x00 0x00 0x00 0x00 0x00   ........
0018   0x00 0x00 0x00 0x00 0x00 0x00 0x00 0x00   ........
0020   0x00 0x00 0x00 0x00 0x00 0x00 0x00 0x00   ........
0028   0x00 0x00 0x00 0x00 0x00 0x00 0x00 0x00   ........
0030   0x00 0x00 0x00 0x00 0x00 0x00 0x00 0x00   ........
0038   0x00 0x00 0x00 0x00 0x00 0x00 0x00 0x00   ........
INFO:carelink.io:x:7 len: 0
INFO:carelink.io:carelink.command: <USBStatus:code=[3], label=usb.status, info=None>
0000   0x03                       .
INFO:carelink.io:usb.write.len: 1
0000   0x03                       .
INFO:carelink.io:usb.read.len: 64
INFO:carelink.io:usb.read.raw: 
0000   0x00 0x00 0x00 0x00 0x00 0x00 0x00 0x00   ........
0008   0x00 0x00 0x00 0x00 0x00 0x00 0x00 0x00   ........
0010   0x00 0x00 0x00 0x00 0x00 0x00 0x00 0x00   ........
0018   0x00 0x00 0x00 0x00 0x00 0x00 0x00 0x00   ........
0020   0x00 0x00 0x00 0x00 0x00 0x00 0x00 0x00   ........
0028   0x00 0x00 0x00 0x00 0x00 0x00 0x00 0x00   ........
0030   0x00 0x00 0x00 0x00 0x00 0x00 0x00 0x00   ........
0038   0x00 0x00 0x00 0x00 0x00 0x00 0x00 0x00   ........
INFO:carelink.io:x:8 len: 0
INFO:carelink.io:carelink.command: <USBStatus:code=[3], label=usb.status, info=None>
0000   0x03                       .
INFO:carelink.io:usb.write.len: 1
0000   0x03                       .
INFO:carelink.io:usb.read.len: 64
INFO:carelink.io:usb.read.raw: 
0000   0x00 0x00 0x00 0x00 0x00 0x00 0x00 0x00   ........
0008   0x00 0x00 0x00 0x00 0x00 0x00 0x00 0x00   ........
0010   0x00 0x00 0x00 0x00 0x00 0x00 0x01 0x66   .......f
0018   0x02 0x00 0x02 0x00 0x00 0x00 0x05 0x04   ........
0020   0x00 0x00 0x00 0x00 0x00 0x00 0x00 0x00   ........
0028   0x00 0x00 0x00 0x00 0x00 0x00 0x00 0x00   ........
0030   0x00 0x00 0x00 0x00 0x00 0x00 0x00 0x00   ........
0038   0x00 0x00 0x00 0x00 0x00 0x00 0x00 0x00   ........
INFO:carelink.io:x:9 len: 0
INFO:carelink.io:carelink.command: <USBStatus:code=[3], label=usb.status, info=None>
0000   0x03                       .
INFO:carelink.io:usb.write.len: 1
0000   0x03                       .
INFO:carelink.io:usb.read.len: 64
INFO:carelink.io:usb.read.raw: 
0000   0x00 0x00 0x00 0x00 0x00 0x00 0x00 0x00   ........
0008   0x00 0x00 0x00 0x00 0x00 0x00 0x00 0x00   ........
0010   0x00 0x00 0x00 0x00 0x00 0x00 0x00 0x00   ........
0018   0x00 0x00 0x00 0x00 0x00 0x00 0x00 0x00   ........
0020   0x00 0x00 0x00 0x00 0x00 0x00 0x00 0x00   ........
0028   0x00 0x00 0x00 0x00 0x00 0x00 0x00 0x00   ........
0030   0x00 0x00 0x00 0x00 0x00 0x00 0x00 0x00   ........
0038   0x00 0x00 0x00 0x00 0x00 0x00 0x00 0x00   ........
INFO:carelink.io:x:10 len: 0
INFO:carelink.io:carelink.command: <USBStatus:code=[3], label=usb.status, info=None>
0000   0x03                       .
INFO:carelink.io:usb.write.len: 1
0000   0x03                       .
INFO:carelink.io:usb.read.len: 64
INFO:carelink.io:usb.read.raw: 
0000   0x00 0x00 0x00 0x00 0x00 0x00 0x00 0x00   ........
0008   0x00 0x00 0x00 0x00 0x00 0x00 0x00 0x00   ........
0010   0x00 0x00 0x00 0x00 0x00 0x00 0x00 0x00   ........
0018   0x00 0x00 0x00 0x00 0x00 0x00 0x00 0x00   ........
0020   0x00 0x00 0x00 0x00 0x00 0x00 0x00 0x00   ........
0028   0x00 0x00 0x00 0x00 0x00 0x00 0x00 0x00   ........
0030   0x00 0x00 0x00 0x00 0x00 0x00 0x00 0x00   ........
0038   0x00 0x00 0x00 0x00 0x00 0x00 0x00 0x00   ........
INFO:carelink.io:x:11 len: 0
INFO:carelink.io:carelink.command: <USBStatus:code=[3], label=usb.status, info=None>
0000   0x03                       .
INFO:carelink.io:usb.write.len: 1
0000   0x03                       .
INFO:carelink.io:usb.read.len: 64
INFO:carelink.io:usb.read.raw: 
0000   0x00 0x00 0x00 0x00 0x00 0x00 0x00 0x00   ........
0008   0x00 0x00 0x00 0x00 0x00 0x00 0x00 0x00   ........
0010   0x00 0x00 0x00 0x00 0x00 0x00 0x00 0x00   ........
0018   0x00 0x00 0x00 0x00 0x00 0x00 0x00 0x00   ........
0020   0x00 0x00 0x00 0x00 0x00 0x00 0x00 0x00   ........
0028   0x00 0x00 0x00 0x00 0x00 0x00 0x00 0x00   ........
0030   0x00 0x00 0x00 0x00 0x00 0x00 0x00 0x00   ........
0038   0x00 0x00 0x00 0x00 0x00 0x00 0x00 0x00   ........
INFO:carelink.io:x:12 len: 0
INFO:carelink.io:carelink.command: <USBStatus:code=[3], label=usb.status, info=None>
0000   0x03                       .
INFO:carelink.io:usb.write.len: 1
0000   0x03                       .
INFO:carelink.io:usb.read.len: 64
INFO:carelink.io:usb.read.raw: 
0000   0x00 0x00 0x00 0x00 0x00 0x00 0x00 0x00   ........
0008   0x00 0x00 0x00 0x00 0x00 0x00 0x00 0x00   ........
0010   0x01 0x66 0x02 0x00 0x02 0x00 0x00 0x00   .f......
0018   0x05 0x04 0x00 0x00 0x00 0x00 0x00 0x00   ........
0020   0x00 0x00 0x00 0x00 0x00 0x00 0x00 0x00   ........
0028   0x00 0x00 0x00 0x00 0x00 0x00 0x00 0x00   ........
0030   0x00 0x00 0x00 0x00 0x00 0x00 0x00 0x00   ........
0038   0x00 0x00 0x00 0x00 0x00 0x00 0x00 0x00   ........
INFO:carelink.io:x:13 len: 0
INFO:carelink.io:carelink.command: <USBStatus:code=[3], label=usb.status, info=None>
0000   0x03                       .
INFO:carelink.io:usb.write.len: 1
0000   0x03                       .
INFO:carelink.io:usb.read.len: 64
INFO:carelink.io:usb.read.raw: 
0000   0x00 0x00 0x00 0x00 0x00 0x00 0x00 0x00   ........
0008   0x00 0x00 0x00 0x00 0x00 0x00 0x00 0x00   ........
0010   0x00 0x00 0x00 0x00 0x00 0x00 0x00 0x00   ........
0018   0x00 0x00 0x00 0x00 0x00 0x00 0x00 0x00   ........
0020   0x00 0x00 0x00 0x00 0x00 0x00 0x00 0x00   ........
0028   0x00 0x00 0x00 0x00 0x00 0x00 0x00 0x00   ........
0030   0x00 0x00 0x00 0x00 0x00 0x00 0x00 0x00   ........
0038   0x00 0x00 0x00 0x00 0x00 0x00 0x00 0x00   ........
INFO:carelink.io:x:14 len: 0
INFO:carelink.io:carelink.command: <USBStatus:code=[3], label=usb.status, info=None>
0000   0x03                       .
INFO:carelink.io:usb.write.len: 1
0000   0x03                       .
INFO:carelink.io:usb.read.len: 64
INFO:carelink.io:usb.read.raw: 
0000   0x00 0x00 0x00 0x00 0x00 0x00 0x00 0x00   ........
0008   0x00 0x00 0x00 0x00 0x00 0x00 0x00 0x00   ........
0010   0x00 0x00 0x00 0x00 0x00 0x00 0x00 0x00   ........
0018   0x00 0x00 0x00 0x00 0x00 0x00 0x00 0x00   ........
0020   0x00 0x00 0x00 0x00 0x00 0x00 0x00 0x00   ........
0028   0x00 0x00 0x00 0x00 0x00 0x00 0x00 0x00   ........
0030   0x00 0x00 0x00 0x00 0x00 0x00 0x00 0x00   ........
0038   0x00 0x00 0x00 0x00 0x00 0x00 0x00 0x00   ........
INFO:carelink.io:x:15 len: 0
INFO:carelink.io:carelink.command: <USBStatus:code=[3], label=usb.status, info=None>
0000   0x03                       .
INFO:carelink.io:usb.write.len: 1
0000   0x03                       .
INFO:carelink.io:usb.read.len: 64
INFO:carelink.io:usb.read.raw: 
0000   0x00 0x00 0x00 0x00 0x00 0x00 0x00 0x00   ........
0008   0x00 0x00 0x00 0x00 0x00 0x00 0x00 0x00   ........
0010   0x00 0x00 0x00 0x00 0x00 0x00 0x00 0x00   ........
0018   0x00 0x00 0x00 0x00 0x00 0x00 0x00 0x00   ........
0020   0x00 0x00 0x00 0x00 0x00 0x00 0x00 0x00   ........
0028   0x00 0x00 0x00 0x00 0x00 0x00 0x00 0x00   ........
0030   0x00 0x00 0x00 0x00 0x00 0x00 0x00 0x00   ........
0038   0x00 0x00 0x00 0x00 0x00 0x00 0x00 0x00   ........
INFO:carelink.io:x:16 len: 0
INFO:carelink.io:carelink.command: <USBStatus:code=[3], label=usb.status, info=None>
0000   0x03                       .
INFO:carelink.io:usb.write.len: 1
0000   0x03                       .
INFO:carelink.io:usb.read.len: 64
INFO:carelink.io:usb.read.raw: 
0000   0x00 0x00 0x00 0x00 0x00 0x00 0x00 0x00   ........
0008   0x00 0x00 0x01 0x66 0x02 0x00 0x02 0x00   ...f....
0010   0x00 0x00 0x05 0x04 0x00 0x00 0x00 0x00   ........
0018   0x00 0x00 0x00 0x00 0x00 0x00 0x00 0x00   ........
0020   0x00 0x00 0x00 0x00 0x00 0x00 0x00 0x00   ........
0028   0x00 0x00 0x00 0x00 0x00 0x00 0x00 0x00   ........
0030   0x00 0x00 0x00 0x00 0x00 0x00 0x00 0x00   ........
0038   0x00 0x00 0x00 0x00 0x00 0x00 0x00 0x00   ........
INFO:carelink.io:x:17 len: 0
INFO:carelink.io:carelink.command: <USBStatus:code=[3], label=usb.status, info=None>
0000   0x03                       .
INFO:carelink.io:usb.write.len: 1
0000   0x03                       .
INFO:carelink.io:usb.read.len: 64
INFO:carelink.io:usb.read.raw: 
0000   0x00 0x00 0x00 0x00 0x00 0x00 0x00 0x00   ........
0008   0x00 0x00 0x00 0x00 0x00 0x00 0x00 0x00   ........
0010   0x00 0x00 0x00 0x00 0x00 0x00 0x00 0x00   ........
0018   0x00 0x00 0x00 0x00 0x00 0x00 0x00 0x00   ........
0020   0x00 0x00 0x00 0x00 0x00 0x00 0x00 0x00   ........
0028   0x00 0x00 0x00 0x00 0x00 0x00 0x00 0x00   ........
0030   0x00 0x00 0x00 0x00 0x00 0x00 0x00 0x00   ........
0038   0x00 0x00 0x00 0x00 0x00 0x00 0x00 0x00   ........
INFO:carelink.io:x:18 len: 0
INFO:carelink.io:carelink.command: <USBStatus:code=[3], label=usb.status, info=None>
0000   0x03                       .
INFO:carelink.io:usb.write.len: 1
0000   0x03                       .
INFO:carelink.io:usb.read.len: 64
INFO:carelink.io:usb.read.raw: 
0000   0x00 0x00 0x00 0x00 0x00 0x00 0x00 0x00   ........
0008   0x00 0x00 0x00 0x00 0x00 0x00 0x00 0x00   ........
0010   0x00 0x00 0x00 0x00 0x00 0x00 0x00 0x00   ........
0018   0x00 0x00 0x00 0x00 0x00 0x00 0x00 0x00   ........
0020   0x00 0x00 0x00 0x00 0x00 0x00 0x00 0x00   ........
0028   0x00 0x00 0x00 0x00 0x00 0x00 0x00 0x00   ........
0030   0x00 0x00 0x00 0x00 0x00 0x00 0x00 0x00   ........
0038   0x00 0x00 0x00 0x00 0x00 0x00 0x00 0x00   ........
INFO:carelink.io:x:19 len: 0
INFO:carelink.io:carelink.command: <USBStatus:code=[3], label=usb.status, info=None>
0000   0x03                       .
INFO:carelink.io:usb.write.len: 1
0000   0x03                       .
INFO:carelink.io:usb.read.len: 64
INFO:carelink.io:usb.read.raw: 
0000   0x00 0x00 0x00 0x00 0x00 0x00 0x00 0x00   ........
0008   0x00 0x00 0x00 0x00 0x00 0x00 0x00 0x00   ........
0010   0x00 0x00 0x00 0x00 0x00 0x00 0x00 0x00   ........
0018   0x00 0x00 0x00 0x00 0x00 0x00 0x00 0x00   ........
0020   0x00 0x00 0x00 0x00 0x00 0x00 0x00 0x00   ........
0028   0x00 0x00 0x00 0x00 0x00 0x00 0x00 0x00   ........
0030   0x00 0x00 0x00 0x00 0x00 0x00 0x00 0x00   ........
0038   0x00 0x00 0x00 0x00 0x00 0x00 0x00 0x00   ........
INFO:carelink.io:x:20 len: 0
INFO:carelink.io:carelink.command: <USBStatus:code=[3], label=usb.status, info=None>
0000   0x03                       .
INFO:carelink.io:usb.write.len: 1
0000   0x03                       .
INFO:carelink.io:usb.read.len: 64
INFO:carelink.io:usb.read.raw: 
0000   0x00 0x00 0x00 0x00 0x01 0x66 0x02 0x00   .....f..
0008   0x02 0x00 0x00 0x00 0x05 0x04 0x00 0x00   ........
0010   0x00 0x00 0x00 0x00 0x00 0x00 0x00 0x00   ........
0018   0x00 0x00 0x00 0x00 0x00 0x00 0x00 0x00   ........
0020   0x00 0x00 0x00 0x00 0x00 0x00 0x00 0x00   ........
0028   0x00 0x00 0x00 0x00 0x00 0x00 0x00 0x00   ........
0030   0x00 0x00 0x00 0x00 0x00 0x00 0x00 0x00   ........
0038   0x00 0x00 0x00 0x00 0x00 0x00 0x00 0x00   ........
INFO:carelink.io:x:21 len: 0
INFO:carelink.io:carelink.command: <USBStatus:code=[3], label=usb.status, info=None>
0000   0x03                       .
INFO:carelink.io:usb.write.len: 1
0000   0x03                       .
INFO:carelink.io:usb.read.len: 64
INFO:carelink.io:usb.read.raw: 
0000   0x00 0x00 0x00 0x00 0x00 0x00 0x00 0x00   ........
0008   0x00 0x00 0x00 0x00 0x00 0x00 0x00 0x00   ........
0010   0x00 0x00 0x00 0x00 0x00 0x00 0x00 0x00   ........
0018   0x00 0x00 0x00 0x00 0x00 0x00 0x00 0x00   ........
0020   0x00 0x00 0x00 0x00 0x00 0x00 0x00 0x00   ........
0028   0x00 0x00 0x00 0x00 0x00 0x00 0x00 0x00   ........
0030   0x00 0x00 0x00 0x00 0x00 0x00 0x00 0x00   ........
0038   0x00 0x00 0x00 0x00 0x00 0x00 0x00 0x00   ........
INFO:carelink.io:x:22 len: 0
INFO:carelink.io:carelink.command: <USBStatus:code=[3], label=usb.status, info=None>
0000   0x03                       .
INFO:carelink.io:usb.write.len: 1
0000   0x03                       .
INFO:carelink.io:usb.read.len: 64
INFO:carelink.io:usb.read.raw: 
0000   0x00 0x00 0x00 0x00 0x00 0x00 0x00 0x00   ........
0008   0x00 0x00 0x00 0x00 0x00 0x00 0x00 0x00   ........
0010   0x00 0x00 0x00 0x00 0x00 0x00 0x00 0x00   ........
0018   0x00 0x00 0x00 0x00 0x00 0x00 0x00 0x00   ........
0020   0x00 0x00 0x00 0x00 0x00 0x00 0x00 0x00   ........
0028   0x00 0x00 0x00 0x00 0x00 0x00 0x00 0x00   ........
0030   0x00 0x00 0x00 0x00 0x00 0x00 0x00 0x00   ........
0038   0x00 0x00 0x00 0x00 0x00 0x00 0x00 0x00   ........
INFO:carelink.io:x:23 len: 0
INFO:carelink.io:carelink.command: <USBStatus:code=[3], label=usb.status, info=None>
0000   0x03                       .
INFO:carelink.io:usb.write.len: 1
0000   0x03                       .
INFO:carelink.io:usb.read.len: 64
INFO:carelink.io:usb.read.raw: 
0000   0x00 0x00 0x00 0x00 0x00 0x00 0x00 0x00   ........
0008   0x00 0x00 0x00 0x00 0x00 0x00 0x00 0x00   ........
0010   0x00 0x00 0x00 0x00 0x00 0x00 0x00 0x00   ........
0018   0x00 0x00 0x00 0x00 0x00 0x00 0x00 0x00   ........
0020   0x00 0x00 0x00 0x00 0x00 0x00 0x00 0x00   ........
0028   0x00 0x00 0x00 0x00 0x00 0x00 0x00 0x00   ........
0030   0x00 0x00 0x00 0x00 0x00 0x00 0x00 0x00   ........
0038   0x00 0x00 0x00 0x00 0x00 0x00 0x01 0x66   .......f
INFO:carelink.io:x:24 len: 0
INFO:carelink.io:carelink.command: <USBStatus:code=[3], label=usb.status, info=None>
0000   0x03                       .
INFO:carelink.io:usb.write.len: 1
0000   0x03                       .
INFO:carelink.io:usb.read.len: 64
INFO:carelink.io:usb.read.raw: 
0000   0x02 0x00 0x02 0x00 0x00 0x00 0x05 0x04   ........
0008   0x00 0x00 0x00 0x00 0x00 0x00 0x00 0x00   ........
0010   0x00 0x00 0x00 0x00 0x00 0x00 0x00 0x00   ........
0018   0x00 0x00 0x00 0x00 0x00 0x00 0x00 0x00   ........
0020   0x00 0x00 0x00 0x00 0x00 0x00 0x00 0x00   ........
0028   0x00 0x00 0x00 0x00 0x00 0x00 0x00 0x00   ........
0030   0x00 0x00 0x00 0x00 0x00 0x00 0x00 0x00   ........
0038   0x00 0x00 0x00 0x00 0x00 0x00 0x00 0x00   ........
INFO:carelink.io:x:25 len: 0
INFO:carelink.io:carelink.command: <USBStatus:code=[3], label=usb.status, info=None>
0000   0x03                       .
INFO:carelink.io:usb.write.len: 1
0000   0x03                       .
INFO:carelink.io:usb.read.len: 64
INFO:carelink.io:usb.read.raw: 
0000   0x00 0x00 0x00 0x00 0x00 0x00 0x00 0x00   ........
0008   0x00 0x00 0x00 0x00 0x00 0x00 0x00 0x00   ........
0010   0x00 0x00 0x00 0x00 0x00 0x00 0x00 0x00   ........
0018   0x00 0x00 0x00 0x00 0x00 0x00 0x00 0x00   ........
0020   0x00 0x00 0x00 0x00 0x00 0x00 0x00 0x00   ........
0028   0x00 0x00 0x00 0x00 0x00 0x00 0x00 0x00   ........
0030   0x00 0x00 0x00 0x00 0x00 0x00 0x00 0x00   ........
0038   0x00 0x00 0x00 0x00 0x00 0x00 0x00 0x00   ........
INFO:carelink.io:x:26 len: 0
INFO:carelink.io:carelink.command: <USBStatus:code=[3], label=usb.status, info=None>
0000   0x03                       .
INFO:carelink.io:usb.write.len: 1
0000   0x03                       .
INFO:carelink.io:usb.read.len: 64
INFO:carelink.io:usb.read.raw: 
0000   0x00 0x00 0x00 0x00 0x00 0x00 0x00 0x00   ........
0008   0x00 0x00 0x00 0x00 0x00 0x00 0x00 0x00   ........
0010   0x00 0x00 0x00 0x00 0x00 0x00 0x00 0x00   ........
0018   0x00 0x00 0x00 0x00 0x00 0x00 0x00 0x00   ........
0020   0x00 0x00 0x00 0x00 0x00 0x00 0x00 0x00   ........
0028   0x00 0x00 0x00 0x00 0x00 0x00 0x00 0x00   ........
0030   0x00 0x00 0x00 0x00 0x00 0x00 0x00 0x00   ........
0038   0x00 0x00 0x00 0x00 0x00 0x00 0x00 0x00   ........
INFO:carelink.io:x:27 len: 0
INFO:carelink.io:carelink.command: <USBStatus:code=[3], label=usb.status, info=None>
0000   0x03                       .
INFO:carelink.io:usb.write.len: 1
0000   0x03                       .
INFO:carelink.io:usb.read.len: 64
INFO:carelink.io:usb.read.raw: 
0000   0x00 0x00 0x00 0x00 0x00 0x00 0x00 0x00   ........
0008   0x00 0x00 0x00 0x00 0x00 0x00 0x00 0x00   ........
0010   0x00 0x00 0x00 0x00 0x00 0x00 0x00 0x00   ........
0018   0x00 0x00 0x00 0x00 0x00 0x00 0x00 0x00   ........
0020   0x00 0x00 0x00 0x00 0x00 0x00 0x00 0x00   ........
0028   0x00 0x00 0x00 0x00 0x00 0x00 0x00 0x00   ........
0030   0x00 0x00 0x00 0x00 0x00 0x00 0x00 0x00   ........
0038   0x01 0x66 0x02 0x00 0x02 0x00 0x00 0x00   .f......
INFO:carelink.io:x:28 len: 0
INFO:carelink.io:carelink.command: <USBStatus:code=[3], label=usb.status, info=None>
0000   0x03                       .
INFO:carelink.io:usb.write.len: 1
0000   0x03                       .
INFO:carelink.io:usb.read.len: 64
INFO:carelink.io:usb.read.raw: 
0000   0x05 0x04 0x00 0x00 0x00 0x00 0x00 0x00   ........
0008   0x00 0x00 0x00 0x00 0x00 0x00 0x00 0x00   ........
0010   0x00 0x00 0x00 0x00 0x00 0x00 0x00 0x00   ........
0018   0x00 0x00 0x00 0x00 0x00 0x00 0x00 0x00   ........
0020   0x00 0x00 0x00 0x00 0x00 0x00 0x00 0x00   ........
0028   0x00 0x00 0x00 0x00 0x00 0x00 0x00 0x00   ........
0030   0x00 0x00 0x00 0x00 0x00 0x00 0x00 0x00   ........
0038   0x00 0x00 0x00 0x00 0x00 0x00 0x00 0x00   ........
INFO:carelink.io:x:29 len: 0
INFO:carelink.io:carelink.command: <USBStatus:code=[3], label=usb.status, info=None>
0000   0x03                       .
INFO:carelink.io:usb.write.len: 1
0000   0x03                       .
INFO:carelink.io:usb.read.len: 64
INFO:carelink.io:usb.read.raw: 
0000   0x00 0x00 0x00 0x00 0x00 0x00 0x00 0x00   ........
0008   0x00 0x00 0x00 0x00 0x00 0x00 0x00 0x00   ........
0010   0x00 0x00 0x00 0x00 0x00 0x00 0x00 0x00   ........
0018   0x00 0x00 0x00 0x00 0x00 0x00 0x00 0x00   ........
0020   0x00 0x00 0x00 0x00 0x00 0x00 0x00 0x00   ........
0028   0x00 0x00 0x00 0x00 0x00 0x00 0x00 0x00   ........
0030   0x00 0x00 0x00 0x00 0x00 0x00 0x00 0x00   ........
0038   0x00 0x00 0x00 0x00 0x00 0x00 0x00 0x00   ........
INFO:carelink.io:x:30 len: 0
INFO:carelink.io:carelink.command: <USBStatus:code=[3], label=usb.status, info=None>
0000   0x03                       .
INFO:carelink.io:usb.write.len: 1
0000   0x03                       .
INFO:carelink.io:usb.read.len: 64
INFO:carelink.io:usb.read.raw: 
0000   0x00 0x00 0x00 0x00 0x00 0x00 0x00 0x00   ........
0008   0x00 0x00 0x00 0x00 0x00 0x00 0x00 0x00   ........
0010   0x00 0x00 0x00 0x00 0x00 0x00 0x00 0x00   ........
0018   0x00 0x00 0x00 0x00 0x00 0x00 0x00 0x00   ........
0020   0x00 0x00 0x00 0x00 0x00 0x00 0x00 0x00   ........
0028   0x00 0x00 0x00 0x00 0x00 0x00 0x00 0x00   ........
0030   0x00 0x00 0x00 0x00 0x00 0x00 0x00 0x00   ........
0038   0x00 0x00 0x00 0x00 0x00 0x00 0x00 0x00   ........
INFO:carelink.io:x:31 len: 0
INFO:carelink.io:carelink.command: <USBStatus:code=[3], label=usb.status, info=None>
0000   0x03                       .
INFO:carelink.io:usb.write.len: 1
0000   0x03                       .
INFO:carelink.io:usb.read.len: 64
INFO:carelink.io:usb.read.raw: 
0000   0x00 0x00 0x00 0x00 0x00 0x00 0x00 0x00   ........
0008   0x00 0x00 0x00 0x00 0x00 0x00 0x00 0x00   ........
0010   0x00 0x00 0x00 0x00 0x00 0x00 0x00 0x00   ........
0018   0x00 0x00 0x00 0x00 0x00 0x00 0x00 0x00   ........
0020   0x00 0x00 0x00 0x00 0x00 0x00 0x00 0x00   ........
0028   0x00 0x00 0x00 0x00 0x00 0x00 0x00 0x00   ........
0030   0x00 0x00 0x01 0x66 0x02 0x00 0x02 0x00   ...f....
0038   0x00 0x00 0x05 0x04 0x00 0x00 0x00 0x00   ........
INFO:carelink.io:x:32 len: 0
INFO:carelink.io:carelink.command: <USBStatus:code=[3], label=usb.status, info=None>
0000   0x03                       .
INFO:carelink.io:usb.write.len: 1
0000   0x03                       .
INFO:carelink.io:usb.read.len: 64
INFO:carelink.io:usb.read.raw: 
0000   0x00 0x00 0x00 0x00 0x00 0x00 0x00 0x00   ........
0008   0x00 0x00 0x00 0x00 0x00 0x00 0x00 0x00   ........
0010   0x00 0x00 0x00 0x00 0x00 0x00 0x00 0x00   ........
0018   0x00 0x00 0x00 0x00 0x00 0x00 0x00 0x00   ........
0020   0x00 0x00 0x00 0x00 0x00 0x00 0x00 0x00   ........
0028   0x00 0x00 0x00 0x00 0x00 0x00 0x00 0x00   ........
0030   0x00 0x00 0x00 0x00 0x00 0x00 0x00 0x00   ........
0038   0x00 0x00 0x00 0x00 0x00 0x00 0x00 0x00   ........
INFO:carelink.io:x:33 len: 0
INFO:carelink.io:carelink.command: <USBStatus:code=[3], label=usb.status, info=None>
0000   0x03                       .
INFO:carelink.io:usb.write.len: 1
0000   0x03                       .
INFO:carelink.io:usb.read.len: 64
INFO:carelink.io:usb.read.raw: 
0000   0x00 0x00 0x00 0x00 0x00 0x00 0x00 0x00   ........
0008   0x00 0x00 0x00 0x00 0x00 0x00 0x00 0x00   ........
0010   0x00 0x00 0x00 0x00 0x00 0x00 0x00 0x00   ........
0018   0x00 0x00 0x00 0x00 0x00 0x00 0x00 0x00   ........
0020   0x00 0x00 0x00 0x00 0x00 0x00 0x00 0x00   ........
0028   0x00 0x00 0x00 0x00 0x00 0x00 0x00 0x00   ........
0030   0x00 0x00 0x00 0x00 0x00 0x00 0x00 0x00   ........
0038   0x00 0x00 0x00 0x00 0x00 0x00 0x00 0x00   ........
INFO:carelink.io:x:34 len: 0
INFO:carelink.io:carelink.command: <USBStatus:code=[3], label=usb.status, info=None>
0000   0x03                       .
INFO:carelink.io:usb.write.len: 1
0000   0x03                       .
INFO:carelink.io:usb.read.len: 64
INFO:carelink.io:usb.read.raw: 
0000   0x00 0x00 0x00 0x00 0x00 0x00 0x00 0x00   ........
0008   0x00 0x00 0x00 0x00 0x00 0x00 0x00 0x00   ........
0010   0x00 0x00 0x00 0x00 0x00 0x00 0x00 0x00   ........
0018   0x00 0x00 0x00 0x00 0x00 0x00 0x00 0x00   ........
0020   0x00 0x00 0x00 0x00 0x00 0x00 0x00 0x00   ........
0028   0x00 0x00 0x00 0x00 0x00 0x00 0x00 0x00   ........
0030   0x00 0x00 0x00 0x00 0x00 0x00 0x00 0x00   ........
0038   0x00 0x00 0x00 0x00 0x00 0x00 0x00 0x00   ........
INFO:carelink.io:x:35 len: 0
INFO:carelink.io:carelink.command: <USBStatus:code=[3], label=usb.status, info=None>
0000   0x03                       .
INFO:carelink.io:usb.write.len: 1
0000   0x03                       .
INFO:carelink.io:usb.read.len: 64
INFO:carelink.io:usb.read.raw: 
0000   0x00 0x00 0x00 0x00 0x00 0x00 0x00 0x00   ........
0008   0x00 0x00 0x00 0x00 0x00 0x00 0x00 0x00   ........
0010   0x00 0x00 0x00 0x00 0x00 0x00 0x00 0x00   ........
0018   0x00 0x00 0x00 0x00 0x00 0x00 0x00 0x00   ........
0020   0x00 0x00 0x00 0x00 0x00 0x00 0x00 0x00   ........
0028   0x00 0x00 0x00 0x00 0x01 0x66 0x02 0x00   .....f..
0030   0x02 0x00 0x00 0x00 0x05 0x04 0x00 0x00   ........
0038   0x00 0x00 0x00 0x00 0x00 0x00 0x00 0x00   ........
INFO:carelink.io:x:36 len: 0
INFO:carelink.io:carelink.command: <USBStatus:code=[3], label=usb.status, info=None>
0000   0x03                       .
INFO:carelink.io:usb.write.len: 1
0000   0x03                       .
INFO:carelink.io:usb.read.len: 64
INFO:carelink.io:usb.read.raw: 
0000   0x00 0x00 0x00 0x00 0x00 0x00 0x00 0x00   ........
0008   0x00 0x00 0x00 0x00 0x00 0x00 0x00 0x00   ........
0010   0x00 0x00 0x00 0x00 0x00 0x00 0x00 0x00   ........
0018   0x00 0x00 0x00 0x00 0x00 0x00 0x00 0x00   ........
0020   0x00 0x00 0x00 0x00 0x00 0x00 0x00 0x00   ........
0028   0x00 0x00 0x00 0x00 0x00 0x00 0x00 0x00   ........
0030   0x00 0x00 0x00 0x00 0x00 0x00 0x00 0x00   ........
0038   0x00 0x00 0x00 0x00 0x00 0x00 0x00 0x00   ........
INFO:carelink.io:x:37 len: 0
INFO:carelink.io:carelink.command: <USBStatus:code=[3], label=usb.status, info=None>
0000   0x03                       .
INFO:carelink.io:usb.write.len: 1
0000   0x03                       .
INFO:carelink.io:usb.read.len: 64
INFO:carelink.io:usb.read.raw: 
0000   0x00 0x00 0x00 0x00 0x00 0x00 0x00 0x00   ........
0008   0x00 0x00 0x00 0x00 0x00 0x00 0x00 0x00   ........
0010   0x00 0x00 0x00 0x00 0x00 0x00 0x00 0x00   ........
0018   0x00 0x00 0x00 0x00 0x00 0x00 0x00 0x00   ........
0020   0x00 0x00 0x00 0x00 0x00 0x00 0x00 0x00   ........
0028   0x00 0x00 0x00 0x00 0x00 0x00 0x00 0x00   ........
0030   0x00 0x00 0x00 0x00 0x00 0x00 0x00 0x00   ........
0038   0x00 0x00 0x00 0x00 0x00 0x00 0x00 0x00   ........
INFO:carelink.io:x:38 len: 0
INFO:carelink.io:carelink.command: <USBStatus:code=[3], label=usb.status, info=None>
0000   0x03                       .
INFO:carelink.io:usb.write.len: 1
0000   0x03                       .
INFO:carelink.io:usb.read.len: 64
INFO:carelink.io:usb.read.raw: 
0000   0x00 0x00 0x00 0x00 0x00 0x00 0x00 0x00   ........
0008   0x00 0x00 0x00 0x00 0x00 0x00 0x00 0x00   ........
0010   0x00 0x00 0x00 0x00 0x00 0x00 0x00 0x00   ........
0018   0x00 0x00 0x00 0x00 0x00 0x00 0x00 0x00   ........
0020   0x00 0x00 0x00 0x00 0x00 0x00 0x00 0x00   ........
0028   0x00 0x00 0x00 0x00 0x00 0x00 0x00 0x00   ........
0030   0x00 0x00 0x00 0x00 0x00 0x00 0x00 0x00   ........
0038   0x00 0x00 0x00 0x00 0x00 0x00 0x00 0x00   ........
INFO:carelink.io:x:39 len: 0
INFO:carelink.io:carelink.command: <USBStatus:code=[3], label=usb.status, info=None>
0000   0x03                       .
INFO:carelink.io:usb.write.len: 1
0000   0x03                       .
INFO:carelink.io:usb.read.len: 64
INFO:carelink.io:usb.read.raw: 
0000   0x00 0x00 0x00 0x00 0x00 0x00 0x00 0x00   ........
0008   0x00 0x00 0x00 0x00 0x00 0x00 0x00 0x00   ........
0010   0x00 0x00 0x00 0x00 0x00 0x00 0x00 0x00   ........
0018   0x00 0x00 0x00 0x00 0x00 0x00 0x00 0x00   ........
0020   0x00 0x00 0x00 0x00 0x00 0x00 0x01 0x66   .......f
0028   0x02 0x00 0x02 0x00 0x00 0x00 0x05 0x04   ........
0030   0x00 0x00 0x00 0x00 0x00 0x00 0x00 0x00   ........
0038   0x00 0x00 0x00 0x00 0x00 0x00 0x00 0x00   ........
INFO:carelink.io:x:40 len: 0
INFO:carelink.io:carelink.command: <USBStatus:code=[3], label=usb.status, info=None>
0000   0x03                       .
INFO:carelink.io:usb.write.len: 1
0000   0x03                       .
INFO:carelink.io:usb.read.len: 64
INFO:carelink.io:usb.read.raw: 
0000   0x00 0x00 0x00 0x00 0x00 0x00 0x00 0x00   ........
0008   0x00 0x00 0x00 0x00 0x00 0x00 0x00 0x00   ........
0010   0x00 0x00 0x00 0x00 0x00 0x00 0x00 0x00   ........
0018   0x00 0x00 0x00 0x00 0x00 0x00 0x00 0x00   ........
0020   0x00 0x00 0x00 0x00 0x00 0x00 0x00 0x00   ........
0028   0x00 0x00 0x00 0x00 0x00 0x00 0x00 0x00   ........
0030   0x00 0x00 0x00 0x00 0x00 0x00 0x00 0x00   ........
0038   0x00 0x00 0x00 0x00 0x00 0x00 0x00 0x00   ........
INFO:carelink.io:x:41 len: 0
INFO:carelink.io:carelink.command: <USBStatus:code=[3], label=usb.status, info=None>
0000   0x03                       .
INFO:carelink.io:usb.write.len: 1
0000   0x03                       .
INFO:carelink.io:usb.read.len: 64
INFO:carelink.io:usb.read.raw: 
0000   0x00 0x00 0x00 0x00 0x00 0x00 0x00 0x00   ........
0008   0x00 0x00 0x00 0x00 0x00 0x00 0x00 0x00   ........
0010   0x00 0x00 0x00 0x00 0x00 0x00 0x00 0x00   ........
0018   0x00 0x00 0x00 0x00 0x00 0x00 0x00 0x00   ........
0020   0x00 0x00 0x00 0x00 0x00 0x00 0x00 0x00   ........
0028   0x00 0x00 0x00 0x00 0x00 0x00 0x00 0x00   ........
0030   0x00 0x00 0x00 0x00 0x00 0x00 0x00 0x00   ........
0038   0x00 0x00 0x00 0x00 0x00 0x00 0x00 0x00   ........
INFO:carelink.io:x:42 len: 0
INFO:carelink.io:carelink.command: <USBStatus:code=[3], label=usb.status, info=None>
0000   0x03                       .
INFO:carelink.io:usb.write.len: 1
0000   0x03                       .
INFO:carelink.io:usb.read.len: 64
INFO:carelink.io:usb.read.raw: 
0000   0x00 0x00 0x00 0x00 0x00 0x00 0x00 0x00   ........
0008   0x00 0x00 0x00 0x00 0x00 0x00 0x00 0x00   ........
0010   0x00 0x00 0x00 0x00 0x00 0x00 0x00 0x00   ........
0018   0x00 0x00 0x00 0x00 0x00 0x00 0x00 0x00   ........
0020   0x00 0x00 0x00 0x00 0x00 0x00 0x00 0x00   ........
0028   0x00 0x00 0x00 0x00 0x00 0x00 0x00 0x00   ........
0030   0x00 0x00 0x00 0x00 0x00 0x00 0x00 0x00   ........
0038   0x00 0x00 0x00 0x00 0x00 0x00 0x00 0x00   ........
INFO:carelink.io:x:43 len: 0
INFO:carelink.io:carelink.command: <USBStatus:code=[3], label=usb.status, info=None>
0000   0x03                       .
INFO:carelink.io:usb.write.len: 1
0000   0x03                       .
INFO:carelink.io:usb.read.len: 64
INFO:carelink.io:usb.read.raw: 
0000   0x00 0x00 0x00 0x00 0x00 0x00 0x00 0x00   ........
0008   0x00 0x00 0x00 0x00 0x00 0x00 0x00 0x00   ........
0010   0x00 0x00 0x00 0x00 0x00 0x00 0x00 0x00   ........
0018   0x00 0x00 0x00 0x00 0x00 0x00 0x00 0x00   ........
0020   0x01 0x55 0x00 0x00 0x02 0x00 0x00 0x00   .U......
0028   0x05 0x04 0x00 0x00 0x00 0x00 0x00 0x00   ........
0030   0x00 0x00 0x00 0x00 0x00 0x00 0x00 0x00   ........
0038   0x00 0x00 0x00 0x00 0x00 0x00 0x00 0x00   ........
INFO:carelink.io:x:44 len: 0
INFO:carelink.io:carelink.command: <USBStatus:code=[3], label=usb.status, info=None>
0000   0x03                       .
INFO:carelink.io:usb.write.len: 1
0000   0x03                       .
INFO:carelink.io:usb.read.len: 64
INFO:carelink.io:usb.read.raw: 
0000   0x00 0x00 0x00 0x00 0x00 0x00 0x00 0x00   ........
0008   0x00 0x00 0x00 0x00 0x00 0x00 0x00 0x00   ........
0010   0x00 0x00 0x00 0x00 0x00 0x00 0x00 0x00   ........
0018   0x00 0x00 0x00 0x00 0x00 0x00 0x00 0x00   ........
0020   0x01 0x55 0x00 0x00 0x02 0x00 0x00 0x00   .U......
0028   0x05 0x04 0x00 0x00 0x00 0x00 0x00 0x00   ........
0030   0x00 0x00 0x00 0x00 0x00 0x00 0x00 0x00   ........
0038   0x00 0x00 0x00 0x00 0x00 0x00 0x00 0x00   ........
INFO:carelink.io:x:45 len: 0
INFO:carelink.io:carelink.command: <USBStatus:code=[3], label=usb.status, info=None>
0000   0x03                       .
INFO:carelink.io:usb.write.len: 1
0000   0x03                       .
INFO:carelink.io:usb.read.len: 64
INFO:carelink.io:usb.read.raw: 
0000   0x00 0x00 0x00 0x00 0x00 0x00 0x00 0x00   ........
0008   0x00 0x00 0x00 0x00 0x00 0x00 0x00 0x00   ........
0010   0x00 0x00 0x00 0x00 0x00 0x00 0x00 0x00   ........
0018   0x00 0x00 0x00 0x00 0x00 0x00 0x00 0x00   ........
0020   0x01 0x55 0x00 0x00 0x02 0x00 0x00 0x00   .U......
0028   0x05 0x04 0x00 0x00 0x00 0x00 0x00 0x00   ........
0030   0x00 0x00 0x00 0x00 0x00 0x00 0x00 0x00   ........
0038   0x00 0x00 0x00 0x00 0x00 0x00 0x00 0x00   ........
INFO:carelink.io:x:46 len: 0
INFO:carelink.io:carelink.command: <USBStatus:code=[3], label=usb.status, info=None>
0000   0x03                       .
INFO:carelink.io:usb.write.len: 1
0000   0x03                       .
INFO:carelink.io:usb.read.len: 64
INFO:carelink.io:usb.read.raw: 
0000   0x00 0x00 0x00 0x00 0x00 0x00 0x00 0x00   ........
0008   0x00 0x00 0x00 0x00 0x00 0x00 0x00 0x00   ........
0010   0x00 0x00 0x00 0x00 0x00 0x00 0x00 0x00   ........
0018   0x00 0x00 0x00 0x00 0x00 0x00 0x00 0x00   ........
0020   0x01 0x55 0x00 0x00 0x02 0x00 0x00 0x00   .U......
0028   0x05 0x04 0x00 0x00 0x00 0x00 0x00 0x00   ........
0030   0x00 0x00 0x00 0x00 0x00 0x00 0x00 0x00   ........
0038   0x00 0x00 0x00 0x00 0x00 0x00 0x00 0x00   ........
INFO:carelink.io:x:47 len: 0
INFO:carelink.io:carelink.command: <USBStatus:code=[3], label=usb.status, info=None>
0000   0x03                       .
INFO:carelink.io:usb.write.len: 1
0000   0x03                       .
INFO:carelink.io:usb.read.len: 64
INFO:carelink.io:usb.read.raw: 
0000   0x00 0x00 0x00 0x00 0x00 0x00 0x00 0x00   ........
0008   0x00 0x00 0x00 0x00 0x00 0x00 0x00 0x00   ........
0010   0x00 0x00 0x00 0x00 0x00 0x00 0x00 0x00   ........
0018   0x00 0x00 0x00 0x00 0x00 0x00 0x00 0x00   ........
0020   0x01 0x55 0x00 0x00 0x02 0x00 0x00 0x00   .U......
0028   0x05 0x04 0x00 0x00 0x00 0x00 0x00 0x00   ........
0030   0x00 0x00 0x00 0x00 0x00 0x00 0x00 0x00   ........
0038   0x00 0x00 0x00 0x00 0x00 0x00 0x00 0x00   ........
INFO:carelink.io:x:48 len: 0
INFO:carelink.io:carelink.command: <USBStatus:code=[3], label=usb.status, info=None>
0000   0x03                       .
INFO:carelink.io:usb.write.len: 1
0000   0x03                       .
INFO:carelink.io:usb.read.len: 64
INFO:carelink.io:usb.read.raw: 
0000   0x00 0x00 0x00 0x00 0x00 0x00 0x00 0x00   ........
0008   0x00 0x00 0x00 0x00 0x00 0x00 0x00 0x00   ........
0010   0x00 0x00 0x00 0x00 0x00 0x00 0x00 0x00   ........
0018   0x00 0x00 0x00 0x00 0x00 0x00 0x00 0x00   ........
0020   0x01 0x55 0x00 0x00 0x02 0x00 0x00 0x00   .U......
0028   0x05 0x04 0x00 0x00 0x00 0x00 0x00 0x00   ........
0030   0x00 0x00 0x00 0x00 0x00 0x00 0x00 0x00   ........
0038   0x00 0x00 0x00 0x00 0x00 0x00 0x00 0x00   ........
INFO:carelink.io:x:49 len: 0
INFO:carelink.io:carelink.command: <USBStatus:code=[3], label=usb.status, info=None>
0000   0x03                       .
INFO:carelink.io:usb.write.len: 1
0000   0x03                       .
INFO:carelink.io:usb.read.len: 64
INFO:carelink.io:usb.read.raw: 
0000   0x00 0x00 0x00 0x00 0x00 0x00 0x00 0x00   ........
0008   0x00 0x00 0x00 0x00 0x00 0x00 0x00 0x00   ........
0010   0x00 0x00 0x00 0x00 0x00 0x00 0x00 0x00   ........
0018   0x00 0x00 0x00 0x00 0x00 0x00 0x00 0x00   ........
0020   0x01 0x55 0x00 0x00 0x02 0x00 0x00 0x00   .U......
0028   0x05 0x04 0x00 0x00 0x00 0x00 0x00 0x00   ........
0030   0x00 0x00 0x00 0x00 0x00 0x00 0x00 0x00   ........
0038   0x00 0x00 0x00 0x00 0x00 0x00 0x00 0x00   ........
INFO:carelink.io:x:50 len: 0
INFO:carelink.io:carelink.command: <USBStatus:code=[3], label=usb.status, info=None>
0000   0x03                       .
INFO:carelink.io:usb.write.len: 1
0000   0x03                       .
INFO:carelink.io:usb.read.len: 64
INFO:carelink.io:usb.read.raw: 
0000   0x00 0x00 0x00 0x00 0x00 0x00 0x00 0x00   ........
0008   0x00 0x00 0x00 0x00 0x00 0x00 0x00 0x00   ........
0010   0x00 0x00 0x00 0x00 0x00 0x00 0x00 0x00   ........
0018   0x00 0x00 0x00 0x00 0x00 0x00 0x00 0x00   ........
0020   0x01 0x55 0x00 0x00 0x02 0x00 0x00 0x00   .U......
0028   0x05 0x04 0x00 0x00 0x00 0x00 0x00 0x00   ........
0030   0x00 0x00 0x00 0x00 0x00 0x00 0x00 0x00   ........
0038   0x00 0x00 0x00 0x00 0x00 0x00 0x00 0x00   ........
INFO:carelink.io:x:51 len: 0
INFO:carelink.io:carelink.command: <USBStatus:code=[3], label=usb.status, info=None>
0000   0x03                       .
INFO:carelink.io:usb.write.len: 1
0000   0x03                       .
INFO:carelink.io:usb.read.len: 64
INFO:carelink.io:usb.read.raw: 
0000   0x00 0x00 0x00 0x00 0x00 0x00 0x00 0x00   ........
0008   0x00 0x00 0x00 0x00 0x00 0x00 0x00 0x00   ........
0010   0x00 0x00 0x00 0x00 0x00 0x00 0x00 0x00   ........
0018   0x00 0x00 0x00 0x00 0x00 0x00 0x00 0x00   ........
0020   0x01 0x55 0x00 0x00 0x02 0x00 0x00 0x00   .U......
0028   0x05 0x04 0x00 0x00 0x00 0x00 0x00 0x00   ........
0030   0x00 0x00 0x00 0x00 0x00 0x00 0x00 0x00   ........
0038   0x00 0x00 0x00 0x00 0x00 0x00 0x00 0x00   ........
INFO:carelink.io:x:52 len: 0
INFO:carelink.io:carelink.command: <USBStatus:code=[3], label=usb.status, info=None>
0000   0x03                       .
INFO:carelink.io:usb.write.len: 1
0000   0x03                       .
INFO:carelink.io:usb.read.len: 64
INFO:carelink.io:usb.read.raw: 
0000   0x00 0x00 0x00 0x00 0x00 0x00 0x00 0x00   ........
0008   0x00 0x00 0x00 0x00 0x00 0x00 0x00 0x00   ........
0010   0x00 0x00 0x00 0x00 0x00 0x00 0x00 0x00   ........
0018   0x00 0x00 0x00 0x00 0x00 0x00 0x00 0x00   ........
0020   0x01 0x55 0x00 0x00 0x02 0x00 0x00 0x00   .U......
0028   0x05 0x04 0x00 0x00 0x00 0x00 0x00 0x00   ........
0030   0x00 0x00 0x00 0x00 0x00 0x00 0x00 0x00   ........
0038   0x00 0x00 0x00 0x00 0x00 0x00 0x00 0x00   ........
INFO:carelink.io:x:53 len: 0
INFO:carelink.io:carelink.command: <USBStatus:code=[3], label=usb.status, info=None>
0000   0x03                       .
INFO:carelink.io:usb.write.len: 1
0000   0x03                       .
INFO:carelink.io:usb.read.len: 64
INFO:carelink.io:usb.read.raw: 
0000   0x00 0x00 0x00 0x00 0x00 0x00 0x00 0x00   ........
0008   0x00 0x00 0x00 0x00 0x00 0x00 0x00 0x00   ........
0010   0x00 0x00 0x00 0x00 0x00 0x00 0x00 0x00   ........
0018   0x00 0x00 0x00 0x00 0x00 0x00 0x00 0x00   ........
0020   0x01 0x55 0x00 0x00 0x02 0x00 0x00 0x00   .U......
0028   0x05 0x04 0x00 0x00 0x00 0x00 0x00 0x00   ........
0030   0x00 0x00 0x00 0x00 0x00 0x00 0x00 0x00   ........
0038   0x00 0x00 0x00 0x00 0x00 0x00 0x00 0x00   ........
INFO:carelink.io:x:54 len: 0
INFO:carelink.io:carelink.command: <USBStatus:code=[3], label=usb.status, info=None>
0000   0x03                       .
INFO:carelink.io:usb.write.len: 1
0000   0x03                       .
INFO:carelink.io:usb.read.len: 64
INFO:carelink.io:usb.read.raw: 
0000   0x00 0x00 0x00 0x00 0x00 0x00 0x00 0x00   ........
0008   0x00 0x00 0x00 0x00 0x00 0x00 0x00 0x00   ........
0010   0x00 0x00 0x00 0x00 0x00 0x00 0x00 0x00   ........
0018   0x00 0x00 0x00 0x00 0x00 0x00 0x00 0x00   ........
0020   0x01 0x55 0x00 0x00 0x02 0x00 0x00 0x00   .U......
0028   0x05 0x04 0x00 0x00 0x00 0x00 0x00 0x00   ........
0030   0x00 0x00 0x00 0x00 0x00 0x00 0x00 0x00   ........
0038   0x00 0x00 0x00 0x00 0x00 0x00 0x00 0x00   ........
INFO:carelink.io:x:55 len: 0
INFO:carelink.io:carelink.command: <USBStatus:code=[3], label=usb.status, info=None>
0000   0x03                       .
INFO:carelink.io:usb.write.len: 1
0000   0x03                       .
INFO:carelink.io:usb.read.len: 64
INFO:carelink.io:usb.read.raw: 
0000   0x00 0x00 0x00 0x00 0x00 0x00 0x00 0x00   ........
0008   0x00 0x00 0x00 0x00 0x00 0x00 0x00 0x00   ........
0010   0x00 0x00 0x00 0x00 0x00 0x00 0x00 0x00   ........
0018   0x00 0x00 0x00 0x00 0x00 0x00 0x00 0x00   ........
0020   0x01 0x55 0x00 0x00 0x02 0x00 0x00 0x00   .U......
0028   0x05 0x04 0x00 0x00 0x00 0x00 0x00 0x00   ........
0030   0x00 0x00 0x00 0x00 0x00 0x00 0x00 0x00   ........
0038   0x00 0x00 0x00 0x00 0x00 0x00 0x00 0x00   ........
INFO:carelink.io:x:56 len: 0
INFO:carelink.io:carelink.command: <USBStatus:code=[3], label=usb.status, info=None>
0000   0x03                       .
INFO:carelink.io:usb.write.len: 1
0000   0x03                       .
INFO:carelink.io:usb.read.len: 64
INFO:carelink.io:usb.read.raw: 
0000   0x00 0x00 0x00 0x00 0x00 0x00 0x00 0x00   ........
0008   0x00 0x00 0x00 0x00 0x00 0x00 0x00 0x00   ........
0010   0x00 0x00 0x00 0x00 0x00 0x00 0x00 0x00   ........
0018   0x00 0x00 0x00 0x00 0x00 0x00 0x00 0x00   ........
0020   0x01 0x55 0x00 0x00 0x02 0x00 0x00 0x00   .U......
0028   0x05 0x04 0x00 0x00 0x00 0x00 0x00 0x00   ........
0030   0x00 0x00 0x00 0x00 0x00 0x00 0x00 0x00   ........
0038   0x00 0x00 0x00 0x00 0x00 0x00 0x00 0x00   ........
INFO:carelink.io:x:57 len: 0
INFO:carelink.io:carelink.command: <USBStatus:code=[3], label=usb.status, info=None>
0000   0x03                       .
INFO:carelink.io:usb.write.len: 1
0000   0x03                       .
INFO:carelink.io:usb.read.len: 64
INFO:carelink.io:usb.read.raw: 
0000   0x00 0x00 0x00 0x00 0x00 0x00 0x00 0x00   ........
0008   0x00 0x00 0x00 0x00 0x00 0x00 0x00 0x00   ........
0010   0x00 0x00 0x00 0x00 0x00 0x00 0x00 0x00   ........
0018   0x00 0x00 0x00 0x00 0x00 0x00 0x00 0x00   ........
0020   0x01 0x55 0x00 0x00 0x02 0x00 0x00 0x00   .U......
0028   0x05 0x04 0x00 0x00 0x00 0x00 0x00 0x00   ........
0030   0x00 0x00 0x00 0x00 0x00 0x00 0x00 0x00   ........
0038   0x00 0x00 0x00 0x00 0x00 0x00 0x00 0x00   ........
INFO:carelink.io:x:58 len: 0
INFO:carelink.io:carelink.command: <USBStatus:code=[3], label=usb.status, info=None>
0000   0x03                       .
INFO:carelink.io:usb.write.len: 1
0000   0x03                       .
INFO:carelink.io:usb.read.len: 64
INFO:carelink.io:usb.read.raw: 
0000   0x00 0x00 0x00 0x00 0x00 0x00 0x00 0x00   ........
0008   0x00 0x00 0x00 0x00 0x00 0x00 0x00 0x00   ........
0010   0x00 0x00 0x00 0x00 0x00 0x00 0x00 0x00   ........
0018   0x00 0x00 0x00 0x00 0x00 0x00 0x00 0x00   ........
0020   0x01 0x55 0x00 0x00 0x02 0x00 0x00 0x00   .U......
0028   0x05 0x04 0x00 0x00 0x00 0x00 0x00 0x00   ........
0030   0x00 0x00 0x00 0x00 0x00 0x00 0x00 0x00   ........
0038   0x00 0x00 0x00 0x00 0x00 0x00 0x00 0x00   ........
INFO:carelink.io:x:59 len: 0
INFO:carelink.io:carelink.command: <USBStatus:code=[3], label=usb.status, info=None>
0000   0x03                       .
INFO:carelink.io:usb.write.len: 1
0000   0x03                       .
INFO:carelink.io:usb.read.len: 64
INFO:carelink.io:usb.read.raw: 
0000   0x00 0x00 0x00 0x00 0x00 0x00 0x00 0x00   ........
0008   0x00 0x00 0x00 0x00 0x00 0x00 0x00 0x00   ........
0010   0x00 0x00 0x00 0x00 0x00 0x00 0x00 0x00   ........
0018   0x00 0x00 0x00 0x00 0x00 0x00 0x00 0x00   ........
0020   0x01 0x55 0x00 0x00 0x02 0x00 0x00 0x00   .U......
0028   0x05 0x04 0x00 0x00 0x00 0x00 0x00 0x00   ........
0030   0x00 0x00 0x00 0x00 0x00 0x00 0x00 0x00   ........
0038   0x00 0x00 0x00 0x00 0x00 0x00 0x00 0x00   ........
INFO:carelink.io:x:60 len: 0
INFO:carelink.io:carelink.command: <USBStatus:code=[3], label=usb.status, info=None>
0000   0x03                       .
INFO:carelink.io:usb.write.len: 1
0000   0x03                       .
INFO:carelink.io:usb.read.len: 64
INFO:carelink.io:usb.read.raw: 
0000   0x00 0x00 0x00 0x00 0x00 0x00 0x00 0x00   ........
0008   0x00 0x00 0x00 0x00 0x00 0x00 0x00 0x00   ........
0010   0x00 0x00 0x00 0x00 0x00 0x00 0x00 0x00   ........
0018   0x00 0x00 0x00 0x00 0x00 0x00 0x00 0x00   ........
0020   0x01 0x55 0x00 0x00 0x02 0x00 0x00 0x00   .U......
0028   0x05 0x04 0x00 0x00 0x00 0x00 0x00 0x00   ........
0030   0x00 0x00 0x00 0x00 0x00 0x00 0x00 0x00   ........
0038   0x00 0x00 0x00 0x00 0x00 0x00 0x00 0x00   ........
INFO:carelink.io:x:61 len: 0
INFO:carelink.io:carelink.command: <USBStatus:code=[3], label=usb.status, info=None>
0000   0x03                       .
INFO:carelink.io:usb.write.len: 1
0000   0x03                       .
INFO:carelink.io:usb.read.len: 64
INFO:carelink.io:usb.read.raw: 
0000   0x00 0x00 0x00 0x00 0x00 0x00 0x00 0x00   ........
0008   0x00 0x00 0x00 0x00 0x00 0x00 0x00 0x00   ........
0010   0x00 0x00 0x00 0x00 0x00 0x00 0x00 0x00   ........
0018   0x00 0x00 0x00 0x00 0x00 0x00 0x00 0x00   ........
0020   0x01 0x55 0x00 0x00 0x02 0x00 0x00 0x00   .U......
0028   0x05 0x04 0x00 0x00 0x00 0x00 0x00 0x00   ........
0030   0x00 0x00 0x00 0x00 0x00 0x00 0x00 0x00   ........
0038   0x00 0x00 0x00 0x00 0x00 0x00 0x00 0x00   ........
INFO:carelink.io:x:62 len: 0
INFO:carelink.io:carelink.command: <USBStatus:code=[3], label=usb.status, info=None>
0000   0x03                       .
INFO:carelink.io:usb.write.len: 1
0000   0x03                       .
INFO:carelink.io:usb.read.len: 64
INFO:carelink.io:usb.read.raw: 
0000   0x00 0x00 0x00 0x00 0x00 0x00 0x00 0x00   ........
0008   0x00 0x00 0x00 0x00 0x00 0x00 0x00 0x00   ........
0010   0x00 0x00 0x00 0x00 0x00 0x00 0x00 0x00   ........
0018   0x00 0x00 0x00 0x00 0x00 0x00 0x00 0x00   ........
0020   0x01 0x55 0x00 0x00 0x02 0x00 0x00 0x00   .U......
0028   0x05 0x04 0x00 0x00 0x00 0x00 0x00 0x00   ........
0030   0x00 0x00 0x00 0x00 0x00 0x00 0x00 0x00   ........
0038   0x00 0x00 0x00 0x00 0x00 0x00 0x00 0x00   ........
INFO:carelink.io:x:63 len: 0
INFO:carelink.io:carelink.command: <USBStatus:code=[3], label=usb.status, info=None>
0000   0x03                       .
INFO:carelink.io:usb.write.len: 1
0000   0x03                       .
INFO:carelink.io:usb.read.len: 64
INFO:carelink.io:usb.read.raw: 
0000   0x00 0x00 0x00 0x00 0x00 0x00 0x00 0x00   ........
0008   0x00 0x00 0x00 0x00 0x00 0x00 0x00 0x00   ........
0010   0x00 0x00 0x00 0x00 0x00 0x00 0x00 0x00   ........
0018   0x00 0x00 0x00 0x00 0x00 0x00 0x00 0x00   ........
0020   0x01 0x55 0x00 0x00 0x02 0x00 0x00 0x00   .U......
0028   0x05 0x04 0x00 0x00 0x00 0x00 0x00 0x00   ........
0030   0x00 0x00 0x00 0x00 0x00 0x00 0x00 0x00   ........
0038   0x00 0x00 0x00 0x00 0x00 0x00 0x00 0x00   ........
INFO:carelink.io:x:64 len: 0
INFO:carelink.io:carelink.command: <USBStatus:code=[3], label=usb.status, info=None>
0000   0x03                       .
INFO:carelink.io:usb.write.len: 1
0000   0x03                       .
INFO:carelink.io:usb.read.len: 64
INFO:carelink.io:usb.read.raw: 
0000   0x00 0x00 0x00 0x00 0x00 0x00 0x00 0x00   ........
0008   0x00 0x00 0x00 0x00 0x00 0x00 0x00 0x00   ........
0010   0x00 0x00 0x00 0x00 0x00 0x00 0x00 0x00   ........
0018   0x00 0x00 0x00 0x00 0x00 0x00 0x00 0x00   ........
0020   0x01 0x55 0x00 0x00 0x02 0x00 0x00 0x00   .U......
0028   0x05 0x04 0x00 0x00 0x00 0x00 0x00 0x00   ........
0030   0x00 0x00 0x00 0x00 0x00 0x00 0x00 0x00   ........
0038   0x00 0x00 0x00 0x00 0x00 0x00 0x00 0x00   ........
INFO:carelink.io:x:65 len: 0
INFO:carelink.io:carelink.command: <USBStatus:code=[3], label=usb.status, info=None>
0000   0x03                       .
INFO:carelink.io:usb.write.len: 1
0000   0x03                       .
INFO:carelink.io:usb.read.len: 64
INFO:carelink.io:usb.read.raw: 
0000   0x00 0x00 0x00 0x00 0x00 0x00 0x00 0x00   ........
0008   0x00 0x00 0x00 0x00 0x00 0x00 0x00 0x00   ........
0010   0x00 0x00 0x00 0x00 0x00 0x00 0x00 0x00   ........
0018   0x00 0x00 0x00 0x00 0x00 0x00 0x00 0x00   ........
0020   0x01 0x55 0x00 0x00 0x02 0x00 0x00 0x00   .U......
0028   0x05 0x04 0x00 0x00 0x00 0x00 0x00 0x00   ........
0030   0x00 0x00 0x00 0x00 0x00 0x00 0x00 0x00   ........
0038   0x00 0x00 0x00 0x00 0x00 0x00 0x00 0x00   ........
INFO:carelink.io:x:66 len: 0
INFO:carelink.io:carelink.command: <USBStatus:code=[3], label=usb.status, info=None>
0000   0x03                       .
INFO:carelink.io:usb.write.len: 1
0000   0x03                       .
INFO:carelink.io:usb.read.len: 64
INFO:carelink.io:usb.read.raw: 
0000   0x00 0x00 0x00 0x00 0x00 0x00 0x00 0x00   ........
0008   0x00 0x00 0x00 0x00 0x00 0x00 0x00 0x00   ........
0010   0x00 0x00 0x00 0x00 0x00 0x00 0x00 0x00   ........
0018   0x00 0x00 0x00 0x00 0x00 0x00 0x00 0x00   ........
0020   0x01 0x55 0x00 0x00 0x02 0x00 0x00 0x00   .U......
0028   0x05 0x04 0x00 0x00 0x00 0x00 0x00 0x00   ........
0030   0x00 0x00 0x00 0x00 0x00 0x00 0x00 0x00   ........
0038   0x00 0x00 0x00 0x00 0x00 0x00 0x00 0x00   ........
INFO:carelink.io:x:67 len: 0
INFO:carelink.io:carelink.command: <USBStatus:code=[3], label=usb.status, info=None>
0000   0x03                       .
INFO:carelink.io:usb.write.len: 1
0000   0x03                       .
INFO:carelink.io:usb.read.len: 64
INFO:carelink.io:usb.read.raw: 
0000   0x00 0x00 0x00 0x00 0x00 0x00 0x00 0x00   ........
0008   0x00 0x00 0x00 0x00 0x00 0x00 0x00 0x00   ........
0010   0x00 0x00 0x00 0x00 0x00 0x00 0x00 0x00   ........
0018   0x00 0x00 0x00 0x00 0x00 0x00 0x00 0x00   ........
0020   0x01 0x55 0x00 0x00 0x02 0x00 0x00 0x00   .U......
0028   0x05 0x04 0x00 0x00 0x00 0x00 0x00 0x00   ........
0030   0x00 0x00 0x00 0x00 0x00 0x00 0x00 0x00   ........
0038   0x00 0x00 0x00 0x00 0x00 0x00 0x00 0x00   ........
INFO:carelink.io:x:68 len: 0
INFO:carelink.io:carelink.command: <USBStatus:code=[3], label=usb.status, info=None>
0000   0x03                       .
INFO:carelink.io:usb.write.len: 1
0000   0x03                       .
INFO:carelink.io:usb.read.len: 64
INFO:carelink.io:usb.read.raw: 
0000   0x00 0x00 0x00 0x00 0x00 0x00 0x00 0x00   ........
0008   0x00 0x00 0x00 0x00 0x00 0x00 0x00 0x00   ........
0010   0x00 0x00 0x00 0x00 0x00 0x00 0x00 0x00   ........
0018   0x00 0x00 0x00 0x00 0x00 0x00 0x00 0x00   ........
0020   0x01 0x55 0x00 0x00 0x02 0x00 0x00 0x00   .U......
0028   0x05 0x04 0x00 0x00 0x00 0x00 0x00 0x00   ........
0030   0x00 0x00 0x00 0x00 0x00 0x00 0x00 0x00   ........
0038   0x00 0x00 0x00 0x00 0x00 0x00 0x00 0x00   ........
INFO:carelink.io:x:69 len: 0
INFO:carelink.io:carelink.command: <USBStatus:code=[3], label=usb.status, info=None>
0000   0x03                       .
INFO:carelink.io:usb.write.len: 1
0000   0x03                       .
INFO:carelink.io:usb.read.len: 64
INFO:carelink.io:usb.read.raw: 
0000   0x00 0x00 0x00 0x00 0x00 0x00 0x00 0x00   ........
0008   0x00 0x00 0x00 0x00 0x00 0x00 0x00 0x00   ........
0010   0x00 0x00 0x00 0x00 0x00 0x00 0x00 0x00   ........
0018   0x00 0x00 0x00 0x00 0x00 0x00 0x00 0x00   ........
0020   0x01 0x55 0x00 0x00 0x02 0x00 0x00 0x00   .U......
0028   0x05 0x04 0x00 0x00 0x00 0x00 0x00 0x00   ........
0030   0x00 0x00 0x00 0x00 0x00 0x00 0x00 0x00   ........
0038   0x00 0x00 0x00 0x00 0x00 0x00 0x00 0x00   ........
INFO:carelink.io:x:70 len: 0
INFO:carelink.io:carelink.command: <USBStatus:code=[3], label=usb.status, info=None>
0000   0x03                       .
INFO:carelink.io:usb.write.len: 1
0000   0x03                       .
INFO:carelink.io:usb.read.len: 64
INFO:carelink.io:usb.read.raw: 
0000   0x00 0x00 0x00 0x00 0x00 0x00 0x00 0x00   ........
0008   0x00 0x00 0x00 0x00 0x00 0x00 0x00 0x00   ........
0010   0x00 0x00 0x00 0x00 0x00 0x00 0x00 0x00   ........
0018   0x00 0x00 0x00 0x00 0x00 0x00 0x00 0x00   ........
0020   0x01 0x55 0x00 0x00 0x02 0x00 0x00 0x00   .U......
0028   0x05 0x04 0x00 0x00 0x00 0x00 0x00 0x00   ........
0030   0x00 0x00 0x00 0x00 0x00 0x00 0x00 0x00   ........
0038   0x00 0x00 0x00 0x00 0x00 0x00 0x00 0x00   ........
INFO:carelink.io:x:71 len: 0
INFO:carelink.io:carelink.command: <USBStatus:code=[3], label=usb.status, info=None>
0000   0x03                       .
INFO:carelink.io:usb.write.len: 1
0000   0x03                       .
INFO:carelink.io:usb.read.len: 64
INFO:carelink.io:usb.read.raw: 
0000   0x00 0x00 0x00 0x00 0x00 0x00 0x00 0x00   ........
0008   0x00 0x00 0x00 0x00 0x00 0x00 0x00 0x00   ........
0010   0x00 0x00 0x00 0x00 0x00 0x00 0x00 0x00   ........
0018   0x00 0x00 0x00 0x00 0x00 0x00 0x00 0x00   ........
0020   0x01 0x55 0x00 0x00 0x02 0x00 0x00 0x00   .U......
0028   0x05 0x04 0x00 0x00 0x00 0x00 0x00 0x00   ........
0030   0x00 0x00 0x00 0x00 0x00 0x00 0x00 0x00   ........
0038   0x00 0x00 0x00 0x00 0x00 0x00 0x00 0x00   ........
INFO:carelink.io:x:72 len: 0
INFO:carelink.io:carelink.command: <USBStatus:code=[3], label=usb.status, info=None>
0000   0x03                       .
INFO:carelink.io:usb.write.len: 1
0000   0x03                       .
INFO:carelink.io:usb.read.len: 64
INFO:carelink.io:usb.read.raw: 
0000   0x00 0x00 0x00 0x00 0x00 0x00 0x00 0x00   ........
0008   0x00 0x00 0x00 0x00 0x00 0x00 0x00 0x00   ........
0010   0x00 0x00 0x00 0x00 0x00 0x00 0x00 0x00   ........
0018   0x00 0x00 0x00 0x00 0x00 0x00 0x00 0x00   ........
0020   0x01 0x55 0x00 0x00 0x02 0x00 0x00 0x00   .U......
0028   0x05 0x04 0x00 0x00 0x00 0x00 0x00 0x00   ........
0030   0x00 0x00 0x00 0x00 0x00 0x00 0x00 0x00   ........
0038   0x00 0x00 0x00 0x00 0x00 0x00 0x00 0x00   ........
INFO:carelink.io:x:73 len: 0
INFO:carelink.io:carelink.command: <USBStatus:code=[3], label=usb.status, info=None>
0000   0x03                       .
INFO:carelink.io:usb.write.len: 1
0000   0x03                       .
INFO:carelink.io:usb.read.len: 64
INFO:carelink.io:usb.read.raw: 
0000   0x00 0x00 0x00 0x00 0x00 0x00 0x00 0x00   ........
0008   0x00 0x00 0x00 0x00 0x00 0x00 0x00 0x00   ........
0010   0x00 0x00 0x00 0x00 0x00 0x00 0x00 0x00   ........
0018   0x00 0x00 0x00 0x00 0x00 0x00 0x00 0x00   ........
0020   0x01 0x55 0x00 0x00 0x02 0x00 0x00 0x00   .U......
0028   0x05 0x04 0x00 0x00 0x00 0x00 0x00 0x00   ........
0030   0x00 0x00 0x00 0x00 0x00 0x00 0x00 0x00   ........
0038   0x00 0x00 0x00 0x00 0x00 0x00 0x00 0x00   ........
INFO:carelink.io:x:74 len: 0
INFO:carelink.io:carelink.command: <USBStatus:code=[3], label=usb.status, info=None>
0000   0x03                       .
INFO:carelink.io:usb.write.len: 1
0000   0x03                       .
INFO:carelink.io:usb.read.len: 64
INFO:carelink.io:usb.read.raw: 
0000   0x00 0x00 0x00 0x00 0x00 0x00 0x00 0x00   ........
0008   0x00 0x00 0x00 0x00 0x00 0x00 0x00 0x00   ........
0010   0x00 0x00 0x00 0x00 0x00 0x00 0x00 0x00   ........
0018   0x00 0x00 0x00 0x00 0x00 0x00 0x00 0x00   ........
0020   0x01 0x55 0x00 0x00 0x02 0x00 0x00 0x00   .U......
0028   0x05 0x04 0x00 0x00 0x00 0x00 0x00 0x00   ........
0030   0x00 0x00 0x00 0x00 0x00 0x00 0x00 0x00   ........
0038   0x00 0x00 0x00 0x00 0x00 0x00 0x00 0x00   ........
INFO:carelink.io:x:75 len: 0
INFO:carelink.io:carelink.command: <USBStatus:code=[3], label=usb.status, info=None>
0000   0x03                       .
INFO:carelink.io:usb.write.len: 1
0000   0x03                       .
INFO:carelink.io:usb.read.len: 64
INFO:carelink.io:usb.read.raw: 
0000   0x00 0x00 0x00 0x00 0x00 0x00 0x00 0x00   ........
0008   0x00 0x00 0x00 0x00 0x00 0x00 0x00 0x00   ........
0010   0x00 0x00 0x00 0x00 0x00 0x00 0x00 0x00   ........
0018   0x00 0x00 0x00 0x00 0x00 0x00 0x00 0x00   ........
0020   0x01 0x55 0x00 0x00 0x02 0x00 0x00 0x00   .U......
0028   0x05 0x04 0x00 0x00 0x00 0x00 0x00 0x00   ........
0030   0x00 0x00 0x00 0x00 0x00 0x00 0x00 0x00   ........
0038   0x00 0x00 0x00 0x00 0x00 0x00 0x00 0x00   ........
INFO:carelink.io:x:76 len: 0
INFO:carelink.io:carelink.command: <USBStatus:code=[3], label=usb.status, info=None>
0000   0x03                       .
INFO:carelink.io:usb.write.len: 1
0000   0x03                       .
INFO:carelink.io:usb.read.len: 64
INFO:carelink.io:usb.read.raw: 
0000   0x00 0x00 0x00 0x00 0x00 0x00 0x00 0x00   ........
0008   0x00 0x00 0x00 0x00 0x00 0x00 0x00 0x00   ........
0010   0x00 0x00 0x00 0x00 0x00 0x00 0x00 0x00   ........
0018   0x00 0x00 0x00 0x00 0x00 0x00 0x00 0x00   ........
0020   0x01 0x55 0x00 0x00 0x02 0x00 0x00 0x00   .U......
0028   0x05 0x04 0x00 0x00 0x00 0x00 0x00 0x00   ........
0030   0x00 0x00 0x00 0x00 0x00 0x00 0x00 0x00   ........
0038   0x00 0x00 0x00 0x00 0x00 0x00 0x00 0x00   ........
INFO:carelink.io:x:77 len: 0
INFO:carelink.io:carelink.command: <USBStatus:code=[3], label=usb.status, info=None>
0000   0x03                       .
INFO:carelink.io:usb.write.len: 1
0000   0x03                       .
INFO:carelink.io:usb.read.len: 64
INFO:carelink.io:usb.read.raw: 
0000   0x00 0x00 0x00 0x00 0x00 0x00 0x00 0x00   ........
0008   0x00 0x00 0x00 0x00 0x00 0x00 0x00 0x00   ........
0010   0x00 0x00 0x00 0x00 0x00 0x00 0x00 0x00   ........
0018   0x00 0x00 0x00 0x00 0x00 0x00 0x00 0x00   ........
0020   0x01 0x55 0x00 0x00 0x02 0x00 0x00 0x00   .U......
0028   0x05 0x04 0x00 0x00 0x00 0x00 0x00 0x00   ........
0030   0x00 0x00 0x00 0x00 0x00 0x00 0x00 0x00   ........
0038   0x00 0x00 0x00 0x00 0x00 0x00 0x00 0x00   ........
INFO:carelink.io:x:78 len: 0
INFO:carelink.io:carelink.command: <USBStatus:code=[3], label=usb.status, info=None>
0000   0x03                       .
INFO:carelink.io:usb.write.len: 1
0000   0x03                       .
INFO:carelink.io:usb.read.len: 64
INFO:carelink.io:usb.read.raw: 
0000   0x00 0x00 0x00 0x00 0x00 0x00 0x00 0x00   ........
0008   0x00 0x00 0x00 0x00 0x00 0x00 0x00 0x00   ........
0010   0x00 0x00 0x00 0x00 0x00 0x00 0x00 0x00   ........
0018   0x00 0x00 0x00 0x00 0x00 0x00 0x00 0x00   ........
0020   0x01 0x55 0x00 0x00 0x02 0x00 0x00 0x00   .U......
0028   0x05 0x04 0x00 0x00 0x00 0x00 0x00 0x00   ........
0030   0x00 0x00 0x00 0x00 0x00 0x00 0x00 0x00   ........
0038   0x00 0x00 0x00 0x00 0x00 0x00 0x00 0x00   ........
INFO:carelink.io:x:79 len: 0
INFO:carelink.io:carelink.command: <USBStatus:code=[3], label=usb.status, info=None>
0000   0x03                       .
INFO:carelink.io:usb.write.len: 1
0000   0x03                       .
INFO:carelink.io:usb.read.len: 64
INFO:carelink.io:usb.read.raw: 
0000   0x00 0x00 0x00 0x00 0x00 0x00 0x00 0x00   ........
0008   0x00 0x00 0x00 0x00 0x00 0x00 0x00 0x00   ........
0010   0x00 0x00 0x00 0x00 0x00 0x00 0x00 0x00   ........
0018   0x00 0x00 0x00 0x00 0x00 0x00 0x00 0x00   ........
0020   0x01 0x55 0x00 0x00 0x02 0x00 0x00 0x00   .U......
0028   0x05 0x04 0x00 0x00 0x00 0x00 0x00 0x00   ........
0030   0x00 0x00 0x00 0x00 0x00 0x00 0x00 0x00   ........
0038   0x00 0x00 0x00 0x00 0x00 0x00 0x00 0x00   ........
INFO:carelink.io:x:80 len: 0
INFO:carelink.io:carelink.command: <USBStatus:code=[3], label=usb.status, info=None>
0000   0x03                       .
INFO:carelink.io:usb.write.len: 1
0000   0x03                       .
INFO:carelink.io:usb.read.len: 64
INFO:carelink.io:usb.read.raw: 
0000   0x00 0x00 0x00 0x00 0x00 0x00 0x00 0x00   ........
0008   0x00 0x00 0x00 0x00 0x00 0x00 0x00 0x00   ........
0010   0x00 0x00 0x00 0x00 0x00 0x00 0x00 0x00   ........
0018   0x00 0x00 0x00 0x00 0x00 0x00 0x00 0x00   ........
0020   0x01 0x55 0x00 0x00 0x02 0x00 0x00 0x00   .U......
0028   0x05 0x04 0x00 0x00 0x00 0x00 0x00 0x00   ........
0030   0x00 0x00 0x00 0x00 0x00 0x00 0x00 0x00   ........
0038   0x00 0x00 0x00 0x00 0x00 0x00 0x00 0x00   ........
INFO:carelink.io:x:81 len: 0
INFO:carelink.io:carelink.command: <USBStatus:code=[3], label=usb.status, info=None>
0000   0x03                       .
INFO:carelink.io:usb.write.len: 1
0000   0x03                       .
INFO:carelink.io:usb.read.len: 64
INFO:carelink.io:usb.read.raw: 
0000   0x00 0x00 0x00 0x00 0x00 0x00 0x00 0x00   ........
0008   0x00 0x00 0x00 0x00 0x00 0x00 0x00 0x00   ........
0010   0x00 0x00 0x00 0x00 0x00 0x00 0x00 0x00   ........
0018   0x00 0x00 0x00 0x00 0x00 0x00 0x00 0x00   ........
0020   0x01 0x55 0x00 0x00 0x02 0x00 0x00 0x00   .U......
0028   0x05 0x04 0x00 0x00 0x00 0x00 0x00 0x00   ........
0030   0x00 0x00 0x00 0x00 0x00 0x00 0x00 0x00   ........
0038   0x00 0x00 0x00 0x00 0x00 0x00 0x00 0x00   ........
INFO:carelink.io:x:82 len: 0
INFO:carelink.io:carelink.command: <USBStatus:code=[3], label=usb.status, info=None>
0000   0x03                       .
INFO:carelink.io:usb.write.len: 1
0000   0x03                       .
INFO:carelink.io:usb.read.len: 64
INFO:carelink.io:usb.read.raw: 
0000   0x00 0x00 0x00 0x00 0x00 0x00 0x00 0x00   ........
0008   0x00 0x00 0x00 0x00 0x00 0x00 0x00 0x00   ........
0010   0x00 0x00 0x00 0x00 0x00 0x00 0x00 0x00   ........
0018   0x00 0x00 0x00 0x00 0x00 0x00 0x00 0x00   ........
0020   0x01 0x55 0x00 0x00 0x02 0x00 0x00 0x00   .U......
0028   0x05 0x04 0x00 0x00 0x00 0x00 0x00 0x00   ........
0030   0x00 0x00 0x00 0x00 0x00 0x00 0x00 0x00   ........
0038   0x00 0x00 0x00 0x00 0x00 0x00 0x00 0x00   ........
INFO:carelink.io:x:83 len: 0
INFO:carelink.io:carelink.command: <USBStatus:code=[3], label=usb.status, info=None>
0000   0x03                       .
INFO:carelink.io:usb.write.len: 1
0000   0x03                       .
INFO:carelink.io:usb.read.len: 64
INFO:carelink.io:usb.read.raw: 
0000   0x00 0x00 0x00 0x00 0x00 0x00 0x00 0x00   ........
0008   0x00 0x00 0x00 0x00 0x00 0x00 0x00 0x00   ........
0010   0x00 0x00 0x00 0x00 0x00 0x00 0x00 0x00   ........
0018   0x00 0x00 0x00 0x00 0x00 0x00 0x00 0x00   ........
0020   0x01 0x55 0x00 0x00 0x02 0x00 0x00 0x00   .U......
0028   0x05 0x04 0x00 0x00 0x00 0x00 0x00 0x00   ........
0030   0x00 0x00 0x00 0x00 0x00 0x00 0x00 0x00   ........
0038   0x00 0x00 0x00 0x00 0x00 0x00 0x00 0x00   ........
INFO:carelink.io:x:84 len: 0
INFO:carelink.io:carelink.command: <USBStatus:code=[3], label=usb.status, info=None>
0000   0x03                       .
INFO:carelink.io:usb.write.len: 1
0000   0x03                       .
