INIT COMMS
--------- Request # 1 ----[OUT]----

USBProductInfo
** Data **
04 00 
--------- Request # 2 ----[OUT]----

** Data **
04 00 
--------- Request # 8 ----[IN]----

** Data **
01 55 00 08 1B 00 00 00
00 43 6F 6D 4C 69 6E 6B
20 49 49 01 10 02 00 01
01 03 00 00 00 00 00 00
00 00 00 00 00 00 00 00
00 00 00 00 00 00 00 00
00 00 00 00 00 00 00 00
00 00 00 00 00 00 00 00 
--------- Request # 9 ----[OUT]----

USBSignalStrength
** Data **
06 00 00 
--------- Request # 10 ----[OUT]----

** Data **
06 00 00 
--------- Request # 16 ----[IN]----

** Data **
01 55 00 C1 1B 00 00 00
00 43 6F 6D 4C 69 6E 6B
20 49 49 01 10 02 00 01
01 03 00 00 00 00 00 00
00 00 00 00 00 00 00 00
00 00 00 00 00 00 00 00
00 00 00 00 00 00 00 00
00 00 00 00 00 00 00 00 
--------- Request # 17 ----[OUT]----

USBSignalStrength
** Data **
06 00 00 
--------- Request # 18 ----[OUT]----

** Data **
06 00 00 
--------- Request # 24 ----[IN]----

** Data **
01 55 00 C1 1B 00 00 00
00 43 6F 6D 4C 69 6E 6B
20 49 49 01 10 02 00 01
01 03 00 00 00 00 00 00
00 00 00 00 00 00 00 00
00 00 00 00 00 00 00 00
00 00 00 00 00 00 00 00
00 00 00 00 00 00 00 00 

DONE WITH INIT COMMS???

--------- Request # 25 ----[OUT]----

RadioInterfaceStats
** Data **
05 00 00 
--------- Request # 26 ----[OUT]----

** Data **
05 00 00 
--------- Request # 32 ----[IN]----

** Data **
01 55 00 00 00 00 00 00
00 00 00 00 00 00 00 00
00 00 00 00 00 00 00 00
00 00 00 00 00 00 00 00
00 01 00 00 00 00 00 00
00 00 00 00 00 00 00 00
00 00 00 00 00 00 00 00
00 00 00 00 00 00 00 00 
--------- Request # 33 ----[OUT]----

USBInterfaceStats
** Data **
05 01 00 
--------- Request # 34 ----[OUT]----

** Data **
05 01 00 
--------- Request # 40 ----[IN]----

** Data **
01 55 00 00 00 00 00 00
00 00 04 00 00 00 04 00
05 00 08 00 04 04 00 00
05 00 00 00 00 00 00 00
00 01 00 00 00 00 00 00
00 00 00 00 00 00 00 00
00 00 00 00 00 00 00 00
00 00 00 00 00 00 00 00 
--------- Request # 41 ----[OUT]----

USBProductInfo
** Data **
04 00 
--------- Request # 42 ----[OUT]----

** Data **
04 00 
--------- Request # 48 ----[IN]----

** Data **
01 55 00 08 1B 00 00 00
00 43 6F 6D 4C 69 6E 6B
20 49 49 01 10 02 00 01
01 03 00 00 00 00 00 00
00 00 00 00 00 00 00 00
00 00 00 00 00 00 00 00
00 00 00 00 00 00 00 00
00 00 00 00 00 00 00 00 
--------- Request # 49 ----[OUT]----

isSignalPresent? USBSignalStrength
** Data **
06 00 00 
--------- Request # 50 ----[OUT]----

** Data **
06 00 00 
--------- Request # 56 ----[IN]----

** Data **
01 55 00 BF 1B 00 00 00
00 43 6F 6D 4C 69 6E 6B
20 49 49 01 10 02 00 01
01 03 00 00 00 00 00 00
00 00 00 00 00 00 00 00
00 00 00 00 00 00 00 00
00 00 00 00 00 00 00 00
00 00 00 00 00 00 00 00 
--------- Request # 57 ----[OUT]----

!!!!!!!!!!!!!!!!!!!!!!!!!!!!!!!!!!!!!!!
SUSPEND PUMP?
5D = 93 POWER_CTL
** Data **
01 00 A7 01 66 54 55 80
02 55 00 00 00 5D E6 01
0A A2 
--------- Request # 58 ----[OUT]----

** Data **
01 00 A7 01 66 54 55 80
02 55 00 00 00 5D E6 01
0A A2 
--------- Request # 64 ----[IN]----

** Data **
01 55 00 BF 1B 00 00 00
00 43 6F 6D 4C 69 6E 6B
20 49 49 01 10 02 00 01
01 03 00 00 00 00 00 00
00 00 00 00 00 00 00 00
00 00 00 00 00 00 00 00
00 00 00 00 00 00 00 00
00 00 00 00 00 00 00 00 

--------- Request # 65 ----[OUT]----

0x75 = 117 READ ERROR STATUS
!!!!!!!!!!!!!!!!!!!!!!
** Data **
01 00 A7 01 66 54 55 80
00 00 02 01 00 75 D7 00 
--------- Request # 66 ----[OUT]----

** Data **
01 00 A7 01 66 54 55 80
00 00 02 01 00 75 D7 00 
--------- Request # 72 ----[IN]----

** Data **
01 55 00 BF 1B 00 00 00
00 43 6F 6D 4C 69 6E 6B
20 49 49 01 10 02 00 01
01 03 00 00 00 00 00 00
00 00 00 00 00 00 00 00
00 00 00 00 00 00 00 00
00 00 00 00 00 00 00 00
00 00 00 00 00 00 00 00 

--------- Request # 73 ----[OUT]----

STATUS/GET LENGTH?
** Data **
03 00 
--------- Request # 74 ----[OUT]----

** Data **
03 00 
--------- Request # 80 ----[IN]----

** Data **
01 55 00 00 02 02 00 00
05 04 00 6D 4C 69 6E 6B
20 49 49 01 10 02 00 01
01 03 00 00 00 00 00 00
00 00 00 00 00 00 00 00
00 00 00 00 00 00 00 00
00 00 00 00 00 00 00 00
00 00 00 00 00 00 00 00 
--------- Request # 81 ----[OUT]----

USB STATUS/GET DATA LENGTH?
** Data **
03 00 
--------- Request # 82 ----[OUT]----

** Data **
03 00 
--------- Request # 88 ----[IN]----

** Data **
01 55 00 00 02 01 00 4E
05 04 00 6D 4C 69 6E 6B
20 49 49 01 10 02 00 01
01 03 00 00 00 00 00 00
00 00 00 00 00 00 00 00
00 00 00 00 00 00 00 00
00 00 00 00 00 00 00 00
00 00 00 00 00 00 00 00 
--------- Request # 89 ----[OUT]----

READ DATA
** Data **
0C 00 00 4E 95 
--------- Request # 90 ----[OUT]----

** Data **
0C 00 00 4E 95 
--------- Request # 96 ----[IN]----

** Data **
02 00 03 00 D9 80 40 A7
01 66 54 55 38 00 00 00
00 00 00 00 00 00 00 00
00 00 00 00 00 00 00 00
00 00 00 00 00 00 00 00
00 00 00 00 00 00 00 00
00 00 00 00 00 00 00 00
00 00 00 00 00 00 00 00 
--------- Request # 100 ----[IN]----

** Data **
00 00 00 00 00 00 00 00
00 00 00 00 00 00 
--------- Request # 101 ----[OUT]----

0x83 = 131 READ PUMP STATE
** Data **
01 00 A7 01 66 54 55 80
00 00 02 01 00 83 2E 00 
--------- Request # 102 ----[OUT]----

** Data **
01 00 A7 01 66 54 55 80
00 00 02 01 00 83 2E 00 
--------- Request # 108 ----[IN]----

** Data **
01 55 00 00 D9 80 40 A7
01 66 54 55 38 00 00 00
00 00 00 00 00 00 00 00
00 00 00 00 00 00 00 00
00 00 00 00 00 00 00 00
00 00 00 00 00 00 00 00
00 00 00 00 00 00 00 00
00 00 00 00 00 00 00 00 
--------- Request # 109 ----[OUT]----

USB/STATUS/LENGTH?
** Data **
03 00 
--------- Request # 110 ----[OUT]----

** Data **
03 00 
--------- Request # 116 ----[IN]----

** Data **
01 55 00 00 02 02 00 00
05 04 00 55 38 00 00 00
00 00 00 00 00 00 00 00
00 00 00 00 00 00 00 00
00 00 00 00 00 00 00 00
00 00 00 00 00 00 00 00
00 00 00 00 00 00 00 00
00 00 00 00 00 00 00 00 
--------- Request # 117 ----[OUT]----

** Data **
03 00 
--------- Request # 118 ----[OUT]----

** Data **
03 00 
--------- Request # 124 ----[IN]----

** Data **
01 55 00 00 02 01 00 4E
05 04 00 55 38 00 00 00
00 00 00 00 00 00 00 00
00 00 00 00 00 00 00 00
00 00 00 00 00 00 00 00
00 00 00 00 00 00 00 00
00 00 00 00 00 00 00 00
00 00 00 00 00 00 00 00 
--------- Request # 125 ----[OUT]----
GOT LENGTH, DO A READ?

** Data **
0C 00 00 4E 95 
--------- Request # 126 ----[OUT]----

** Data **
0C 00 00 4E 95 
--------- Request # 132 ----[IN]----

** Data **
02 00 03 00 D9 80 40 A7
01 66 54 55 38 03 00 00
00 00 00 00 00 00 00 00
00 00 00 00 00 00 00 00
00 00 00 00 00 00 00 00
00 00 00 00 00 00 00 00
00 00 00 00 00 00 00 00
00 00 00 00 00 00 00 00 
--------- Request # 136 ----[IN]----

** Data **
00 00 00 00 00 00 00 00
00 00 00 00 00 30 
--------- Request # 137 ----[OUT]----

** Data **
01 00 A7 01 66 54 55 80
00 00 02 01 00 98 33 00 
--------- Request # 138 ----[OUT]----

** Data **
01 00 A7 01 66 54 55 80 00 00 02 01 00 98 33 00 
--------- Request # 144 ----[IN]----

** Data **
01 55 00 00 D9 80 40 A7
01 66 54 55 38 03 00 00
00 00 00 00 00 00 00 00
00 00 00 00 00 00 00 00
00 00 00 00 00 00 00 00
00 00 00 00 00 00 00 00
00 00 00 00 00 00 00 00
00 00 00 00 00 00 00 00 
--------- Request # 145 ----[OUT]----

** Data **
03 00 
--------- Request # 146 ----[OUT]----

** Data **
03 00 
--------- Request # 152 ----[IN]----

** Data **
01 55 00 00 02 02 00 00
05 04 00 55 38 03 00 00
00 00 00 00 00 00 00 00
00 00 00 00 00 00 00 00
00 00 00 00 00 00 00 00
00 00 00 00 00 00 00 00
00 00 00 00 00 00 00 00
00 00 00 00 00 00 00 00 
--------- Request # 153 ----[OUT]----

** Data **
03 00 
--------- Request # 154 ----[OUT]----

** Data **
03 00 
--------- Request # 160 ----[IN]----

** Data **
01 55 00 00 02 01 00 4E
05 04 00 55 38 03 00 00
00 00 00 00 00 00 00 00
00 00 00 00 00 00 00 00
00 00 00 00 00 00 00 00
00 00 00 00 00 00 00 00
00 00 00 00 00 00 00 00
00 00 00 00 00 00 00 00 
--------- Request # 161 ----[OUT]----

** Data **
0C 00 00 4E 95 
--------- Request # 162 ----[OUT]----

** Data **
0C 00 00 4E 95 
--------- Request # 168 ----[IN]----

** Data **
02 00 03 00 D9 80 40 A7
01 66 54 55 38 00 00 00
1E 00 00 00 00 00 00 00
00 00 00 00 00 00 00 00
00 00 00 00 00 00 00 00
00 00 00 00 00 00 00 00
00 00 00 00 00 00 00 00
00 00 00 00 00 00 00 00 
--------- Request # 172 ----[IN]----

** Data **
00 00 00 00 00 00 00 00
00 00 00 00 00 FA 
--------- Request # 173 ----[OUT]----
!!!!!!!!!!!!!!!!!!!!!!!!!!!!!!!!!!
???0x8D = 141 (MM512) READ PUMP Model
** Data **
01 00 A7 01 66 54 55 80
00 00 02 01 00 8D 5B 00 

--------- Request # 174 ----[OUT]----

** Data **
01 00 A7 01 66 54 55 80
00 00 02 01 00 8D 5B 00 

--------- Request # 180 ----[IN]----

** Data **
01 55 00 00 D9 80 40 A7
01 66 54 55 38 00 00 00
1E 00 00 00 00 00 00 00
00 00 00 00 00 00 00 00
00 00 00 00 00 00 00 00
00 00 00 00 00 00 00 00
00 00 00 00 00 00 00 00
00 00 00 00 00 00 00 00 

--------- Request # 181 ----[OUT]----

** Data **
03 00 
--------- Request # 182 ----[OUT]----

** Data **
03 00 
--------- Request # 188 ----[IN]----

** Data **
01 55 00 00 02 02 00 00
05 04 00 55 38 00 00 00
1E 00 00 00 00 00 00 00
00 00 00 00 00 00 00 00
00 00 00 00 00 00 00 00
00 00 00 00 00 00 00 00
00 00 00 00 00 00 00 00
00 00 00 00 00 00 00 00 
--------- Request # 189 ----[OUT]----

** Data **
03 00 
--------- Request # 190 ----[OUT]----

** Data **
03 00 
--------- Request # 196 ----[IN]----

** Data **
01 55 00 00 02 01 00 4E
05 04 00 55 38 00 00 00
1E 00 00 00 00 00 00 00
00 00 00 00 00 00 00 00
00 00 00 00 00 00 00 00
00 00 00 00 00 00 00 00
00 00 00 00 00 00 00 00
00 00 00 00 00 00 00 00 
--------- Request # 197 ----[OUT]----

** Data **
0C 00 00 4E 95 
--------- Request # 198 ----[OUT]----

** Data **
0C 00 00 4E 95 
--------- Request # 204 ----[IN]----

** Data **
02 00 03 00 D9 80 40 A7
01 66 54 55 38 03 35 32
32 00 00 00 00 00 00 00
00 00 00 00 00 00 00 00
00 00 00 00 00 00 00 00
00 00 00 00 00 00 00 00
00 00 00 00 00 00 00 00
00 00 00 00 00 00 00 00 
--------- Request # 208 ----[IN]----

** Data **
00 00 00 00 00 00 00 00
00 00 00 00 00 B7 
--------- Request # 209 ----[OUT]----

** Data **
01 00 A7 01 66 54 55 80
00 00 00 01 00 CE 20 00 
--------- Request # 210 ----[OUT]----

** Data **
01 00 A7 01 66 54 55 80
00 00 00 01 00 CE 20 00 
--------- Request # 216 ----[IN]----

** Data **
01 55 00 00 D9 80 40 A7 01 66 54 55 38 03 35 32 32 00 00 00 00 00 00 00 00 00 00 00 00 00 00 00 00 00 00 00 00 00 00 00 00 00 00 00 00 00 00 00 00 00 00 00 00 00 00 00 00 00 00 00 00 00 00 00 
--------- Request # 217 ----[OUT]----

** Data **
03 00 
--------- Request # 218 ----[OUT]----

** Data **
03 00 
--------- Request # 224 ----[IN]----

** Data **
01 55 00 00 02 02 00 00 05 04 00 55 38 03 35 32 32 00 00 00 00 00 00 00 00 00 00 00 00 00 00 00 00 00 00 00 00 00 00 00 00 00 00 00 00 00 00 00 00 00 00 00 00 00 00 00 00 00 00 00 00 00 00 00 
--------- Request # 225 ----[OUT]----

** Data **
03 00 
--------- Request # 226 ----[OUT]----

** Data **
03 00 
--------- Request # 232 ----[IN]----

** Data **
01 55 00 00 02 01 00 4E 05 04 00 55 38 03 35 32 32 00 00 00 00 00 00 00 00 00 00 00 00 00 00 00 00 00 00 00 00 00 00 00 00 00 00 00 00 00 00 00 00 00 00 00 00 00 00 00 00 00 00 00 00 00 00 00 
--------- Request # 233 ----[OUT]----

** Data **
0C 00 00 4E 95 
--------- Request # 234 ----[OUT]----

** Data **
0C 00 00 4E 95 
--------- Request # 240 ----[IN]----

** Data **
02 00 03 00 DA 80 40 A7 01 66 54 55 04 03 00 00 00 00 00 00 00 00 00 00 00 00 00 00 00 00 00 00 00 00 00 00 00 00 00 00 00 00 00 00 00 00 00 00 00 00 00 00 00 00 00 00 00 00 00 00 00 00 00 00 
--------- Request # 244 ----[IN]----

** Data **
00 00 00 00 00 00 00 00 00 00 00 00 00 30 
--------- Request # 245 ----[OUT]----

** Data **
01 00 A7 01 66 54 55 80 01 00 02 00 00 4D 3B 00 00 
--------- Request # 246 ----[OUT]----

** Data **
01 00 A7 01 66 54 55 80 01 00 02 00 00 4D 3B 00 00 
--------- Request # 252 ----[IN]----

** Data **
01 55 00 00 DA 80 40 A7 01 66 54 55 04 03 00 00 00 00 00 00 00 00 00 00 00 00 00 00 00 00 00 00 00 00 00 00 00 00 00 00 00 00 00 00 00 00 00 00 00 00 00 00 00 00 00 00 00 00 00 00 00 00 00 00 
--------- Request # 253 ----[OUT]----

** Data **
01 00 A7 01 66 54 55 80 00 00 02 01 00 75 D7 00 
--------- Request # 254 ----[OUT]----

** Data **
01 00 A7 01 66 54 55 80 00 00 02 01 00 75 D7 00 
--------- Request # 260 ----[IN]----

** Data **
01 55 00 00 DA 80 40 A7 01 66 54 55 04 03 00 00 00 00 00 00 00 00 00 00 00 00 00 00 00 00 00 00 00 00 00 00 00 00 00 00 00 00 00 00 00 00 00 00 00 00 00 00 00 00 00 00 00 00 00 00 00 00 00 00 
--------- Request # 261 ----[OUT]----

** Data **
03 00 
--------- Request # 262 ----[OUT]----

** Data **
03 00 
--------- Request # 268 ----[IN]----

** Data **
01 55 00 00 02 02 00 00 05 04 00 55 04 03 00 00 00 00 00 00 00 00 00 00 00 00 00 00 00 00 00 00 00 00 00 00 00 00 00 00 00 00 00 00 00 00 00 00 00 00 00 00 00 00 00 00 00 00 00 00 00 00 00 00 
--------- Request # 269 ----[OUT]----

** Data **
03 00 
--------- Request # 270 ----[OUT]----

** Data **
03 00 
--------- Request # 276 ----[IN]----

** Data **
01 55 00 00 02 01 00 4E 05 04 00 55 04 03 00 00 00 00 00 00 00 00 00 00 00 00 00 00 00 00 00 00 00 00 00 00 00 00 00 00 00 00 00 00 00 00 00 00 00 00 00 00 00 00 00 00 00 00 00 00 00 00 00 00 
--------- Request # 277 ----[OUT]----

** Data **
0C 00 00 4E 95 
--------- Request # 278 ----[OUT]----

** Data **
0C 00 00 4E 95 
--------- Request # 284 ----[IN]----

** Data **
02 00 03 00 D9 80 40 A7 01 66 54 55 38 00 00 00 00 00 00 00 00 00 00 00 00 00 00 00 00 00 00 00 00 00 00 00 00 00 00 00 00 00 00 00 00 00 00 00 00 00 00 00 00 00 00 00 00 00 00 00 00 00 00 00 
--------- Request # 288 ----[IN]----

** Data **
00 00 00 00 00 00 00 00 00 00 00 00 00 00 
--------- Request # 289 ----[OUT]----

** Data **
01 00 A7 01 66 54 55 80 00 00 02 01 00 70 8D 00 
--------- Request # 290 ----[OUT]----

** Data **
01 00 A7 01 66 54 55 80 00 00 02 01 00 70 8D 00 
--------- Request # 296 ----[IN]----

** Data **
01 55 00 00 D9 80 40 A7 01 66 54 55 38 00 00 00 00 00 00 00 00 00 00 00 00 00 00 00 00 00 00 00 00 00 00 00 00 00 00 00 00 00 00 00 00 00 00 00 00 00 00 00 00 00 00 00 00 00 00 00 00 00 00 00 
--------- Request # 297 ----[OUT]----

** Data **
03 00 
--------- Request # 298 ----[OUT]----

** Data **
03 00 
--------- Request # 304 ----[IN]----

** Data **
01 55 00 00 02 02 00 00 05 04 00 55 38 00 00 00 00 00 00 00 00 00 00 00 00 00 00 00 00 00 00 00 00 00 00 00 00 00 00 00 00 00 00 00 00 00 00 00 00 00 00 00 00 00 00 00 00 00 00 00 00 00 00 00 
--------- Request # 305 ----[OUT]----

** Data **
03 00 
--------- Request # 306 ----[OUT]----

** Data **
03 00 
--------- Request # 312 ----[IN]----

** Data **
01 55 00 00 02 01 00 4E 05 04 00 55 38 00 00 00 00 00 00 00 00 00 00 00 00 00 00 00 00 00 00 00 00 00 00 00 00 00 00 00 00 00 00 00 00 00 00 00 00 00 00 00 00 00 00 00 00 00 00 00 00 00 00 00 
--------- Request # 313 ----[OUT]----

** Data **
0C 00 00 4E 95 
--------- Request # 314 ----[OUT]----

** Data **
0C 00 00 4E 95 
--------- Request # 320 ----[IN]----

** Data **
02 00 03 00 D9 80 40 A7 01 66 54 55 38 10 06 2F 07 DB 02 07 00 00 00 00 00 00 00 00 00 00 00 00 00 00 00 00 00 00 00 00 00 00 00 00 00 00 00 00 00 00 00 00 00 00 00 00 00 00 00 00 00 00 00 00 
--------- Request # 324 ----[IN]----

** Data **
00 00 00 00 00 00 00 00 00 00 00 00 00 89 
--------- Request # 325 ----[OUT]----

** Data **
01 00 A7 01 66 54 55 80 01 00 02 00 00 4D 3B 01 9B 
--------- Request # 326 ----[OUT]----

** Data **
01 00 A7 01 66 54 55 80 01 00 02 00 00 4D 3B 01 9B 
--------- Request # 332 ----[IN]----

** Data **
01 55 00 00 D9 80 40 A7 01 66 54 55 38 10 06 2F 07 DB 02 07 00 00 00 00 00 00 00 00 00 00 00 00 00 00 00 00 00 00 00 00 00 00 00 00 00 00 00 00 00 00 00 00 00 00 00 00 00 00 00 00 00 00 00 00 
--------- Request # 333 ----[OUT]----

** Data **
01 00 A7 01 66 54 55 80 00 00 02 01 00 71 16 00 
--------- Request # 334 ----[OUT]----

** Data **
01 00 A7 01 66 54 55 80 00 00 02 01 00 71 16 00 
--------- Request # 340 ----[IN]----

** Data **
01 55 00 00 D9 80 40 A7 01 66 54 55 38 10 06 2F 07 DB 02 07 00 00 00 00 00 00 00 00 00 00 00 00 00 00 00 00 00 00 00 00 00 00 00 00 00 00 00 00 00 00 00 00 00 00 00 00 00 00 00 00 00 00 00 00 
--------- Request # 341 ----[OUT]----

** Data **
03 00 
--------- Request # 342 ----[OUT]----

** Data **
03 00 
--------- Request # 348 ----[IN]----

** Data **
01 55 00 00 02 02 00 00 05 04 00 55 38 10 06 2F 07 DB 02 07 00 00 00 00 00 00 00 00 00 00 00 00 00 00 00 00 00 00 00 00 00 00 00 00 00 00 00 00 00 00 00 00 00 00 00 00 00 00 00 00 00 00 00 00 
--------- Request # 349 ----[OUT]----

** Data **
03 00 
--------- Request # 350 ----[OUT]----

** Data **
03 00 
--------- Request # 356 ----[IN]----

** Data **
01 55 00 00 02 01 00 4E 05 04 00 55 38 10 06 2F 07 DB 02 07 00 00 00 00 00 00 00 00 00 00 00 00 00 00 00 00 00 00 00 00 00 00 00 00 00 00 00 00 00 00 00 00 00 00 00 00 00 00 00 00 00 00 00 00 
--------- Request # 357 ----[OUT]----

** Data **
0C 00 00 4E 95 
--------- Request # 358 ----[OUT]----

** Data **
0C 00 00 4E 95 
--------- Request # 364 ----[IN]----

** Data **
02 00 03 00 D9 80 40 A7 01 66 54 55 38 36 36 35 34 35 35 00 00 00 00 00 00 00 00 00 00 00 00 00 00 00 00 00 00 00 00 00 00 00 00 00 00 00 00 00 00 00 00 00 00 00 00 00 00 00 00 00 00 00 00 00 
--------- Request # 368 ----[IN]----

** Data **
00 00 00 00 00 00 00 00 00 00 00 00 00 6D 
--------- Request # 369 ----[OUT]----

** Data **
01 00 A7 01 66 54 55 80 00 00 02 01 00 74 4C 00 
--------- Request # 370 ----[OUT]----

** Data **
01 00 A7 01 66 54 55 80 00 00 02 01 00 74 4C 00 
--------- Request # 376 ----[IN]----

** Data **
01 55 00 00 D9 80 40 A7 01 66 54 55 38 36 36 35 34 35 35 00 00 00 00 00 00 00 00 00 00 00 00 00 00 00 00 00 00 00 00 00 00 00 00 00 00 00 00 00 00 00 00 00 00 00 00 00 00 00 00 00 00 00 00 00 
--------- Request # 377 ----[OUT]----

** Data **
03 00 
--------- Request # 378 ----[OUT]----

** Data **
03 00 
--------- Request # 384 ----[IN]----

** Data **
01 55 00 00 02 02 00 00 05 04 00 55 38 36 36 35 34 35 35 00 00 00 00 00 00 00 00 00 00 00 00 00 00 00 00 00 00 00 00 00 00 00 00 00 00 00 00 00 00 00 00 00 00 00 00 00 00 00 00 00 00 00 00 00 
--------- Request # 385 ----[OUT]----

** Data **
03 00 
--------- Request # 386 ----[OUT]----

** Data **
03 00 
--------- Request # 392 ----[IN]----

** Data **
01 55 00 00 02 01 00 4E 05 04 00 55 38 36 36 35 34 35 35 00 00 00 00 00 00 00 00 00 00 00 00 00 00 00 00 00 00 00 00 00 00 00 00 00 00 00 00 00 00 00 00 00 00 00 00 00 00 00 00 00 00 00 00 00 
--------- Request # 393 ----[OUT]----

** Data **
0C 00 00 4E 95 
--------- Request # 394 ----[OUT]----

** Data **
0C 00 00 4E 95 
--------- Request # 400 ----[IN]----

** Data **
02 00 03 00 D9 80 40 A7 01 66 54 55 38 56 45 52 20 32 2E 34 41 31 2E 31 20 0B 0B 00 00 00 00 00 00 00 00 00 00 00 00 00 00 00 00 00 00 00 00 00 00 00 00 00 00 00 00 00 00 00 00 00 00 00 00 00 
--------- Request # 404 ----[IN]----

** Data **
00 00 00 00 00 00 00 00 00 00 00 00 00 1B 
--------- Request # 405 ----[OUT]----

** Data **
01 00 A7 01 66 54 55 80 00 00 02 01 00 9D 69 00 
--------- Request # 406 ----[OUT]----

** Data **
01 00 A7 01 66 54 55 80 00 00 02 01 00 9D 69 00 
--------- Request # 412 ----[IN]----

** Data **
01 55 00 00 D9 80 40 A7 01 66 54 55 38 56 45 52 20 32 2E 34 41 31 2E 31 20 0B 0B 00 00 00 00 00 00 00 00 00 00 00 00 00 00 00 00 00 00 00 00 00 00 00 00 00 00 00 00 00 00 00 00 00 00 00 00 00 
--------- Request # 413 ----[OUT]----

** Data **
03 00 
--------- Request # 414 ----[OUT]----

** Data **
03 00 
--------- Request # 420 ----[IN]----

** Data **
01 55 00 00 02 02 00 00 05 04 00 55 38 56 45 52 20 32 2E 34 41 31 2E 31 20 0B 0B 00 00 00 00 00 00 00 00 00 00 00 00 00 00 00 00 00 00 00 00 00 00 00 00 00 00 00 00 00 00 00 00 00 00 00 00 00 
--------- Request # 421 ----[OUT]----

** Data **
03 00 
--------- Request # 422 ----[OUT]----

** Data **
03 00 
--------- Request # 428 ----[IN]----

** Data **
01 55 00 00 02 01 00 4E 05 04 00 55 38 56 45 52 20 32 2E 34 41 31 2E 31 20 0B 0B 00 00 00 00 00 00 00 00 00 00 00 00 00 00 00 00 00 00 00 00 00 00 00 00 00 00 00 00 00 00 00 00 00 00 00 00 00 
--------- Request # 429 ----[OUT]----

** Data **
0C 00 00 4E 95 
--------- Request # 430 ----[OUT]----

** Data **
0C 00 00 4E 95 
--------- Request # 436 ----[IN]----

** Data **
02 00 03 00 D9 80 40 A7 01 66 54 55 38 00 00 00 E2 00 00 00 00 00 00 00 00 00 00 00 00 00 00 00 00 00 00 00 00 00 00 00 00 00 00 00 00 00 00 00 00 00 00 00 00 00 00 00 00 00 00 00 00 00 00 00 
--------- Request # 440 ----[IN]----

** Data **
00 00 00 00 00 00 00 00 00 00 00 00 00 30 
--------- Request # 441 ----[OUT]----

** Data **
01 00 A7 01 66 54 55 80 00 00 02 01 00 CD 93 00 
--------- Request # 442 ----[OUT]----

** Data **
01 00 A7 01 66 54 55 80 00 00 02 01 00 CD 93 00 
--------- Request # 448 ----[IN]----

** Data **
01 55 00 00 D9 80 40 A7 01 66 54 55 38 00 00 00 E2 00 00 00 00 00 00 00 00 00 00 00 00 00 00 00 00 00 00 00 00 00 00 00 00 00 00 00 00 00 00 00 00 00 00 00 00 00 00 00 00 00 00 00 00 00 00 00 
--------- Request # 449 ----[OUT]----

** Data **
03 00 
--------- Request # 450 ----[OUT]----

** Data **
03 00 
--------- Request # 456 ----[IN]----

** Data **
01 55 00 00 02 02 00 00 05 04 00 55 38 00 00 00 E2 00 00 00 00 00 00 00 00 00 00 00 00 00 00 00 00 00 00 00 00 00 00 00 00 00 00 00 00 00 00 00 00 00 00 00 00 00 00 00 00 00 00 00 00 00 00 00 
--------- Request # 457 ----[OUT]----

** Data **
03 00 
--------- Request # 458 ----[OUT]----

** Data **
03 00 
--------- Request # 464 ----[IN]----

** Data **
01 55 00 00 02 01 00 4E 05 04 00 55 38 00 00 00 E2 00 00 00 00 00 00 00 00 00 00 00 00 00 00 00 00 00 00 00 00 00 00 00 00 00 00 00 00 00 00 00 00 00 00 00 00 00 00 00 00 00 00 00 00 00 00 00 
--------- Request # 465 ----[OUT]----

** Data **
0C 00 00 4E 95 
--------- Request # 466 ----[OUT]----

** Data **
0C 00 00 4E 95 
--------- Request # 472 ----[IN]----

** Data **
02 00 03 00 D9 80 40 A7 01 66 54 55 38 00 00 00 2E 00 20 00 20 00 20 00 20 00 00 00 00 00 00 00 00 00 00 00 00 00 00 00 00 00 00 00 00 00 00 00 00 00 00 00 00 00 00 00 00 00 00 00 00 00 00 00 
--------- Request # 476 ----[IN]----

** Data **
00 00 00 00 00 00 00 00 00 00 00 00 00 C3 
--------- Request # 477 ----[OUT]----

** Data **
01 00 A7 01 66 54 55 80 00 00 02 01 00 C0 D0 00 
--------- Request # 478 ----[OUT]----

** Data **
01 00 A7 01 66 54 55 80 00 00 02 01 00 C0 D0 00 
--------- Request # 484 ----[IN]----

** Data **
01 55 00 00 D9 80 40 A7 01 66 54 55 38 00 00 00 2E 00 20 00 20 00 20 00 20 00 00 00 00 00 00 00 00 00 00 00 00 00 00 00 00 00 00 00 00 00 00 00 00 00 00 00 00 00 00 00 00 00 00 00 00 00 00 00 
--------- Request # 485 ----[OUT]----

** Data **
03 00 
--------- Request # 486 ----[OUT]----

** Data **
03 00 
--------- Request # 492 ----[IN]----

** Data **
01 55 00 00 02 00 00 00 05 04 00 55 38 00 00 00 2E 00 20 00 20 00 20 00 20 00 00 00 00 00 00 00 00 00 00 00 00 00 00 00 00 00 00 00 00 00 00 00 00 00 00 00 00 00 00 00 00 00 00 00 00 00 00 00 
--------- Request # 493 ----[OUT]----

** Data **
03 00 
--------- Request # 494 ----[OUT]----

** Data **
03 00 
--------- Request # 500 ----[IN]----

** Data **
01 55 00 00 02 01 00 4E 05 04 00 55 38 00 00 00 2E 00 20 00 20 00 20 00 20 00 00 00 00 00 00 00 00 00 00 00 00 00 00 00 00 00 00 00 00 00 00 00 00 00 00 00 00 00 00 00 00 00 00 00 00 00 00 00 
--------- Request # 501 ----[OUT]----

** Data **
0C 00 00 4E 95 
--------- Request # 502 ----[OUT]----

** Data **
0C 00 00 4E 95 
--------- Request # 508 ----[IN]----

** Data **
02 00 03 00 D9 80 40 A7 01 66 54 55 38 00 02 00 01 01 64 00 50 00 00 00 00 00 00 00 64 01 04 00 14 00 00 00 00 00 00 00 00 00 00 00 00 00 00 00 00 00 00 00 00 00 00 00 00 00 00 00 00 00 00 00 
--------- Request # 512 ----[IN]----

** Data **
00 00 00 00 00 00 00 00 00 00 00 00 00 40 
--------- Request # 513 ----[OUT]----

** Data **
01 00 A7 01 66 54 55 80 00 00 02 01 00 79 0F 00 
--------- Request # 514 ----[OUT]----

** Data **
01 00 A7 01 66 54 55 80 00 00 02 01 00 79 0F 00 
--------- Request # 520 ----[IN]----

** Data **
01 55 00 00 D9 80 40 A7 01 66 54 55 38 00 02 00 01 01 64 00 50 00 00 00 00 00 00 00 64 01 04 00 14 00 00 00 00 00 00 00 00 00 00 00 00 00 00 00 00 00 00 00 00 00 00 00 00 00 00 00 00 00 00 00 
--------- Request # 521 ----[OUT]----

** Data **
03 00 
--------- Request # 522 ----[OUT]----

** Data **
03 00 
--------- Request # 528 ----[IN]----

** Data **
01 55 00 00 02 02 00 00 05 04 00 55 38 00 02 00 01 01 64 00 50 00 00 00 00 00 00 00 64 01 04 00 14 00 00 00 00 00 00 00 00 00 00 00 00 00 00 00 00 00 00 00 00 00 00 00 00 00 00 00 00 00 00 00 
--------- Request # 529 ----[OUT]----

** Data **
03 00 
--------- Request # 530 ----[OUT]----

** Data **
03 00 
--------- Request # 536 ----[IN]----

** Data **
01 55 00 00 02 01 00 4E 05 04 00 55 38 00 02 00 01 01 64 00 50 00 00 00 00 00 00 00 64 01 04 00 14 00 00 00 00 00 00 00 00 00 00 00 00 00 00 00 00 00 00 00 00 00 00 00 00 00 00 00 00 00 00 00 
--------- Request # 537 ----[OUT]----

** Data **
0C 00 00 4E 95 
--------- Request # 538 ----[OUT]----

** Data **
0C 00 00 4E 95 
--------- Request # 544 ----[IN]----

** Data **
02 00 03 00 DA 80 40 A7 01 66 54 55 04 00 D0 01 02 00 00 00 00 00 00 00 00 00 00 00 00 00 00 00 00 00 00 00 00 00 00 00 00 00 00 00 00 00 00 00 00 00 00 00 00 00 00 00 00 00 00 00 00 00 00 00 
--------- Request # 548 ----[IN]----

** Data **
00 00 00 00 00 00 00 00 00 00 00 00 00 73 
--------- Request # 549 ----[OUT]----

** Data **
01 00 A7 01 66 54 55 80 00 00 02 02 00 92 65 00 
--------- Request # 550 ----[OUT]----

** Data **
01 00 A7 01 66 54 55 80 00 00 02 02 00 92 65 00 
--------- Request # 556 ----[IN]----

** Data **
01 55 00 00 DA 80 40 A7 01 66 54 55 04 00 D0 01 02 00 00 00 00 00 00 00 00 00 00 00 00 00 00 00 00 00 00 00 00 00 00 00 00 00 00 00 00 00 00 00 00 00 00 00 00 00 00 00 00 00 00 00 00 00 00 00 
--------- Request # 557 ----[OUT]----

** Data **
03 00 
--------- Request # 558 ----[OUT]----

** Data **
03 00 
--------- Request # 564 ----[IN]----

** Data **
01 55 00 00 02 02 00 00 05 04 00 55 04 00 D0 01 02 00 00 00 00 00 00 00 00 00 00 00 00 00 00 00 00 00 00 00 00 00 00 00 00 00 00 00 00 00 00 00 00 00 00 00 00 00 00 00 00 00 00 00 00 00 00 00 
--------- Request # 565 ----[OUT]----

** Data **
03 00 
--------- Request # 566 ----[OUT]----

** Data **
03 00 
--------- Request # 572 ----[IN]----

** Data **
01 55 00 00 02 01 00 4E 05 04 00 55 04 00 D0 01 02 00 00 00 00 00 00 00 00 00 00 00 00 00 00 00 00 00 00 00 00 00 00 00 00 00 00 00 00 00 00 00 00 00 00 00 00 00 00 00 00 00 00 00 00 00 00 00 
--------- Request # 573 ----[OUT]----

** Data **
0C 00 00 4E 95 
--------- Request # 574 ----[OUT]----

** Data **
0C 00 00 4E 95 
--------- Request # 580 ----[IN]----

** Data **
02 00 04 00 DA 00 40 A7 01 66 54 55 51 1E 00 00 24 00 10 2A 00 13 20 00 1C 00 00 00 00 00 00 00 00 00 00 00 00 00 00 00 00 00 00 00 00 00 00 00 00 00 00 00 00 00 00 00 00 00 00 00 00 00 00 00 
--------- Request # 584 ----[IN]----

** Data **
00 00 00 00 00 00 00 00 00 00 00 00 00 BF 
--------- Request # 585 ----[OUT]----

** Data **
03 00 
--------- Request # 586 ----[OUT]----

** Data **
03 00 
--------- Request # 592 ----[IN]----

** Data **
01 55 00 00 02 01 00 8E 05 04 00 55 51 1E 00 00 24 00 10 2A 00 13 20 00 1C 00 00 00 00 00 00 00 00 00 00 00 00 00 00 00 00 00 00 00 00 00 00 00 00 00 00 00 00 00 00 00 00 00 00 00 00 00 00 00 
--------- Request # 593 ----[OUT]----

** Data **
0C 00 00 8E 56 
--------- Request # 594 ----[OUT]----

** Data **
0C 00 00 8E 56 
--------- Request # 600 ----[IN]----

** Data **
02 00 04 00 DA 80 80 A7 01 66 54 55 41 00 00 00 00 00 00 00 00 00 00 00 00 00 00 00 00 00 00 00 00 00 00 00 00 00 00 00 00 00 00 00 00 00 00 00 00 00 00 00 00 00 00 00 00 00 00 00 00 00 00 00 
--------- Request # 604 ----[IN]----

** Data **
00 00 00 00 00 00 00 00 00 00 00 00 00 00 00 00 00 00 00 00 00 00 00 00 00 00 00 00 00 00 00 00 00 00 00 00 00 00 00 00 00 00 00 00 00 00 00 00 00 00 00 00 00 00 00 00 00 00 00 00 00 00 00 00 
--------- Request # 608 ----[IN]----

** Data **
00 00 00 00 00 00 00 00 00 00 00 00 00 00 
--------- Request # 609 ----[OUT]----

** Data **
01 00 A7 01 66 54 55 80 00 00 02 02 00 93 FE 00 
--------- Request # 610 ----[OUT]----

** Data **
01 00 A7 01 66 54 55 80 00 00 02 02 00 93 FE 00 
--------- Request # 616 ----[IN]----

** Data **
01 55 00 00 DA 80 80 A7 01 66 54 55 41 00 00 00 00 00 00 00 00 00 00 00 00 00 00 00 00 00 00 00 00 00 00 00 00 00 00 00 00 00 00 00 00 00 00 00 00 00 00 00 00 00 00 00 00 00 00 00 00 00 00 00 
--------- Request # 617 ----[OUT]----

** Data **
03 00 
--------- Request # 618 ----[OUT]----

** Data **
03 00 
--------- Request # 624 ----[IN]----

** Data **
01 55 00 00 02 02 00 00 05 04 00 55 41 00 00 00 00 00 00 00 00 00 00 00 00 00 00 00 00 00 00 00 00 00 00 00 00 00 00 00 00 00 00 00 00 00 00 00 00 00 00 00 00 00 00 00 00 00 00 00 00 00 00 00 
--------- Request # 625 ----[OUT]----

** Data **
03 00 
--------- Request # 626 ----[OUT]----

** Data **
03 00 
--------- Request # 632 ----[IN]----

** Data **
01 55 00 00 02 01 00 4E 05 04 00 55 41 00 00 00 00 00 00 00 00 00 00 00 00 00 00 00 00 00 00 00 00 00 00 00 00 00 00 00 00 00 00 00 00 00 00 00 00 00 00 00 00 00 00 00 00 00 00 00 00 00 00 00 
--------- Request # 633 ----[OUT]----

** Data **
0C 00 00 4E 95 
--------- Request # 634 ----[OUT]----

** Data **
0C 00 00 4E 95 
--------- Request # 640 ----[IN]----

** Data **
02 00 04 00 D9 00 40 A7 01 66 54 55 6D 00 00 3F 00 00 00 00 00 00 00 00 00 00 00 00 00 00 00 00 00 00 00 00 00 00 00 00 00 00 00 00 00 00 00 00 00 00 00 00 00 00 00 00 00 00 00 00 00 00 00 00 
--------- Request # 644 ----[IN]----

** Data **
00 00 00 00 00 00 00 00 00 00 00 00 00 7B 
--------- Request # 645 ----[OUT]----

** Data **
03 00 
--------- Request # 646 ----[OUT]----

** Data **
03 00 
--------- Request # 652 ----[IN]----

** Data **
01 55 00 00 02 01 00 8E 05 04 00 55 6D 00 00 3F 00 00 00 00 00 00 00 00 00 00 00 00 00 00 00 00 00 00 00 00 00 00 00 00 00 00 00 00 00 00 00 00 00 00 00 00 00 00 00 00 00 00 00 00 00 00 00 00 
--------- Request # 653 ----[OUT]----

** Data **
0C 00 00 8E 56 
--------- Request # 654 ----[OUT]----

** Data **
0C 00 00 8E 56 
--------- Request # 660 ----[IN]----

** Data **
02 00 04 00 D9 80 80 A7 01 66 54 55 7D 00 00 00 00 00 00 00 00 00 00 00 00 00 00 00 00 00 00 00 00 00 00 00 00 00 00 00 00 00 00 00 00 00 00 00 00 00 00 00 00 00 00 00 00 00 00 00 00 00 00 00 
--------- Request # 664 ----[IN]----

** Data **
00 00 00 00 00 00 00 00 00 00 00 00 00 00 00 00 00 00 00 00 00 00 00 00 00 00 00 00 00 00 00 00 00 00 00 00 00 00 00 00 00 00 00 00 00 00 00 00 00 00 00 00 00 00 00 00 00 00 00 00 00 00 00 00 
--------- Request # 668 ----[IN]----

** Data **
00 00 00 00 00 00 00 00 00 00 00 00 00 00 
--------- Request # 669 ----[OUT]----

** Data **
01 00 A7 01 66 54 55 80 00 00 02 02 00 94 09 00 
--------- Request # 670 ----[OUT]----

** Data **
01 00 A7 01 66 54 55 80 00 00 02 02 00 94 09 00 
--------- Request # 676 ----[IN]----

** Data **
01 55 00 00 D9 80 80 A7 01 66 54 55 7D 00 00 00 00 00 00 00 00 00 00 00 00 00 00 00 00 00 00 00 00 00 00 00 00 00 00 00 00 00 00 00 00 00 00 00 00 00 00 00 00 00 00 00 00 00 00 00 00 00 00 00 
--------- Request # 677 ----[OUT]----

** Data **
03 00 
--------- Request # 678 ----[OUT]----

** Data **
03 00 
--------- Request # 684 ----[IN]----

** Data **
01 55 00 00 02 02 00 00 05 04 00 55 7D 00 00 00 00 00 00 00 00 00 00 00 00 00 00 00 00 00 00 00 00 00 00 00 00 00 00 00 00 00 00 00 00 00 00 00 00 00 00 00 00 00 00 00 00 00 00 00 00 00 00 00 
--------- Request # 685 ----[OUT]----

** Data **
03 00 
--------- Request # 686 ----[OUT]----

** Data **
03 00 
--------- Request # 692 ----[IN]----

** Data **
01 55 00 00 02 01 00 4E 05 04 00 55 7D 00 00 00 00 00 00 00 00 00 00 00 00 00 00 00 00 00 00 00 00 00 00 00 00 00 00 00 00 00 00 00 00 00 00 00 00 00 00 00 00 00 00 00 00 00 00 00 00 00 00 00 
--------- Request # 693 ----[OUT]----

** Data **
0C 00 00 4E 95 
--------- Request # 694 ----[OUT]----

** Data **
0C 00 00 4E 95 
--------- Request # 700 ----[IN]----

** Data **
02 00 04 00 D9 00 40 A7 01 66 54 55 6D 00 00 3F 00 00 00 00 00 00 00 00 00 00 00 00 00 00 00 00 00 00 00 00 00 00 00 00 00 00 00 00 00 00 00 00 00 00 00 00 00 00 00 00 00 00 00 00 00 00 00 00 
--------- Request # 704 ----[IN]----

** Data **
00 00 00 00 00 00 00 00 00 00 00 00 00 7B 
--------- Request # 705 ----[OUT]----

** Data **
03 00 
--------- Request # 706 ----[OUT]----

** Data **
03 00 
--------- Request # 712 ----[IN]----

** Data **
01 55 00 00 02 01 00 8E 05 04 00 55 6D 00 00 3F 00 00 00 00 00 00 00 00 00 00 00 00 00 00 00 00 00 00 00 00 00 00 00 00 00 00 00 00 00 00 00 00 00 00 00 00 00 00 00 00 00 00 00 00 00 00 00 00 
--------- Request # 713 ----[OUT]----

** Data **
0C 00 00 8E 56 
--------- Request # 714 ----[OUT]----

** Data **
0C 00 00 8E 56 
--------- Request # 720 ----[IN]----

** Data **
02 00 04 00 D9 80 80 A7 01 66 54 55 7D 00 00 00 00 00 00 00 00 00 00 00 00 00 00 00 00 00 00 00 00 00 00 00 00 00 00 00 00 00 00 00 00 00 00 00 00 00 00 00 00 00 00 00 00 00 00 00 00 00 00 00 
--------- Request # 724 ----[IN]----

** Data **
00 00 00 00 00 00 00 00 00 00 00 00 00 00 00 00 00 00 00 00 00 00 00 00 00 00 00 00 00 00 00 00 00 00 00 00 00 00 00 00 00 00 00 00 00 00 00 00 00 00 00 00 00 00 00 00 00 00 00 00 00 00 00 00 
--------- Request # 728 ----[IN]----

** Data **
00 00 00 00 00 00 00 00 00 00 00 00 00 00 
--------- Request # 729 ----[OUT]----

** Data **
01 00 A7 01 66 54 55 80 00 00 02 01 00 98 33 00 
--------- Request # 730 ----[OUT]----

** Data **
01 00 A7 01 66 54 55 80 00 00 02 01 00 98 33 00 
--------- Request # 736 ----[IN]----

** Data **
01 55 00 00 D9 80 80 A7 01 66 54 55 7D 00 00 00 00 00 00 00 00 00 00 00 00 00 00 00 00 00 00 00 00 00 00 00 00 00 00 00 00 00 00 00 00 00 00 00 00 00 00 00 00 00 00 00 00 00 00 00 00 00 00 00 
--------- Request # 737 ----[OUT]----

** Data **
03 00 
--------- Request # 738 ----[OUT]----

** Data **
03 00 
--------- Request # 744 ----[IN]----

** Data **
01 55 00 00 02 02 00 00 05 04 00 55 7D 00 00 00 00 00 00 00 00 00 00 00 00 00 00 00 00 00 00 00 00 00 00 00 00 00 00 00 00 00 00 00 00 00 00 00 00 00 00 00 00 00 00 00 00 00 00 00 00 00 00 00 
--------- Request # 745 ----[OUT]----

** Data **
03 00 
--------- Request # 746 ----[OUT]----

** Data **
03 00 
--------- Request # 752 ----[IN]----

** Data **
01 55 00 00 02 01 00 4E 05 04 00 55 7D 00 00 00 00 00 00 00 00 00 00 00 00 00 00 00 00 00 00 00 00 00 00 00 00 00 00 00 00 00 00 00 00 00 00 00 00 00 00 00 00 00 00 00 00 00 00 00 00 00 00 00 
--------- Request # 753 ----[OUT]----

** Data **
0C 00 00 4E 95 
--------- Request # 754 ----[OUT]----

** Data **
0C 00 00 4E 95 
--------- Request # 760 ----[IN]----

** Data **
02 00 03 00 D9 80 40 A7 01 66 54 55 38 00 00 00 1E 00 00 00 00 00 00 00 00 00 00 00 00 00 00 00 00 00 00 00 00 00 00 00 00 00 00 00 00 00 00 00 00 00 00 00 00 00 00 00 00 00 00 00 00 00 00 00 
--------- Request # 764 ----[IN]----

** Data **
00 00 00 00 00 00 00 00 00 00 00 00 00 FA 
--------- Request # 765 ----[OUT]----

** Data **
01 00 A7 01 66 54 55 80 00 00 02 01 00 72 20 00 
--------- Request # 766 ----[OUT]----

** Data **
01 00 A7 01 66 54 55 80 00 00 02 01 00 72 20 00 
--------- Request # 772 ----[IN]----

** Data **
01 55 00 00 D9 80 40 A7 01 66 54 55 38 00 00 00 1E 00 00 00 00 00 00 00 00 00 00 00 00 00 00 00 00 00 00 00 00 00 00 00 00 00 00 00 00 00 00 00 00 00 00 00 00 00 00 00 00 00 00 00 00 00 00 00 
--------- Request # 773 ----[OUT]----

** Data **
03 00 
--------- Request # 774 ----[OUT]----

** Data **
03 00 
--------- Request # 780 ----[IN]----

** Data **
01 55 00 00 02 02 00 00 05 04 00 55 38 00 00 00 1E 00 00 00 00 00 00 00 00 00 00 00 00 00 00 00 00 00 00 00 00 00 00 00 00 00 00 00 00 00 00 00 00 00 00 00 00 00 00 00 00 00 00 00 00 00 00 00 
--------- Request # 781 ----[OUT]----

** Data **
03 00 
--------- Request # 782 ----[OUT]----

** Data **
03 00 
--------- Request # 788 ----[IN]----

** Data **
01 55 00 00 02 01 00 4E 05 04 00 55 38 00 00 00 1E 00 00 00 00 00 00 00 00 00 00 00 00 00 00 00 00 00 00 00 00 00 00 00 00 00 00 00 00 00 00 00 00 00 00 00 00 00 00 00 00 00 00 00 00 00 00 00 
--------- Request # 789 ----[OUT]----

** Data **
0C 00 00 4E 95 
--------- Request # 790 ----[OUT]----

** Data **
0C 00 00 4E 95 
--------- Request # 796 ----[IN]----

** Data **
02 00 03 00 D9 80 40 A7 01 66 54 55 38 00 00 8C 00 00 00 00 00 00 00 00 00 00 00 00 00 00 00 00 00 00 00 00 00 00 00 00 00 00 00 00 00 00 00 00 00 00 00 00 00 00 00 00 00 00 00 00 00 00 00 00 
--------- Request # 800 ----[IN]----

** Data **
00 00 00 00 00 00 00 00 00 00 00 00 00 C2 
--------- Request # 801 ----[OUT]----

** Data **
01 00 A7 01 66 54 55 80 00 00 02 01 00 73 BB 00 
--------- Request # 802 ----[OUT]----

** Data **
01 00 A7 01 66 54 55 80 00 00 02 01 00 73 BB 00 
--------- Request # 808 ----[IN]----

** Data **
01 55 00 00 D9 80 40 A7 01 66 54 55 38 00 00 8C 00 00 00 00 00 00 00 00 00 00 00 00 00 00 00 00 00 00 00 00 00 00 00 00 00 00 00 00 00 00 00 00 00 00 00 00 00 00 00 00 00 00 00 00 00 00 00 00 
--------- Request # 809 ----[OUT]----

** Data **
03 00 
--------- Request # 810 ----[OUT]----

** Data **
03 00 
--------- Request # 816 ----[IN]----

** Data **
01 55 00 00 02 02 00 00 05 04 00 55 38 00 00 8C 00 00 00 00 00 00 00 00 00 00 00 00 00 00 00 00 00 00 00 00 00 00 00 00 00 00 00 00 00 00 00 00 00 00 00 00 00 00 00 00 00 00 00 00 00 00 00 00 
--------- Request # 817 ----[OUT]----

** Data **
03 00 
--------- Request # 818 ----[OUT]----

** Data **
03 00 
--------- Request # 824 ----[IN]----

** Data **
01 55 00 00 02 01 00 4E 05 04 00 55 38 00 00 8C 00 00 00 00 00 00 00 00 00 00 00 00 00 00 00 00 00 00 00 00 00 00 00 00 00 00 00 00 00 00 00 00 00 00 00 00 00 00 00 00 00 00 00 00 00 00 00 00 
--------- Request # 825 ----[OUT]----

** Data **
0C 00 00 4E 95 
--------- Request # 826 ----[OUT]----

** Data **
0C 00 00 4E 95 
--------- Request # 832 ----[IN]----

** Data **
02 00 03 00 D9 80 40 A7 01 66 54 55 38 02 08 00 00 00 00 00 00 00 00 00 00 00 00 00 00 00 00 00 00 00 00 00 00 00 00 00 00 00 00 00 00 00 00 00 00 00 00 00 00 00 00 00 00 00 00 00 00 00 00 00 
--------- Request # 836 ----[IN]----

** Data **
00 00 00 00 00 00 00 00 00 00 00 00 00 ED 
--------- Request # 837 ----[OUT]----

** Data **
01 00 A7 01 66 54 55 80 00 00 02 01 00 76 E1 00 
--------- Request # 838 ----[OUT]----

** Data **
01 00 A7 01 66 54 55 80 00 00 02 01 00 76 E1 00 
--------- Request # 844 ----[IN]----

** Data **
01 55 00 00 D9 80 40 A7 01 66 54 55 38 02 08 00 00 00 00 00 00 00 00 00 00 00 00 00 00 00 00 00 00 00 00 00 00 00 00 00 00 00 00 00 00 00 00 00 00 00 00 00 00 00 00 00 00 00 00 00 00 00 00 00 
--------- Request # 845 ----[OUT]----

** Data **
03 00 
--------- Request # 846 ----[OUT]----

** Data **
03 00 
--------- Request # 852 ----[IN]----

** Data **
01 55 00 00 02 02 00 00 05 04 00 55 38 02 08 00 00 00 00 00 00 00 00 00 00 00 00 00 00 00 00 00 00 00 00 00 00 00 00 00 00 00 00 00 00 00 00 00 00 00 00 00 00 00 00 00 00 00 00 00 00 00 00 00 
--------- Request # 853 ----[OUT]----

** Data **
03 00 
--------- Request # 854 ----[OUT]----

** Data **
03 00 
--------- Request # 860 ----[IN]----

** Data **
01 55 00 00 02 01 00 4E 05 04 00 55 38 02 08 00 00 00 00 00 00 00 00 00 00 00 00 00 00 00 00 00 00 00 00 00 00 00 00 00 00 00 00 00 00 00 00 00 00 00 00 00 00 00 00 00 00 00 00 00 00 00 00 00 
--------- Request # 861 ----[OUT]----

** Data **
0C 00 00 4E 95 
--------- Request # 862 ----[OUT]----

** Data **
0C 00 00 4E 95 
--------- Request # 868 ----[IN]----

** Data **
02 00 03 00 D9 80 40 A7 01 66 54 55 38 2D 2D 2D 2D 2D 2D 2D 2D 2D 2D 2D 2D 2D 2D 2D 2D 2D 2D 00 00 00 00 00 00 00 00 00 00 00 00 00 00 00 00 00 00 00 00 00 00 00 00 00 00 00 00 00 00 00 00 00 
--------- Request # 872 ----[IN]----

** Data **
00 00 00 00 00 00 00 00 00 00 00 00 00 BB 
--------- Request # 873 ----[OUT]----

** Data **
01 00 A7 01 66 54 55 80 00 00 02 01 00 83 2E 00 
--------- Request # 874 ----[OUT]----

** Data **
01 00 A7 01 66 54 55 80 00 00 02 01 00 83 2E 00 
--------- Request # 880 ----[IN]----

** Data **
01 55 00 00 D9 80 40 A7 01 66 54 55 38 2D 2D 2D 2D 2D 2D 2D 2D 2D 2D 2D 2D 2D 2D 2D 2D 2D 2D 00 00 00 00 00 00 00 00 00 00 00 00 00 00 00 00 00 00 00 00 00 00 00 00 00 00 00 00 00 00 00 00 00 
--------- Request # 881 ----[OUT]----

** Data **
03 00 
--------- Request # 882 ----[OUT]----

** Data **
03 00 
--------- Request # 888 ----[IN]----

** Data **
01 55 00 00 02 02 00 00 05 04 00 55 38 2D 2D 2D 2D 2D 2D 2D 2D 2D 2D 2D 2D 2D 2D 2D 2D 2D 2D 00 00 00 00 00 00 00 00 00 00 00 00 00 00 00 00 00 00 00 00 00 00 00 00 00 00 00 00 00 00 00 00 00 
--------- Request # 889 ----[OUT]----

** Data **
03 00 
--------- Request # 890 ----[OUT]----

** Data **
03 00 
--------- Request # 896 ----[IN]----

** Data **
01 55 00 00 02 01 00 4E 05 04 00 55 38 2D 2D 2D 2D 2D 2D 2D 2D 2D 2D 2D 2D 2D 2D 2D 2D 2D 2D 00 00 00 00 00 00 00 00 00 00 00 00 00 00 00 00 00 00 00 00 00 00 00 00 00 00 00 00 00 00 00 00 00 
--------- Request # 897 ----[OUT]----

** Data **
0C 00 00 4E 95 
--------- Request # 898 ----[OUT]----

** Data **
0C 00 00 4E 95 
--------- Request # 904 ----[IN]----

** Data **
02 00 03 00 D9 80 40 A7 01 66 54 55 38 03 00 00 00 00 00 00 00 00 00 00 00 00 00 00 00 00 00 00 00 00 00 00 00 00 00 00 00 00 00 00 00 00 00 00 00 00 00 00 00 00 00 00 00 00 00 00 00 00 00 00 
--------- Request # 908 ----[IN]----

** Data **
00 00 00 00 00 00 00 00 00 00 00 00 00 30 
--------- Request # 909 ----[OUT]----

** Data **
01 00 A7 01 66 54 55 80 00 00 02 01 00 86 74 00 
--------- Request # 910 ----[OUT]----

** Data **
01 00 A7 01 66 54 55 80 00 00 02 01 00 86 74 00 
--------- Request # 916 ----[IN]----

** Data **
01 55 00 00 D9 80 40 A7 01 66 54 55 38 03 00 00 00 00 00 00 00 00 00 00 00 00 00 00 00 00 00 00 00 00 00 00 00 00 00 00 00 00 00 00 00 00 00 00 00 00 00 00 00 00 00 00 00 00 00 00 00 00 00 00 
--------- Request # 917 ----[OUT]----

** Data **
03 00 
--------- Request # 918 ----[OUT]----

** Data **
03 00 
--------- Request # 924 ----[IN]----

** Data **
01 55 00 00 02 02 00 00 05 04 00 55 38 03 00 00 00 00 00 00 00 00 00 00 00 00 00 00 00 00 00 00 00 00 00 00 00 00 00 00 00 00 00 00 00 00 00 00 00 00 00 00 00 00 00 00 00 00 00 00 00 00 00 00 
--------- Request # 925 ----[OUT]----

** Data **
03 00 
--------- Request # 926 ----[OUT]----

** Data **
03 00 
--------- Request # 932 ----[IN]----

** Data **
01 55 00 00 02 01 00 4E 05 04 00 55 38 03 00 00 00 00 00 00 00 00 00 00 00 00 00 00 00 00 00 00 00 00 00 00 00 00 00 00 00 00 00 00 00 00 00 00 00 00 00 00 00 00 00 00 00 00 00 00 00 00 00 00 
--------- Request # 933 ----[OUT]----

** Data **
0C 00 00 4E 95 
--------- Request # 934 ----[OUT]----

** Data **
0C 00 00 4E 95 
--------- Request # 940 ----[IN]----

** Data **
02 00 03 00 D9 80 40 A7 01 66 54 55 38 00 00 00 00 00 00 00 00 00 00 00 00 00 00 00 00 00 00 00 00 00 00 00 00 00 00 00 00 00 00 00 00 00 00 00 00 00 00 00 00 00 00 00 00 00 00 00 00 00 00 00 
--------- Request # 944 ----[IN]----

** Data **
00 00 00 00 00 00 00 00 00 00 00 00 00 00 
--------- Request # 945 ----[OUT]----

** Data **
01 00 A7 01 66 54 55 80 00 00 02 01 00 8D 5B 00 
--------- Request # 946 ----[OUT]----

** Data **
01 00 A7 01 66 54 55 80 00 00 02 01 00 8D 5B 00 
--------- Request # 952 ----[IN]----

** Data **
01 55 00 00 D9 80 40 A7 01 66 54 55 38 00 00 00 00 00 00 00 00 00 00 00 00 00 00 00 00 00 00 00 00 00 00 00 00 00 00 00 00 00 00 00 00 00 00 00 00 00 00 00 00 00 00 00 00 00 00 00 00 00 00 00 
--------- Request # 953 ----[OUT]----

** Data **
03 00 
--------- Request # 954 ----[OUT]----

** Data **
03 00 
