--------- Request # 4 ----[IN]----

--
** Data **
01 55 00 00 C3 80 40 A7 01 66 54 55 E2 00 00 00 00 00 00 00 00 00 00 00 00 00 00 00 00 00 00 00 00 00 00 00 00 00 00 00 00 00 00 00 00 00 00 00 00 00 00 00 00 00 00 00 00 00 00 00 00 00 00 00 
--
** Data **
03 00 
--
--------- Request # 6 ----[OUT]----

--
** Data **
03 00 
--
--------- Request # 12 ----[IN]----

--
** Data **
01 55 00 00 02 02 00 00 05 04 00 55 E2 00 00 00 00 00 00 00 00 00 00 00 00 00 00 00 00 00 00 00 00 00 00 00 00 00 00 00 00 00 00 00 00 00 00 00 00 00 00 00 00 00 00 00 00 00 00 00 00 00 00 00 
--
--------- Request # 13 ----[OUT]----

--
** Data **
03 00 
--
--------- Request # 14 ----[OUT]----

--
** Data **
03 00 

--------- Request # 20 ----[IN]----

--
** Data **
01 55 00 00 02 01 00 4E 05 04 00 55 E2 00 00 00 00 00 00 00 00 00 00 00 00 00 00 00 00 00 00 00 00 00 00 00 00 00 00 00 00 00 00 00 00 00 00 00 00 00 00 00 00 00 00 00 00 00 00 00 00 00 00 00 
--
--------- Request # 21 ----[OUT]----

--
** Data **
0C 00 00 4E 95 
--
--------- Request # 22 ----[OUT]----

--
** Data **
0C 00 00 4E 95 
--
--------- Request # 28 ----[IN]----

--
** Data **
02 00 03 00 C3 80 40 A7 01 66 54 55 E2 FF FF FF FF FF FF FF FF FF FF FF FF FF FF FF FF 00 00 00 00 00 00 00 00 00 00 00 00 00 00 00 00 00 00 00 00 00 00 00 00 00 00 00 00 00 00 00 00 00 00 00 
--
--------- Request # 32 ----[IN]----

--
** Data **
00 00 00 00 00 00 00 00 00 00 00 00 00 90 
--
--------- Request # 33 ----[OUT]----

--
** Data **
01 00 A7 01 66 54 55 80 00 00 02 01 00 C7 27 00 
--
--------- Request # 34 ----[OUT]----

--
** Data **
01 00 A7 01 66 54 55 80 00 00 02 01 00 C7 27 00 
--
--------- Request # 40 ----[IN]----

--
** Data **
01 55 00 00 C3 80 40 A7 01 66 54 55 E2 FF FF FF FF FF FF FF FF FF FF FF FF FF FF FF FF 00 00 00 00 00 00 00 00 00 00 00 00 00 00 00 00 00 00 00 00 00 00 00 00 00 00 00 00 00 00 00 00 00 00 00 
--
--------- Request # 41 ----[OUT]----

--
** Data **
03 00 
--
--------- Request # 42 ----[OUT]----

--
** Data **
03 00 
--
--------- Request # 48 ----[IN]----

--
** Data **
01 55 00 00 02 02 00 00 05 04 00 55 E2 FF FF FF FF FF FF FF FF FF FF FF FF FF FF FF FF 00 00 00 00 00 00 00 00 00 00 00 00 00 00 00 00 00 00 00 00 00 00 00 00 00 00 00 00 00 00 00 00 00 00 00 
--
--------- Request # 49 ----[OUT]----

--
** Data **
03 00 
--
--------- Request # 50 ----[OUT]----

--
** Data **
03 00 
--
--------- Request # 56 ----[IN]----

--
** Data **
01 55 00 00 02 01 00 4E 05 04 00 55 E2 FF FF FF FF FF FF FF FF FF FF FF FF FF FF FF FF 00 00 00 00 00 00 00 00 00 00 00 00 00 00 00 00 00 00 00 00 00 00 00 00 00 00 00 00 00 00 00 00 00 00 00 
--
--------- Request # 57 ----[OUT]----

--
** Data **
0C 00 00 4E 95 
--
--------- Request # 58 ----[OUT]----

--
** Data **
0C 00 00 4E 95 
--
--------- Request # 64 ----[IN]----

--
** Data **
02 00 03 00 C2 80 40 A7 01 66 54 55 7F 01 02 01 02 01 01 02 02 01 13 02 B8 5D C0 00 00 00 00 00 00 00 00 00 00 00 00 00 00 00 00 00 00 00 00 00 00 00 00 00 00 00 00 00 00 00 00 00 00 00 00 00 
--
--------- Request # 68 ----[IN]----

--
** Data **
00 00 00 00 00 00 00 00 00 00 00 00 00 D4 
--
--------- Request # 69 ----[OUT]----

--
** Data **
01 00 A7 01 66 54 55 80 00 00 02 01 00 99 A8 00 
--
--------- Request # 70 ----[OUT]----

--
** Data **
01 00 A7 01 66 54 55 80 00 00 02 01 00 99 A8 00 
--
--------- Request # 76 ----[IN]----

--
** Data **
01 55 00 00 C2 80 40 A7 01 66 54 55 7F 01 02 01 02 01 01 02 02 01 13 02 B8 5D C0 00 00 00 00 00 00 00 00 00 00 00 00 00 00 00 00 00 00 00 00 00 00 00 00 00 00 00 00 00 00 00 00 00 00 00 00 00 
--
--------- Request # 77 ----[OUT]----

--
** Data **
03 00 
--
--------- Request # 78 ----[OUT]----

--
** Data **
03 00 
--
--------- Request # 84 ----[IN]----

--
** Data **
01 55 00 00 02 02 00 00 05 04 00 55 7F 01 02 01 02 01 01 02 02 01 13 02 B8 5D C0 00 00 00 00 00 00 00 00 00 00 00 00 00 00 00 00 00 00 00 00 00 00 00 00 00 00 00 00 00 00 00 00 00 00 00 00 00 
--
--------- Request # 85 ----[OUT]----

--
** Data **
03 00 
--
--------- Request # 86 ----[OUT]----

--
** Data **
03 00 
--
--------- Request # 92 ----[IN]----

--
** Data **
01 55 00 00 02 01 00 4E 05 04 00 55 7F 01 02 01 02 01 01 02 02 01 13 02 B8 5D C0 00 00 00 00 00 00 00 00 00 00 00 00 00 00 00 00 00 00 00 00 00 00 00 00 00 00 00 00 00 00 00 00 00 00 00 00 00 
--
--------- Request # 93 ----[OUT]----

--
** Data **
0C 00 00 4E 95 
--
--------- Request # 94 ----[OUT]----

--
** Data **
0C 00 00 4E 95 
--
--------- Request # 100 ----[IN]----

--
** Data **
02 00 03 00 C2 80 40 A7 01 66 54 55 7F 00 01 00 B8 00 3C 01 00 4E 00 14 00 00 28 00 1E 01 00 3C 20 88 6E 01 00 1E 00 00 00 00 00 00 00 00 00 00 00 00 00 00 00 00 00 00 00 00 00 00 00 00 00 00 
--
--------- Request # 104 ----[IN]----

--
** Data **
00 00 00 00 00 00 00 00 00 00 00 00 00 5C 
--
--------- Request # 105 ----[OUT]----

--
** Data **
01 00 A7 01 66 54 55 80 00 00 02 01 00 9C F2 00 
--
--------- Request # 106 ----[OUT]----

--
** Data **
01 00 A7 01 66 54 55 80 00 00 02 01 00 9C F2 00 
--
--------- Request # 112 ----[IN]----

--
** Data **
01 55 00 00 C2 80 40 A7 01 66 54 55 7F 00 01 00 B8 00 3C 01 00 4E 00 14 00 00 28 00 1E 01 00 3C 20 88 6E 01 00 1E 00 00 00 00 00 00 00 00 00 00 00 00 00 00 00 00 00 00 00 00 00 00 00 00 00 00 
--
--------- Request # 113 ----[OUT]----

--
** Data **
03 00 
--
--------- Request # 114 ----[OUT]----

--
** Data **
03 00 
--
--------- Request # 120 ----[IN]----

--
** Data **
01 55 00 00 02 02 00 00 05 04 00 55 7F 00 01 00 B8 00 3C 01 00 4E 00 14 00 00 28 00 1E 01 00 3C 20 88 6E 01 00 1E 00 00 00 00 00 00 00 00 00 00 00 00 00 00 00 00 00 00 00 00 00 00 00 00 00 00 
--
--------- Request # 121 ----[OUT]----

--
** Data **
03 00 
--
--------- Request # 122 ----[OUT]----

--
** Data **
03 00 
--
--------- Request # 128 ----[IN]----

--
** Data **
01 55 00 00 02 01 00 4E 05 04 00 55 7F 00 01 00 B8 00 3C 01 00 4E 00 14 00 00 28 00 1E 01 00 3C 20 88 6E 01 00 1E 00 00 00 00 00 00 00 00 00 00 00 00 00 00 00 00 00 00 00 00 00 00 00 00 00 00 
--
--------- Request # 129 ----[OUT]----

--
** Data **
0C 00 00 4E 95 
--
--------- Request # 130 ----[OUT]----

--
** Data **
0C 00 00 4E 95 
--
--------- Request # 136 ----[IN]----

--
** Data **
02 00 03 00 C2 80 40 A7 01 66 54 55 7F 22 8C 00 00 00 00 00 00 00 00 00 00 00 00 00 00 00 00 00 00 00 00 00 00 00 00 00 00 00 00 00 00 00 00 00 00 00 00 00 00 00 00 00 00 00 00 00 00 00 00 00 
--
--------- Request # 140 ----[IN]----

--
** Data **
00 00 00 00 00 00 00 00 00 00 00 00 00 E3 
--
--------- Request # 141 ----[OUT]----

--
** Data **
01 00 A7 01 66 54 55 80 01 00 02 02 00 80 07 00 00 
--
--------- Request # 142 ----[OUT]----

--
** Data **
01 00 A7 01 66 54 55 80 01 00 02 02 00 80 07 00 00 
--
--------- Request # 148 ----[IN]----

--
** Data **
01 55 00 00 C2 80 40 A7 01 66 54 55 7F 22 8C 00 00 00 00 00 00 00 00 00 00 00 00 00 00 00 00 00 00 00 00 00 00 00 00 00 00 00 00 00 00 00 00 00 00 00 00 00 00 00 00 00 00 00 00 00 00 00 00 00 
--
--------- Request # 149 ----[OUT]----

--
** Data **
03 00 
--
--------- Request # 150 ----[OUT]----

--
** Data **
03 00 
--
--------- Request # 156 ----[IN]----

--
** Data **
01 55 00 00 02 00 00 00 05 04 00 55 7F 22 8C 00 00 00 00 00 00 00 00 00 00 00 00 00 00 00 00 00 00 00 00 00 00 00 00 00 00 00 00 00 00 00 00 00 00 00 00 00 00 00 00 00 00 00 00 00 00 00 00 00 
--
--------- Request # 157 ----[OUT]----

--
** Data **
03 00 
--
--------- Request # 158 ----[OUT]----

--
** Data **
03 00 
--
--------- Request # 164 ----[IN]----

--
** Data **
01 55 00 00 02 00 00 00 05 04 00 55 7F 22 8C 00 00 00 00 00 00 00 00 00 00 00 00 00 00 00 00 00 00 00 00 00 00 00 00 00 00 00 00 00 00 00 00 00 00 00 00 00 00 00 00 00 00 00 00 00 00 00 00 00 
--
--------- Request # 165 ----[OUT]----

--
** Data **
03 00 
--
--------- Request # 166 ----[OUT]----

--
** Data **
03 00 
--
--------- Request # 172 ----[IN]----

--
** Data **
01 55 00 00 02 01 00 8E 05 04 00 55 7F 22 8C 00 00 00 00 00 00 00 00 00 00 00 00 00 00 00 00 00 00 00 00 00 00 00 00 00 00 00 00 00 00 00 00 00 00 00 00 00 00 00 00 00 00 00 00 00 00 00 00 00 
--
--------- Request # 173 ----[OUT]----

--
** Data **
0C 00 00 8E 56 
--
--------- Request # 174 ----[OUT]----

--
** Data **
0C 00 00 8E 56 
--
--------- Request # 180 ----[IN]----

--
** Data **
02 00 04 00 C6 00 80 A7 01 66 54 55 60 3F 0E 3B 9C 2F 65 0B 67 34 51 1E 00 33 96 11 05 0B 1F 00 00 B7 11 05 0B 0A 7A 0D 82 32 65 0B 3F 0F 0D 82 52 65 0B 67 34 51 0A 66 27 80 33 65 0B 3F 0C 27 
--
--------- Request # 184 ----[IN]----

--
** Data **
80 D3 65 0B 67 34 51 33 1E 2A 92 13 05 0B 00 16 06 2A 92 13 05 0B 0A 6E 0D 80 34 65 0B 3F 0D 0D 80 D4 65 0B 67 34 51 5B 6E 14 87 14 05 0B 22 50 0D 2D 6A 00 1A 00 00 00 00 1A 72 5C 05 50 88 14 
--
--------- Request # 188 ----[IN]----

--
** Data **
01 1A 1A 00 14 87 54 05 0B 5B 00 2C B3 D9 
--
--------- Request # 189 ----[OUT]----

--
** Data **
03 00 
--
--------- Request # 190 ----[OUT]----

--
** Data **
03 00 
--
--------- Request # 196 ----[IN]----

--
** Data **
01 55 00 00 02 01 00 8E 05 04 00 55 60 3F 0E 3B 9C 2F 65 0B 67 34 51 1E 00 33 96 11 05 0B 1F 00 00 B7 11 05 0B 0A 7A 0D 82 32 65 0B 3F 0F 0D 82 52 65 0B 67 34 51 0A 66 27 80 33 65 0B 3F 0C 27 
--
--------- Request # 197 ----[OUT]----

--
** Data **
0C 00 00 8E 56 
--
--------- Request # 198 ----[OUT]----

--
** Data **
0C 00 00 8E 56 
--
--------- Request # 204 ----[IN]----

--
** Data **
02 00 04 00 C7 00 80 A7 01 66 54 55 FD 14 05 0B 07 50 0D 2D 6A 00 05 00 00 00 00 05 72 5C 08 68 2E 04 50 B4 14 01 05 05 00 2C B3 54 05 0B 0A 72 07 83 35 65 0B 3F 0E 07 83 55 65 0B 67 34 51 0A 
--
--------- Request # 208 ----[IN]----

--
** Data **
9E 0B B1 35 65 0B 3F 13 0B B1 D5 65 0B 67 34 51 07 00 00 03 F2 25 0B 6D 25 0B 05 00 70 36 9E 0A 00 00 03 F2 03 06 4D 00 EC 17 00 43 00 EC 17 00 CC 56 00 20 0E 00 00 00 04 03 01 00 00 0C 00 E8 
--
--------- Request # 212 ----[IN]----

--
** Data **
00 00 00 0A 7D 11 9E 20 66 0B 3F 0F 11 94 
--
--------- Request # 213 ----[OUT]----

--
** Data **
03 00 
--
--------- Request # 214 ----[OUT]----

--
** Data **
03 00 
--
--------- Request # 220 ----[IN]----

--
** Data **
01 55 00 00 02 01 00 4E 05 04 00 55 FD 14 05 0B 07 50 0D 2D 6A 00 05 00 00 00 00 05 72 5C 08 68 2E 04 50 B4 14 01 05 05 00 2C B3 54 05 0B 0A 72 07 83 35 65 0B 3F 0E 07 83 55 65 0B 67 34 51 0A 
--
--------- Request # 221 ----[OUT]----

--
** Data **
0C 00 00 4E 95 
--
--------- Request # 222 ----[OUT]----

--
** Data **
0C 00 00 4E 95 
--
--------- Request # 228 ----[IN]----

--
** Data **
02 00 04 00 C6 00 40 A7 01 66 54 55 F3 9E A0 66 0B 67 34 51 5B 7D 2B 9E 00 06 0B 00 50 0D 2D 6A 02 00 00 00 01 00 01 72 5C 08 14 E1 04 68 09 14 01 01 01 00 2B 9E 40 06 0B 0A 39 23 A3 27 66 0B 
--
--------- Request # 232 ----[IN]----

--
** Data **
3F 07 23 A3 27 66 0B 67 34 51 0A 40 03 BD 
--
--------- Request # 233 ----[OUT]----

--
** Data **
03 00 
--
--------- Request # 234 ----[OUT]----

--
** Data **
03 00 
--
--------- Request # 240 ----[IN]----

--
** Data **
01 55 00 00 02 01 00 4E 05 04 00 55 F3 9E A0 66 0B 67 34 51 5B 7D 2B 9E 00 06 0B 00 50 0D 2D 6A 02 00 00 00 01 00 01 72 5C 08 14 E1 04 68 09 14 01 01 01 00 2B 9E 40 06 0B 0A 39 23 A3 27 66 0B 
--
--------- Request # 241 ----[OUT]----

--
** Data **
0C 00 00 4E 95 
--
--------- Request # 242 ----[OUT]----

--
** Data **
0C 00 00 4E 95 
--
--------- Request # 248 ----[IN]----

--
** Data **
02 00 04 00 C7 00 40 A7 01 66 54 55 6E 86 28 66 0B 3F 08 03 86 08 66 0B 67 34 51 1E 00 3B 89 08 06 0B 1F 00 0F 9C 08 06 0B 0A 70 17 87 29 66 0B 3F 0E 17 87 09 66 0B 67 34 51 19 00 00 81 0A 06 
--
--------- Request # 252 ----[IN]----

--
** Data **
0B 1A 00 2D B5 0B 06 0B 1A 01 09 B6 0B 6A 
--
--------- Request # 253 ----[OUT]----

--
** Data **
03 00 
--
--------- Request # 254 ----[OUT]----

--
** Data **
03 00 
--
--------- Request # 260 ----[IN]----

--
** Data **
01 55 00 00 02 01 00 4E 05 04 00 55 6E 86 28 66 0B 3F 08 03 86 08 66 0B 67 34 51 1E 00 3B 89 08 06 0B 1F 00 0F 9C 08 06 0B 0A 70 17 87 29 66 0B 3F 0E 17 87 09 66 0B 67 34 51 19 00 00 81 0A 06 
--
--------- Request # 261 ----[OUT]----

--
** Data **
0C 00 00 4E 95 
--
--------- Request # 262 ----[OUT]----

--
** Data **
0C 00 00 4E 95 
--
--------- Request # 268 ----[IN]----

--
** Data **
02 00 04 00 C8 00 40 A7 01 66 54 55 A2 06 0B 0A 59 07 B7 2B 06 0B 0A 59 18 B8 2B 06 0B 5B 59 02 B9 0B 06 0B 32 50 0D 2D 6A FC 26 F0 00 00 00 22 72 01 22 22 00 02 B9 4B 06 0B 0A 8E 1D 8B 33 66 
--
--------- Request # 272 ----[IN]----

--
** Data **
0B 3F 11 1D 8B D3 66 0B 67 34 51 5B 8E A4 
--
--------- Request # 273 ----[OUT]----

--
** Data **
03 00 
--
--------- Request # 274 ----[OUT]----

--
** Data **
03 00 
--
--------- Request # 280 ----[IN]----

--
** Data **
01 55 00 00 02 01 00 4E 05 04 00 55 A2 06 0B 0A 59 07 B7 2B 06 0B 0A 59 18 B8 2B 06 0B 5B 59 02 B9 0B 06 0B 32 50 0D 2D 6A FC 26 F0 00 00 00 22 72 01 22 22 00 02 B9 4B 06 0B 0A 8E 1D 8B 33 66 
--
--------- Request # 281 ----[OUT]----

--
** Data **
0C 00 00 4E 95 
--
--------- Request # 282 ----[OUT]----

--
** Data **
0C 00 00 4E 95 
--
--------- Request # 288 ----[IN]----

--
** Data **
02 00 04 00 CC 00 40 A7 01 66 54 55 7B 01 8C 13 06 0B 1A 50 0D 2D 6A 06 14 00 00 00 00 1A 72 5C 05 88 B5 14 01 1A 1A 00 02 8C 53 06 0B 0A 5F 35 86 37 66 0B 3F 0B 35 86 F7 66 0B 67 34 51 07 00 
--
--------- Request # 292 ----[IN]----

--
** Data **
00 04 0A 26 0B 6D 26 0B 05 00 61 39 8E 09 
--
--------- Request # 293 ----[OUT]----

--
** Data **
03 00 
--
--------- Request # 294 ----[OUT]----

--
** Data **
03 00 
--
--------- Request # 300 ----[IN]----

--
** Data **
01 55 00 00 02 01 00 4E 05 04 00 55 7B 01 8C 13 06 0B 1A 50 0D 2D 6A 06 14 00 00 00 00 1A 72 5C 05 88 B5 14 01 1A 1A 00 02 8C 53 06 0B 0A 5F 35 86 37 66 0B 3F 0B 35 86 F7 66 0B 67 34 51 07 00 
--
--------- Request # 301 ----[OUT]----

--
** Data **
0C 00 00 4E 95 
--
--------- Request # 302 ----[OUT]----

--
** Data **
0C 00 00 4E 95 
--
--------- Request # 308 ----[IN]----

--
** Data **
02 00 04 00 CA 00 40 A7 01 66 54 55 03 08 00 00 04 0A 03 16 4C 00 F4 18 00 4C 00 F4 18 00 D8 59 00 1C 0B 00 00 00 03 01 01 01 00 0C 00 E8 00 00 00 5B 00 25 83 00 07 0B 06 50 0D 2D 6A 00 04 00 
--
--------- Request # 312 ----[IN]----

--
** Data **
00 00 00 04 72 5C 05 68 2A 14 01 04 04 83 
--
--------- Request # 313 ----[OUT]----

--
** Data **
03 00 
--
--------- Request # 314 ----[OUT]----

--
** Data **
03 00 
--
--------- Request # 320 ----[IN]----

--
** Data **
01 55 00 00 02 01 00 4E 05 04 00 55 03 08 00 00 04 0A 03 16 4C 00 F4 18 00 4C 00 F4 18 00 D8 59 00 1C 0B 00 00 00 03 01 01 01 00 0C 00 E8 00 00 00 5B 00 25 83 00 07 0B 06 50 0D 2D 6A 00 04 00 
--
--------- Request # 321 ----[OUT]----

--
** Data **
0C 00 00 4E 95 
--
--------- Request # 322 ----[OUT]----

--
** Data **
0C 00 00 4E 95 
--
--------- Request # 328 ----[IN]----

--
** Data **
02 00 04 00 C9 00 40 A7 01 66 54 55 3F 00 25 83 40 07 0B 0A 63 29 9B 20 67 0B 3F 0C 29 9B 60 67 0B 67 34 51 0A 48 25 BB 27 67 0B 3F 09 25 BB 07 67 0B 67 34 51 1E 00 21 99 08 07 0B 1F 00 33 B6 
--
--------- Request # 332 ----[IN]----

--
** Data **
08 07 0B 0A 6C 0F 9C 29 67 0B 3F 0D 0F 64 
--
--------- Request # 333 ----[OUT]----

--
** Data **
03 00 
--
--------- Request # 334 ----[OUT]----

--
** Data **
03 00 
--
--------- Request # 340 ----[IN]----

--
** Data **
01 55 00 00 02 01 00 4E 05 04 00 55 3F 00 25 83 40 07 0B 0A 63 29 9B 20 67 0B 3F 0C 29 9B 60 67 0B 67 34 51 0A 48 25 BB 27 67 0B 3F 09 25 BB 07 67 0B 67 34 51 1E 00 21 99 08 07 0B 1F 00 33 B6 
--
--------- Request # 341 ----[OUT]----

--
** Data **
0C 00 00 4E 95 
--
--------- Request # 342 ----[OUT]----

--
** Data **
0C 00 00 4E 95 
--
--------- Request # 348 ----[IN]----

--
** Data **
02 00 04 00 C9 00 40 A7 01 66 54 55 3F 9C 89 67 0B 67 34 51 5B 6C 2D A2 09 07 0B 31 50 0D 2D 6A 00 25 00 00 00 00 25 72 01 25 25 00 2D A2 49 07 0B 0A DC 2F 89 2C 67 0B 3F 1B 2F 89 8C 67 0B 67 
--
--------- Request # 352 ----[IN]----

--
** Data **
34 51 5B DC 3A 89 0C 07 0B 00 50 0D 2D AB 
--
--------- Request # 353 ----[OUT]----

--
** Data **
03 00 
--
--------- Request # 354 ----[OUT]----

--
** Data **
03 00 
--
--------- Request # 360 ----[IN]----

--
** Data **
01 55 00 00 02 01 00 4E 05 04 00 55 3F 9C 89 67 0B 67 34 51 5B 6C 2D A2 09 07 0B 31 50 0D 2D 6A 00 25 00 00 00 00 25 72 01 25 25 00 2D A2 49 07 0B 0A DC 2F 89 2C 67 0B 3F 1B 2F 89 8C 67 0B 67 
--
--------- Request # 361 ----[OUT]----

--
** Data **
0C 00 00 4E 95 
--
--------- Request # 362 ----[OUT]----

--
** Data **
0C 00 00 4E 95 
--
--------- Request # 368 ----[IN]----

--
** Data **
02 00 04 00 CA 00 40 A7 01 66 54 55 03 6A 17 00 00 00 0A 00 0D 72 5C 08 84 9A 04 10 A4 04 01 0D 0D 00 3A 89 4C 07 0B 5B 00 06 81 0D 07 0B 1D 50 0D 2D 6A 00 16 00 00 00 00 16 72 5C 0B 34 38 04 
--
--------- Request # 372 ----[IN]----

--
** Data **
84 CE 04 10 D8 04 01 16 16 00 06 81 4D F2 
--
--------- Request # 373 ----[OUT]----

--
** Data **
03 00 
--
--------- Request # 374 ----[OUT]----

--
** Data **
03 00 
--
--------- Request # 380 ----[IN]----

--
** Data **
01 55 00 00 02 01 00 4E 05 04 00 55 03 6A 17 00 00 00 0A 00 0D 72 5C 08 84 9A 04 10 A4 04 01 0D 0D 00 3A 89 4C 07 0B 5B 00 06 81 0D 07 0B 1D 50 0D 2D 6A 00 16 00 00 00 00 16 72 5C 0B 34 38 04 
--
--------- Request # 381 ----[OUT]----

--
** Data **
0C 00 00 4E 95 
--
--------- Request # 382 ----[OUT]----

--
** Data **
0C 00 00 4E 95 
--
--------- Request # 388 ----[IN]----

--
** Data **
02 00 04 00 C9 00 40 A7 01 66 54 55 3F 07 0B 1E 00 2D 9E 0D 47 0B 1F 00 1B 9F 0D 47 0B 0A 96 23 A3 2E 67 0B 3F 12 23 A3 CE 67 0B 67 34 51 1E 00 35 B2 0E 47 0B 1F 00 39 B2 0E 47 0B 0A 62 35 81 
--
--------- Request # 392 ----[IN]----

--
** Data **
30 67 0B 3F 0C 35 81 50 67 0B 67 34 51 BF 
--
--------- Request # 393 ----[OUT]----

--
** Data **
03 00 
--
--------- Request # 394 ----[OUT]----

--
** Data **
03 00 
--
--------- Request # 400 ----[IN]----

--
** Data **
01 55 00 00 02 01 00 4E 05 04 00 55 3F 07 0B 1E 00 2D 9E 0D 47 0B 1F 00 1B 9F 0D 47 0B 0A 96 23 A3 2E 67 0B 3F 12 23 A3 CE 67 0B 67 34 51 1E 00 35 B2 0E 47 0B 1F 00 39 B2 0E 47 0B 0A 62 35 81 
--
--------- Request # 401 ----[OUT]----

--
** Data **
0C 00 00 4E 95 
--
--------- Request # 402 ----[OUT]----

--
** Data **
0C 00 00 4E 95 
--
--------- Request # 408 ----[IN]----

--
** Data **
02 00 04 00 C8 00 40 A7 01 66 54 55 A2 1E 00 30 86 10 47 0B 1F 00 11 87 10 47 0B 1E 00 11 9E 10 47 0B 00 00 00 00 00 00 00 00 00 00 00 00 00 00 00 00 00 00 00 00 00 00 00 00 00 00 00 00 00 00 
--
--------- Request # 412 ----[IN]----

--
** Data **
00 00 00 00 00 00 00 00 00 00 00 00 00 2F 
--
--------- Request # 413 ----[OUT]----

--
** Data **
03 00 
--
--------- Request # 414 ----[OUT]----

--
** Data **
03 00 
--
--------- Request # 420 ----[IN]----

--
** Data **
01 55 00 00 02 01 00 4E 05 04 00 55 A2 1E 00 30 86 10 47 0B 1F 00 11 87 10 47 0B 1E 00 11 9E 10 47 0B 00 00 00 00 00 00 00 00 00 00 00 00 00 00 00 00 00 00 00 00 00 00 00 00 00 00 00 00 00 00 
--
--------- Request # 421 ----[OUT]----

--
** Data **
0C 00 00 4E 95 
--
--------- Request # 422 ----[OUT]----

--
** Data **
0C 00 00 4E 95 
--
--------- Request # 428 ----[IN]----

--
** Data **
02 00 04 00 CB 00 40 A7 01 66 54 55 9E 00 00 00 00 00 00 00 00 00 00 00 00 00 00 00 00 00 00 00 00 00 00 00 00 00 00 00 00 00 00 00 00 00 00 00 00 00 00 00 00 00 00 00 00 00 00 00 00 00 00 00 
--
--------- Request # 432 ----[IN]----

--
** Data **
00 00 00 00 00 00 00 00 00 00 00 00 00 00 
--
--------- Request # 433 ----[OUT]----

--
** Data **
03 00 
--
--------- Request # 434 ----[OUT]----

--
** Data **
03 00 
--
--------- Request # 440 ----[IN]----

--
** Data **
01 55 00 00 02 01 00 4E 05 04 00 55 9E 00 00 00 00 00 00 00 00 00 00 00 00 00 00 00 00 00 00 00 00 00 00 00 00 00 00 00 00 00 00 00 00 00 00 00 00 00 00 00 00 00 00 00 00 00 00 00 00 00 00 00 
--
--------- Request # 441 ----[OUT]----

--
** Data **
0C 00 00 4E 95 
--
--------- Request # 442 ----[OUT]----

--
** Data **
0C 00 00 4E 95 
--
--------- Request # 448 ----[IN]----

--
** Data **
02 00 04 00 CC 80 40 A7 01 66 54 55 F8 00 00 00 00 00 00 00 00 00 00 00 00 00 00 00 00 00 00 00 00 00 00 00 00 00 00 00 00 00 00 00 00 00 00 00 00 00 00 00 00 00 00 00 00 00 00 00 00 00 00 00 
--
--------- Request # 452 ----[IN]----

--
** Data **
00 00 00 00 00 00 00 00 00 00 00 1E 31 F2 
--
--------- Request # 453 ----[OUT]----

--
** Data **
01 00 A7 01 66 54 55 80 00 00 02 00 00 28 30 00 
--
--------- Request # 454 ----[OUT]----

--
** Data **
01 00 A7 01 66 54 55 80 00 00 02 00 00 28 30 00 
--
--------- Request # 460 ----[IN]----

--
** Data **
01 55 00 00 CC 80 40 A7 01 66 54 55 F8 00 00 00 00 00 00 00 00 00 00 00 00 00 00 00 00 00 00 00 00 00 00 00 00 00 00 00 00 00 00 00 00 00 00 00 00 00 00 00 00 00 00 00 00 00 00 00 00 00 00 00 
--
--------- Request # 461 ----[OUT]----

--
** Data **
01 00 A7 01 66 54 55 80 00 00 02 01 00 CD 93 00 
--
--------- Request # 462 ----[OUT]----

--
** Data **
01 00 A7 01 66 54 55 80 00 00 02 01 00 CD 93 00 
--
--------- Request # 468 ----[IN]----

--
** Data **
01 55 00 00 CC 80 40 A7 01 66 54 55 F8 00 00 00 00 00 00 00 00 00 00 00 00 00 00 00 00 00 00 00 00 00 00 00 00 00 00 00 00 00 00 00 00 00 00 00 00 00 00 00 00 00 00 00 00 00 00 00 00 00 00 00 
--
--------- Request # 469 ----[OUT]----

--
** Data **
03 00 
--
--------- Request # 470 ----[OUT]----

--
** Data **
03 00 
--
--------- Request # 476 ----[IN]----

--
** Data **
01 55 00 00 02 02 00 00 05 04 00 55 F8 00 00 00 00 00 00 00 00 00 00 00 00 00 00 00 00 00 00 00 00 00 00 00 00 00 00 00 00 00 00 00 00 00 00 00 00 00 00 00 00 00 00 00 00 00 00 00 00 00 00 00 
--
--------- Request # 477 ----[OUT]----

--
** Data **
03 00 
--
--------- Request # 478 ----[OUT]----

--
** Data **
03 00 
--
--------- Request # 484 ----[IN]----

--
** Data **
01 55 00 00 02 01 00 4E 05 04 00 55 F8 00 00 00 00 00 00 00 00 00 00 00 00 00 00 00 00 00 00 00 00 00 00 00 00 00 00 00 00 00 00 00 00 00 00 00 00 00 00 00 00 00 00 00 00 00 00 00 00 00 00 00 
--
--------- Request # 485 ----[OUT]----

--
** Data **
0C 00 00 4E 95 
--
--------- Request # 486 ----[OUT]----

--
** Data **
0C 00 00 4E 95 
--
--------- Request # 492 ----[IN]----

--
** Data **
02 00 03 00 CC 80 40 A7 01 66 54 55 2E 00 00 00 2E 00 20 00 20 00 20 00 20 00 00 00 00 00 00 00 00 00 00 00 00 00 00 00 00 00 00 00 00 00 00 00 00 00 00 00 00 00 00 00 00 00 00 00 00 00 00 00 
--
--------- Request # 496 ----[IN]----

--
** Data **
00 00 00 00 00 00 00 00 00 00 00 00 00 C3 
--
--------- Request # 497 ----[OUT]----

--
** Data **
01 00 A7 01 66 54 55 80 04 00 02 02 00 9A BE 00 00 00 2E 11 
--
--------- Request # 498 ----[OUT]----

--
** Data **
01 00 A7 01 66 54 55 80 04 00 02 02 00 9A BE 00 00 00 2E 11 
--
--------- Request # 504 ----[IN]----

--
** Data **
01 55 00 00 CC 80 40 A7 01 66 54 55 2E 00 00 00 2E 00 20 00 20 00 20 00 20 00 00 00 00 00 00 00 00 00 00 00 00 00 00 00 00 00 00 00 00 00 00 00 00 00 00 00 00 00 00 00 00 00 00 00 00 00 00 00 
--
--------- Request # 505 ----[OUT]----

--
** Data **
03 00 
--
--------- Request # 506 ----[OUT]----

--
** Data **
03 00 
--
--------- Request # 512 ----[IN]----

--
** Data **
01 55 00 00 02 00 00 00 05 04 00 55 2E 00 00 00 2E 00 20 00 20 00 20 00 20 00 00 00 00 00 00 00 00 00 00 00 00 00 00 00 00 00 00 00 00 00 00 00 00 00 00 00 00 00 00 00 00 00 00 00 00 00 00 00 
--
--------- Request # 513 ----[OUT]----

--
** Data **
03 00 
--
--------- Request # 514 ----[OUT]----

--
** Data **
03 00 
--
--------- Request # 520 ----[IN]----

--
** Data **
01 55 00 00 02 00 00 00 05 04 00 55 2E 00 00 00 2E 00 20 00 20 00 20 00 20 00 00 00 00 00 00 00 00 00 00 00 00 00 00 00 00 00 00 00 00 00 00 00 00 00 00 00 00 00 00 00 00 00 00 00 00 00 00 00 
--
--------- Request # 521 ----[OUT]----

--
** Data **
03 00 
--
--------- Request # 522 ----[OUT]----

--
** Data **
03 00 
--
--------- Request # 528 ----[IN]----

--
** Data **
01 55 00 00 02 03 00 4E 05 04 00 55 2E 00 00 00 2E 00 20 00 20 00 20 00 20 00 00 00 00 00 00 00 00 00 00 00 00 00 00 00 00 00 00 00 00 00 00 00 00 00 00 00 00 00 00 00 00 00 00 00 00 00 00 00 
--
--------- Request # 529 ----[OUT]----

--
** Data **
0C 00 00 4E 95 
--
--------- Request # 530 ----[OUT]----

--
** Data **
0C 00 00 4E 95 
--
--------- Request # 536 ----[IN]----

--
** Data **
02 00 04 00 D3 00 40 A7 01 66 54 55 E5 F4 8B 02 A6 17 0E 00 00 01 0B 02 A6 17 10 29 8B 03 80 02 0E 2F 8B 03 89 02 0E 44 8B 03 9D 02 0E 51 8B 03 A8 02 0E 47 8B 03 B9 02 0E 00 00 01 0B 03 80 03 
--
--------- Request # 540 ----[IN]----

--
** Data **
10 C1 8B 03 BA 09 0E CC 8B 03 A5 0A 0E A2 
--
--------- Request # 541 ----[OUT]----

--
** Data **
03 00 
--
--------- Request # 542 ----[OUT]----

--
** Data **
03 00 
--
--------- Request # 548 ----[IN]----

--
** Data **
01 55 00 00 02 01 00 8E 05 04 00 55 E5 F4 8B 02 A6 17 0E 00 00 01 0B 02 A6 17 10 29 8B 03 80 02 0E 2F 8B 03 89 02 0E 44 8B 03 9D 02 0E 51 8B 03 A8 02 0E 47 8B 03 B9 02 0E 00 00 01 0B 03 80 03 
--
--------- Request # 549 ----[OUT]----

--
** Data **
0C 00 00 8E 56 
--
--------- Request # 550 ----[OUT]----

--
** Data **
0C 00 00 8E 56 
--
--------- Request # 556 ----[IN]----

--
** Data **
02 00 04 00 CD 00 80 A7 01 66 54 55 75 00 00 01 0B 03 A5 0A 10 00 00 01 0B 03 A9 0A 10 9E 8B 03 A3 0C 0E 62 8B 03 88 0D 0E 00 00 01 0B 03 8A 0D 10 CB 8B 03 8A 10 0E 00 00 01 0B 03 8A 10 10 AC 
--
--------- Request # 560 ----[IN]----

--
** Data **
8B 03 86 11 0E 83 8B 03 B5 11 0E 89 8B 03 90 13 0E 00 00 01 0B 03 94 13 10 6C 8B 03 82 14 0E 4E 8B 03 B1 14 0E 91 8B 04 A0 0A 0E 81 8B 04 B0 0A 0E 00 00 01 0B 04 B2 0A 10 67 8B 04 8E 0C 0E 00 
--
--------- Request # 564 ----[IN]----

--
** Data **
00 01 0B 04 A5 0C 10 96 8B 04 AF 0E 0E 2E 
--
--------- Request # 565 ----[OUT]----

--
** Data **
03 00 
--
--------- Request # 566 ----[OUT]----

--
** Data **
03 00 
--
--------- Request # 572 ----[IN]----

--
** Data **
01 55 00 00 02 01 00 4E 05 04 00 55 75 00 00 01 0B 03 A5 0A 10 00 00 01 0B 03 A9 0A 10 9E 8B 03 A3 0C 0E 62 8B 03 88 0D 0E 00 00 01 0B 03 8A 0D 10 CB 8B 03 8A 10 0E 00 00 01 0B 03 8A 10 10 AC 
--
--------- Request # 573 ----[OUT]----

--
** Data **
0C 00 00 4E 95 
--
--------- Request # 574 ----[OUT]----

--
** Data **
0C 00 00 4E 95 
--
--------- Request # 580 ----[IN]----

--
** Data **
02 00 04 00 C6 00 40 A7 01 66 54 55 F3 C5 8B 04 BB 10 0E 00 00 01 0B 04 BB 10 10 A9 8B 04 8A 12 0E AD 8B 04 AB 12 0E 90 8B 04 A3 14 0E 00 00 01 0B 04 A6 14 10 00 00 01 0B 04 AC 14 10 96 8B 04 
--
--------- Request # 584 ----[IN]----

--
** Data **
BB 17 0E 00 00 01 0B 04 BB 17 10 36 8B BC 
--
--------- Request # 585 ----[OUT]----

--
** Data **
03 00 
--
--------- Request # 586 ----[OUT]----

--
** Data **
03 00 
--
--------- Request # 592 ----[IN]----

--
** Data **
01 55 00 00 02 01 00 4E 05 04 00 55 F3 C5 8B 04 BB 10 0E 00 00 01 0B 04 BB 10 10 A9 8B 04 8A 12 0E AD 8B 04 AB 12 0E 90 8B 04 A3 14 0E 00 00 01 0B 04 A6 14 10 00 00 01 0B 04 AC 14 10 96 8B 04 
--
--------- Request # 593 ----[OUT]----

--
** Data **
0C 00 00 4E 95 
--
--------- Request # 594 ----[OUT]----

--
** Data **
0C 00 00 4E 95 
--
--------- Request # 600 ----[IN]----

--
** Data **
02 00 04 00 C5 00 40 A7 01 66 54 55 CF 05 98 0A 0E 3C 8B 05 AC 0A 0E 99 8B 05 93 0B 0E 00 00 01 0B 05 93 0B 10 85 8B 05 9B 0D 0E 00 00 01 0B 05 A9 0D 10 71 8B 05 9C 0F 0E 7A 8B 05 82 12 0E 66 
--
--------- Request # 604 ----[IN]----

--
** Data **
8B 05 80 13 0E 6E 8B 05 80 14 0E 00 00 B1 
--
--------- Request # 605 ----[OUT]----

--
** Data **
03 00 
--
--------- Request # 606 ----[OUT]----

--
** Data **
03 00 
--
--------- Request # 612 ----[IN]----

--
** Data **
01 55 00 00 02 01 00 4E 05 04 00 55 CF 05 98 0A 0E 3C 8B 05 AC 0A 0E 99 8B 05 93 0B 0E 00 00 01 0B 05 93 0B 10 85 8B 05 9B 0D 0E 00 00 01 0B 05 A9 0D 10 71 8B 05 9C 0F 0E 7A 8B 05 82 12 0E 66 
--
--------- Request # 613 ----[OUT]----

--
** Data **
0C 00 00 4E 95 
--
--------- Request # 614 ----[OUT]----

--
** Data **
0C 00 00 4E 95 
--
--------- Request # 620 ----[IN]----

--
** Data **
02 00 04 00 C5 00 40 A7 01 66 54 55 CF 01 0B 05 87 14 10 00 00 01 0B 05 B3 14 10 72 8B 05 83 15 0E 9E 8B 05 B1 15 0E 7D 8B 06 9E 00 0E 00 00 01 0B 06 9E 00 10 39 8B 06 A3 07 0E 40 8B 06 86 08 
--
--------- Request # 624 ----[IN]----

--
** Data **
0E 70 8B 06 87 09 0E 09 53 E5 40 08 0B 61 
--
--------- Request # 625 ----[OUT]----

--
** Data **
03 00 
--
--------- Request # 626 ----[OUT]----

--
** Data **
03 00 
--
--------- Request # 632 ----[IN]----

--
** Data **
01 55 00 00 02 01 00 4E 05 04 00 55 CF 01 0B 05 87 14 10 00 00 01 0B 05 B3 14 10 72 8B 05 83 15 0E 9E 8B 05 B1 15 0E 7D 8B 06 9E 00 0E 00 00 01 0B 06 9E 00 10 39 8B 06 A3 07 0E 40 8B 06 86 08 
--
--------- Request # 633 ----[OUT]----

--
** Data **
0C 00 00 4E 95 
--
--------- Request # 634 ----[OUT]----

--
** Data **
0C 00 00 4E 95 
--
--------- Request # 640 ----[IN]----

--
** Data **
02 00 04 00 BF 00 40 A7 01 66 54 55 62 06 B5 0B 0A 0B 26 B6 0B 0A 0B 06 B6 0B 0B 00 00 01 0B 06 B9 0B 10 8E 8B 06 8B 13 0E 00 00 01 0B 06 8C 13 10 5F 8B 06 86 17 0E 00 00 01 0B 07 83 00 10 63 
--
--------- Request # 644 ----[IN]----

--
** Data **
8B 07 9B 00 0E 48 8B 07 BB 07 0E 6C 8B 62 
--
--------- Request # 645 ----[OUT]----

--
** Data **
03 00 
--
--------- Request # 646 ----[OUT]----

--
** Data **
03 00 
--
--------- Request # 652 ----[IN]----

--
** Data **
01 55 00 00 02 01 00 4E 05 04 00 55 62 06 B5 0B 0A 0B 26 B6 0B 0A 0B 06 B6 0B 0B 00 00 01 0B 06 B9 0B 10 8E 8B 06 8B 13 0E 00 00 01 0B 06 8C 13 10 5F 8B 06 86 17 0E 00 00 01 0B 07 83 00 10 63 
--
--------- Request # 653 ----[OUT]----

--
** Data **
0C 00 00 4E 95 
--
--------- Request # 654 ----[OUT]----

--
** Data **
0C 00 00 4E 95 
--
--------- Request # 660 ----[IN]----

--
** Data **
02 00 04 00 CB 00 40 A7 01 66 54 55 9E 07 9C 09 0E 00 00 01 0B 07 A2 09 10 DC 8B 07 89 0C 0E 00 00 01 0B 07 89 0C 10 00 00 01 0B 07 81 0D 10 09 13 E5 40 08 96 8B 07 A3 0E 0E 62 8B 07 81 10 0E 
--
--------- Request # 664 ----[IN]----

--
** Data **
09 13 E5 40 08 09 13 E5 40 08 01 00 00 0E 
--
--------- Request # 665 ----[OUT]----

--
** Data **
03 00 
--
--------- Request # 666 ----[OUT]----

--
** Data **
03 00 
--
--------- Request # 672 ----[IN]----

--
** Data **
01 55 00 00 02 01 00 4E 05 04 00 55 9E 07 9C 09 0E 00 00 01 0B 07 A2 09 10 DC 8B 07 89 0C 0E 00 00 01 0B 07 89 0C 10 00 00 01 0B 07 81 0D 10 09 13 E5 40 08 96 8B 07 A3 0E 0E 62 8B 07 81 10 0E 
--
--------- Request # 673 ----[OUT]----

--
** Data **
0C 00 00 4E 95 
--
--------- Request # 674 ----[OUT]----

--
** Data **
0C 00 00 4E 95 
--
--------- Request # 680 ----[IN]----

--
** Data **
02 00 04 00 CA 00 40 A7 01 66 54 55 03 00 00 00 00 00 00 00 00 00 00 00 00 00 00 00 00 00 00 00 00 00 00 00 00 00 00 00 00 00 00 00 00 00 00 00 00 00 00 00 00 00 00 00 00 00 00 00 00 00 00 00 
--
--------- Request # 684 ----[IN]----

--
** Data **
00 00 00 00 00 00 00 00 00 00 00 00 00 00 
--
--------- Request # 685 ----[OUT]----

--
** Data **
03 00 
--
--------- Request # 686 ----[OUT]----

--
** Data **
03 00 
--
--------- Request # 692 ----[IN]----

--
** Data **
01 55 00 00 02 01 00 4E 05 04 00 55 03 00 00 00 00 00 00 00 00 00 00 00 00 00 00 00 00 00 00 00 00 00 00 00 00 00 00 00 00 00 00 00 00 00 00 00 00 00 00 00 00 00 00 00 00 00 00 00 00 00 00 00 
--
--------- Request # 693 ----[OUT]----

--
** Data **
0C 00 00 4E 95 
--
--------- Request # 694 ----[OUT]----

--
** Data **
0C 00 00 4E 95 
--
--------- Request # 700 ----[IN]----

--
** Data **
02 00 04 00 C8 00 40 A7 01 66 54 55 A2 00 00 00 00 00 00 00 00 00 00 00 00 00 00 00 00 00 00 00 00 00 00 00 00 00 00 00 00 00 00 00 00 00 00 00 00 00 00 00 00 00 00 00 00 00 00 00 00 00 00 00 
--
--------- Request # 704 ----[IN]----

--
** Data **
00 00 00 00 00 00 00 00 00 00 00 00 00 00 
--
--------- Request # 705 ----[OUT]----

--
** Data **
03 00 
--
--------- Request # 706 ----[OUT]----

--
** Data **
03 00 
--
--------- Request # 712 ----[IN]----

--
** Data **
01 55 00 00 02 01 00 4E 05 04 00 55 A2 00 00 00 00 00 00 00 00 00 00 00 00 00 00 00 00 00 00 00 00 00 00 00 00 00 00 00 00 00 00 00 00 00 00 00 00 00 00 00 00 00 00 00 00 00 00 00 00 00 00 00 
--
--------- Request # 713 ----[OUT]----

--
** Data **
0C 00 00 4E 95 
--
--------- Request # 714 ----[OUT]----

--
** Data **
0C 00 00 4E 95 
--
--------- Request # 720 ----[IN]----

--
** Data **
02 00 04 00 C7 00 40 A7 01 66 54 55 6E 00 00 00 00 00 00 00 00 00 00 00 00 00 00 00 00 00 00 00 00 00 00 00 00 00 00 00 00 00 00 00 00 00 00 00 00 00 00 00 00 00 00 00 00 00 00 00 00 00 00 00 
--
--------- Request # 724 ----[IN]----

--
** Data **
00 00 00 00 00 00 00 00 00 00 00 00 00 00 
--
--------- Request # 725 ----[OUT]----

--
** Data **
03 00 
--
--------- Request # 726 ----[OUT]----

--
** Data **
03 00 
--
--------- Request # 732 ----[IN]----

--
** Data **
01 55 00 00 02 01 00 4E 05 04 00 55 6E 00 00 00 00 00 00 00 00 00 00 00 00 00 00 00 00 00 00 00 00 00 00 00 00 00 00 00 00 00 00 00 00 00 00 00 00 00 00 00 00 00 00 00 00 00 00 00 00 00 00 00 
--
--------- Request # 733 ----[OUT]----

--
** Data **
0C 00 00 4E 95 
--
--------- Request # 734 ----[OUT]----

--
** Data **
0C 00 00 4E 95 
--
--------- Request # 740 ----[IN]----

--
** Data **
02 00 04 00 C7 00 40 A7 01 66 54 55 6E 00 00 00 00 00 00 00 00 00 00 00 00 00 00 00 00 00 00 00 00 00 00 00 00 00 00 00 00 00 00 00 00 00 00 00 00 00 00 00 00 00 00 00 00 00 00 00 00 00 00 00 
--
--------- Request # 744 ----[IN]----

--
** Data **
00 00 00 00 00 00 00 00 00 00 00 00 00 00 
--
--------- Request # 745 ----[OUT]----

--
** Data **
03 00 
--
--------- Request # 746 ----[OUT]----

--
** Data **
03 00 
--
--------- Request # 752 ----[IN]----

--
** Data **
01 55 00 00 02 01 00 4E 05 04 00 55 6E 00 00 00 00 00 00 00 00 00 00 00 00 00 00 00 00 00 00 00 00 00 00 00 00 00 00 00 00 00 00 00 00 00 00 00 00 00 00 00 00 00 00 00 00 00 00 00 00 00 00 00 
--
--------- Request # 753 ----[OUT]----

--
** Data **
0C 00 00 4E 95 
--
--------- Request # 754 ----[OUT]----

--
** Data **
0C 00 00 4E 95 
--
--------- Request # 760 ----[IN]----

--
** Data **
02 00 04 00 C7 00 40 A7 01 66 54 55 6E 00 00 00 00 00 00 00 00 00 00 00 00 00 00 00 00 00 00 00 00 00 00 00 00 00 00 00 00 00 00 00 00 00 00 00 00 00 00 00 00 00 00 00 00 00 00 00 00 00 00 00 
--
--------- Request # 764 ----[IN]----

--
** Data **
00 00 00 00 00 00 00 00 00 00 00 00 00 00 
--
--------- Request # 765 ----[OUT]----

--
** Data **
03 00 
--
--------- Request # 766 ----[OUT]----

--
** Data **
03 00 
--
--------- Request # 772 ----[IN]----

--
** Data **
01 55 00 00 02 01 00 4E 05 04 00 55 6E 00 00 00 00 00 00 00 00 00 00 00 00 00 00 00 00 00 00 00 00 00 00 00 00 00 00 00 00 00 00 00 00 00 00 00 00 00 00 00 00 00 00 00 00 00 00 00 00 00 00 00 
--
--------- Request # 773 ----[OUT]----

--
** Data **
0C 00 00 4E 95 
--
--------- Request # 774 ----[OUT]----

--
** Data **
0C 00 00 4E 95 
--
--------- Request # 780 ----[IN]----

--
** Data **
02 00 04 00 C8 00 40 A7 01 66 54 55 A2 00 00 00 00 00 00 00 00 00 00 00 00 00 00 00 00 00 00 00 00 00 00 00 00 00 00 00 00 00 00 00 00 00 00 00 00 00 00 00 00 00 00 00 00 00 00 00 00 00 00 00 
--
--------- Request # 784 ----[IN]----

--
** Data **
00 00 00 00 00 00 00 00 00 00 00 00 00 00 
--
--------- Request # 785 ----[OUT]----

--
** Data **
03 00 
--
--------- Request # 786 ----[OUT]----

--
** Data **
03 00 
--
--------- Request # 792 ----[IN]----

--
** Data **
01 55 00 00 02 01 00 4E 05 04 00 55 A2 00 00 00 00 00 00 00 00 00 00 00 00 00 00 00 00 00 00 00 00 00 00 00 00 00 00 00 00 00 00 00 00 00 00 00 00 00 00 00 00 00 00 00 00 00 00 00 00 00 00 00 
--
--------- Request # 793 ----[OUT]----

--
** Data **
0C 00 00 4E 95 
--
--------- Request # 794 ----[OUT]----

--
** Data **
0C 00 00 4E 95 
--
--------- Request # 800 ----[IN]----

--
** Data **
02 00 04 00 C8 00 40 A7 01 66 54 55 A2 00 00 00 00 00 00 00 00 00 00 00 00 00 00 00 00 00 00 00 00 00 00 00 00 00 00 00 00 00 00 00 00 00 00 00 00 00 00 00 00 00 00 00 00 00 00 00 00 00 00 00 
--
--------- Request # 804 ----[IN]----

--
** Data **
00 00 00 00 00 00 00 00 00 00 00 00 00 00 
--
--------- Request # 805 ----[OUT]----

--
** Data **
03 00 
--
--------- Request # 806 ----[OUT]----

--
** Data **
03 00 
--
--------- Request # 812 ----[IN]----

--
** Data **
01 55 00 00 02 01 00 4E 05 04 00 55 A2 00 00 00 00 00 00 00 00 00 00 00 00 00 00 00 00 00 00 00 00 00 00 00 00 00 00 00 00 00 00 00 00 00 00 00 00 00 00 00 00 00 00 00 00 00 00 00 00 00 00 00 
--
--------- Request # 813 ----[OUT]----

--
** Data **
0C 00 00 4E 95 
--
--------- Request # 814 ----[OUT]----

--
** Data **
0C 00 00 4E 95 
--
--------- Request # 820 ----[IN]----

--
** Data **
02 00 04 00 C7 80 40 A7 01 66 54 55 ED 00 00 00 00 00 00 00 00 00 00 00 00 00 00 00 00 00 00 00 00 00 00 00 00 00 00 00 00 00 00 00 00 00 00 00 00 00 00 00 00 00 00 00 00 00 00 00 00 00 00 00 
--
--------- Request # 824 ----[IN]----

--
** Data **
00 00 00 00 00 00 00 00 00 00 00 EE 1C B6 
--
--------- Request # 825 ----[OUT]----

--
** Data **
01 00 A7 01 66 54 55 80 04 00 02 02 00 9B 25 00 00 00 2E 11 
--
--------- Request # 826 ----[OUT]----

--
** Data **
01 00 A7 01 66 54 55 80 04 00 02 02 00 9B 25 00 00 00 2E 11 
--
--------- Request # 832 ----[IN]----

--
** Data **
01 55 00 00 C7 80 40 A7 01 66 54 55 ED 00 00 00 00 00 00 00 00 00 00 00 00 00 00 00 00 00 00 00 00 00 00 00 00 00 00 00 00 00 00 00 00 00 00 00 00 00 00 00 00 00 00 00 00 00 00 00 00 00 00 00 
--
--------- Request # 833 ----[OUT]----

--
** Data **
03 00 
--
--------- Request # 834 ----[OUT]----

--
** Data **
03 00 
--
--------- Request # 840 ----[IN]----

--
** Data **
01 55 00 00 02 00 00 00 05 04 00 55 ED 00 00 00 00 00 00 00 00 00 00 00 00 00 00 00 00 00 00 00 00 00 00 00 00 00 00 00 00 00 00 00 00 00 00 00 00 00 00 00 00 00 00 00 00 00 00 00 00 00 00 00 
--
--------- Request # 841 ----[OUT]----

--
** Data **
03 00 
--
--------- Request # 842 ----[OUT]----

--
** Data **
03 00 
--
--------- Request # 848 ----[IN]----

--
** Data **
01 55 00 00 02 00 00 00 05 04 00 55 ED 00 00 00 00 00 00 00 00 00 00 00 00 00 00 00 00 00 00 00 00 00 00 00 00 00 00 00 00 00 00 00 00 00 00 00 00 00 00 00 00 00 00 00 00 00 00 00 00 00 00 00 
--
--------- Request # 849 ----[OUT]----

--
** Data **
03 00 
--
--------- Request # 850 ----[OUT]----

--
** Data **
03 00 
--
--------- Request # 856 ----[IN]----

--
** Data **
01 55 00 00 02 03 00 4E 05 04 00 55 ED 00 00 00 00 00 00 00 00 00 00 00 00 00 00 00 00 00 00 00 00 00 00 00 00 00 00 00 00 00 00 00 00 00 00 00 00 00 00 00 00 00 00 00 00 00 00 00 00 00 00 00 
--
--------- Request # 857 ----[OUT]----

--
** Data **
0C 00 00 4E 95 
--
--------- Request # 858 ----[OUT]----

--
** Data **
0C 00 00 4E 95 
--
--------- Request # 864 ----[IN]----

--
** Data **
02 00 04 00 C2 00 40 A7 01 66 54 55 2A 22 00 22 00 22 00 22 00 22 00 0E 00 22 00 22 00 22 00 22 00 22 00 22 00 22 00 10 00 22 00 22 00 22 00 22 00 22 00 0E 00 22 00 22 00 22 00 22 00 22 00 0E 
--
--------- Request # 868 ----[IN]----

--
** Data **
00 22 00 22 00 22 00 22 00 22 00 0E 00 0B 
--
--------- Request # 869 ----[OUT]----

--
** Data **
03 00 
--
--------- Request # 870 ----[OUT]----

--
** Data **
03 00 
--
--------- Request # 876 ----[IN]----

--
** Data **
01 55 00 00 02 01 00 8E 05 04 00 55 2A 22 00 22 00 22 00 22 00 22 00 0E 00 22 00 22 00 22 00 22 00 22 00 22 00 22 00 10 00 22 00 22 00 22 00 22 00 22 00 0E 00 22 00 22 00 22 00 22 00 22 00 0E 
--
--------- Request # 877 ----[OUT]----

--
** Data **
0C 00 00 8E 56 
--
--------- Request # 878 ----[OUT]----

--
** Data **
0C 00 00 8E 56 
--
--------- Request # 884 ----[IN]----

--
** Data **
02 00 04 00 C1 00 80 A7 01 66 54 55 85 22 00 22 00 22 00 22 00 22 00 0E 00 22 00 22 00 22 00 22 00 22 00 0E 00 22 00 22 00 22 00 22 00 22 00 22 00 22 00 10 00 22 00 22 00 22 00 22 00 22 00 0E 
--
--------- Request # 888 ----[IN]----

--
** Data **
00 22 00 22 00 22 00 22 00 22 00 0E 00 22 00 22 00 22 00 22 00 22 00 22 00 22 00 10 00 22 00 22 00 22 00 22 00 22 00 22 00 22 00 10 00 22 00 22 00 22 00 22 00 22 00 0E 00 22 00 22 00 22 00 22 
--
--------- Request # 892 ----[IN]----

--
** Data **
00 22 00 0E 00 22 00 22 00 22 00 22 00 10 
--
--------- Request # 893 ----[OUT]----

--
** Data **
03 00 
--
--------- Request # 894 ----[OUT]----

--
** Data **
03 00 
--
--------- Request # 900 ----[IN]----

--
** Data **
01 55 00 00 02 01 00 4E 05 04 00 55 85 22 00 22 00 22 00 22 00 22 00 0E 00 22 00 22 00 22 00 22 00 22 00 0E 00 22 00 22 00 22 00 22 00 22 00 22 00 22 00 10 00 22 00 22 00 22 00 22 00 22 00 0E 
--
--------- Request # 901 ----[OUT]----

--
** Data **
0C 00 00 4E 95 
--
--------- Request # 902 ----[OUT]----

--
** Data **
0C 00 00 4E 95 
--
--------- Request # 908 ----[IN]----

--
** Data **
02 00 04 00 C1 00 40 A7 01 66 54 55 16 22 00 22 00 22 00 10 00 22 00 22 00 22 00 22 00 22 00 0E 00 22 00 22 00 22 00 22 00 22 00 22 00 22 00 10 00 22 00 22 00 22 00 22 00 22 00 0E 00 22 00 22 
--
--------- Request # 912 ----[IN]----

--
** Data **
00 22 00 22 00 22 00 0E 00 22 00 22 00 98 
--
--------- Request # 913 ----[OUT]----

--
** Data **
03 00 
--
--------- Request # 914 ----[OUT]----

--
** Data **
03 00 
--
--------- Request # 920 ----[IN]----

--
** Data **
01 55 00 00 02 01 00 4E 05 04 00 55 16 22 00 22 00 22 00 10 00 22 00 22 00 22 00 22 00 22 00 0E 00 22 00 22 00 22 00 22 00 22 00 22 00 22 00 10 00 22 00 22 00 22 00 22 00 22 00 0E 00 22 00 22 
--
--------- Request # 921 ----[OUT]----

--
** Data **
0C 00 00 4E 95 
--
--------- Request # 922 ----[OUT]----

--
** Data **
0C 00 00 4E 95 
--
--------- Request # 928 ----[IN]----

--
** Data **
02 00 04 00 C1 00 40 A7 01 66 54 55 16 22 00 22 00 22 00 0E 00 22 00 22 00 22 00 22 00 22 00 22 00 22 00 10 00 22 00 22 00 22 00 22 00 22 00 0E 00 22 00 22 00 22 00 22 00 22 00 0E 00 22 00 22 
--
--------- Request # 932 ----[IN]----

--
** Data **
00 22 00 22 00 22 00 0E 00 22 00 22 00 F7 
--
--------- Request # 933 ----[OUT]----

--
** Data **
03 00 
--
--------- Request # 934 ----[OUT]----

--
** Data **
03 00 
--
--------- Request # 940 ----[IN]----

--
** Data **
01 55 00 00 02 01 00 4E 05 04 00 55 16 22 00 22 00 22 00 0E 00 22 00 22 00 22 00 22 00 22 00 22 00 22 00 10 00 22 00 22 00 22 00 22 00 22 00 0E 00 22 00 22 00 22 00 22 00 22 00 0E 00 22 00 22 
--
--------- Request # 941 ----[OUT]----

--
** Data **
0C 00 00 4E 95 
--
--------- Request # 942 ----[OUT]----

--
** Data **
0C 00 00 4E 95 
--
--------- Request # 948 ----[IN]----

--
** Data **
02 00 04 00 C1 00 40 A7 01 66 54 55 16 22 00 22 00 22 00 0E 00 22 00 22 00 22 00 22 00 22 00 22 00 22 00 10 00 22 00 22 00 22 00 22 00 22 00 0E 00 22 00 22 00 22 00 22 00 22 00 22 00 22 00 10 
--
--------- Request # 952 ----[IN]----

--
** Data **
00 22 00 22 00 22 00 22 00 22 00 0E 00 DA 
--
--------- Request # 953 ----[OUT]----

--
** Data **
03 00 
--
--------- Request # 954 ----[OUT]----

--
** Data **
03 00 
